{"level":"info","message":"ðŸ§ª Test runner executed on c:\\Users\\Gabriel\\Desktop\\ProyectosWollok\\GIT\\2025c2s2-granja-villa-gabrielkakazu","result":{"errored":0,"failed":0,"ok":1},"testsFailed":[],"timeElapsed":1357,"timestamp":"2025-10-07T19:01:34.853Z"}
{"level":"info","message":"âŒ› Building environment","timeElapsed":277,"timestamp":"2025-10-07T19:01:57.385Z"}
{"level":"error","message":"âœ˜ Completions for node Send ([72:15, 72:28] - personaje.wlk) failed: Error: [Send]{c52a3d} at personaje.wlk:72 exhausted all cases without a match [Send]{c52a3d} at personaje.wlk:72 exhausted all cases without a match","stack":"Error: [Send]{c52a3d} at personaje.wlk:72 exhausted all cases without a match\n    at c:\\Users\\Gabriel\\.vscode\\extensions\\uqbar.wollok-lsp-ide-0.5.3\\out\\server\\src\\server.js:38:6142\n    at D2 (c:\\Users\\Gabriel\\.vscode\\extensions\\uqbar.wollok-lsp-ide-0.5.3\\out\\server\\src\\server.js:2384:42)\n    at c:\\Users\\Gabriel\\.vscode\\extensions\\uqbar.wollok-lsp-ide-0.5.3\\out\\server\\src\\server.js:2384:2988\n    at c:\\Users\\Gabriel\\.vscode\\extensions\\uqbar.wollok-lsp-ide-0.5.3\\out\\server\\src\\server.js:2393:8440\n    at c:\\Users\\Gabriel\\.vscode\\extensions\\uqbar.wollok-lsp-ide-0.5.3\\out\\server\\src\\server.js:37:74872\n    at Ye (c:\\Users\\Gabriel\\.vscode\\extensions\\uqbar.wollok-lsp-ide-0.5.3\\out\\server\\src\\server.js:7:8527)\n    at qt (c:\\Users\\Gabriel\\.vscode\\extensions\\uqbar.wollok-lsp-ide-0.5.3\\out\\server\\src\\server.js:7:6189)\n    at ot (c:\\Users\\Gabriel\\.vscode\\extensions\\uqbar.wollok-lsp-ide-0.5.3\\out\\server\\src\\server.js:7:6378)\n    at Immediate._onImmediate (c:\\Users\\Gabriel\\.vscode\\extensions\\uqbar.wollok-lsp-ide-0.5.3\\out\\server\\src\\server.js:7:6142)\n    at process.processImmediate (node:internal/timers:485:21)","timestamp":"2025-10-07T19:01:57.598Z"}
{"level":"error","message":"âœ˜ Completions for node Return (undefined - personaje.wlk) failed: Error: [Return]{d1bb82} at personaje.wlk:-- exhausted all cases without a match [Return]{d1bb82} at personaje.wlk:-- exhausted all cases without a match","stack":"Error: [Return]{d1bb82} at personaje.wlk:-- exhausted all cases without a match\n    at c:\\Users\\Gabriel\\.vscode\\extensions\\uqbar.wollok-lsp-ide-0.5.3\\out\\server\\src\\server.js:38:6142\n    at D2 (c:\\Users\\Gabriel\\.vscode\\extensions\\uqbar.wollok-lsp-ide-0.5.3\\out\\server\\src\\server.js:2384:42)\n    at Qh (c:\\Users\\Gabriel\\.vscode\\extensions\\uqbar.wollok-lsp-ide-0.5.3\\out\\server\\src\\server.js:2384:1092)\n    at D2 (c:\\Users\\Gabriel\\.vscode\\extensions\\uqbar.wollok-lsp-ide-0.5.3\\out\\server\\src\\server.js:2384:544)\n    at c:\\Users\\Gabriel\\.vscode\\extensions\\uqbar.wollok-lsp-ide-0.5.3\\out\\server\\src\\server.js:2384:2988\n    at c:\\Users\\Gabriel\\.vscode\\extensions\\uqbar.wollok-lsp-ide-0.5.3\\out\\server\\src\\server.js:2393:8440\n    at c:\\Users\\Gabriel\\.vscode\\extensions\\uqbar.wollok-lsp-ide-0.5.3\\out\\server\\src\\server.js:37:74872\n    at Ye (c:\\Users\\Gabriel\\.vscode\\extensions\\uqbar.wollok-lsp-ide-0.5.3\\out\\server\\src\\server.js:7:8527)\n    at qt (c:\\Users\\Gabriel\\.vscode\\extensions\\uqbar.wollok-lsp-ide-0.5.3\\out\\server\\src\\server.js:7:6189)\n    at ot (c:\\Users\\Gabriel\\.vscode\\extensions\\uqbar.wollok-lsp-ide-0.5.3\\out\\server\\src\\server.js:7:6378)","timestamp":"2025-10-07T19:01:57.600Z"}
{"level":"info","message":"âŒ› Autocomplete - Send","timeElapsed":182,"timestamp":"2025-10-07T19:01:57.637Z"}
{"level":"info","message":"âŒ› Building environment","timeElapsed":227,"timestamp":"2025-10-07T19:01:57.868Z"}
{"level":"info","message":"âŒ› Building environment","timeElapsed":294,"timestamp":"2025-10-07T19:01:58.188Z"}
{"level":"info","message":"âŒ› Building environment","timeElapsed":253,"timestamp":"2025-10-07T19:01:58.442Z"}
{"level":"info","message":"âŒ› Validating personaje.wlk","timeElapsed":305,"timestamp":"2025-10-07T19:01:58.780Z"}
{"level":"info","message":"âŒ› Validating personaje.wlk","timeElapsed":353,"timestamp":"2025-10-07T19:01:59.145Z"}
{"level":"info","message":"âŒ› Validating personaje.wlk","timeElapsed":301,"timestamp":"2025-10-07T19:01:59.446Z"}
{"level":"info","message":"âŒ› Validating personaje.wlk","timeElapsed":266,"timestamp":"2025-10-07T19:01:59.718Z"}
{"level":"info","message":"âŒ› Validating personaje.wlk","timeElapsed":263,"timestamp":"2025-10-07T19:01:59.981Z"}
{"level":"info","message":"âŒ› Building environment","timeElapsed":264,"timestamp":"2025-10-07T19:02:02.735Z"}
{"level":"info","message":"âŒ› Validating personaje.wlk","timeElapsed":331,"timestamp":"2025-10-07T19:02:03.083Z"}
{"level":"info","message":"âŒ› Building environment","timeElapsed":264,"timestamp":"2025-10-07T19:02:03.423Z"}
{"level":"info","message":"âŒ› Validating personaje.wlk","timeElapsed":318,"timestamp":"2025-10-07T19:02:03.792Z"}
{"level":"info","message":"âŒ› Building environment","timeElapsed":204,"timestamp":"2025-10-07T19:02:04.569Z"}
{"level":"info","message":"âŒ› Validating personaje.wlk","timeElapsed":293,"timestamp":"2025-10-07T19:02:04.865Z"}
{"level":"info","message":"âŒ› Building environment","timeElapsed":234,"timestamp":"2025-10-07T19:02:05.217Z"}
{"level":"info","message":"âŒ› Validating personaje.wlk","timeElapsed":281,"timestamp":"2025-10-07T19:02:05.555Z"}
{"level":"info","message":"âŒ› Building environment","timeElapsed":239,"timestamp":"2025-10-07T19:02:06.464Z"}
{"level":"info","message":"âŒ› Validating personaje.wlk","timeElapsed":291,"timestamp":"2025-10-07T19:02:06.757Z"}
{"level":"info","message":"âŒ› Building environment","timeElapsed":329,"timestamp":"2025-10-07T19:02:11.682Z"}
{"level":"info","message":"âŒ› Building environment","timeElapsed":566,"timestamp":"2025-10-07T19:02:12.250Z"}
{"level":"info","message":"âŒ› Building environment","timeElapsed":251,"timestamp":"2025-10-07T19:02:12.502Z"}
{"level":"info","message":"âŒ› Validating personaje.wlk","timeElapsed":301,"timestamp":"2025-10-07T19:02:12.804Z"}
{"level":"info","message":"âŒ› Building environment","timeElapsed":307,"timestamp":"2025-10-07T19:02:13.118Z"}
{"level":"info","message":"âŒ› Building environment","timeElapsed":248,"timestamp":"2025-10-07T19:02:13.368Z"}
{"level":"info","message":"âŒ› Validating personaje.wlk","timeElapsed":321,"timestamp":"2025-10-07T19:02:13.690Z"}
{"level":"info","message":"âŒ› Building environment","timeElapsed":221,"timestamp":"2025-10-07T19:02:13.939Z"}
{"level":"error","message":"âœ˜ Completions for node Send ([78:15, 78:28] - personaje.wlk) failed: Error: [Send]{009e5f} at personaje.wlk:78 exhausted all cases without a match [Send]{009e5f} at personaje.wlk:78 exhausted all cases without a match","stack":"Error: [Send]{009e5f} at personaje.wlk:78 exhausted all cases without a match\n    at c:\\Users\\Gabriel\\.vscode\\extensions\\uqbar.wollok-lsp-ide-0.5.3\\out\\server\\src\\server.js:38:6142\n    at D2 (c:\\Users\\Gabriel\\.vscode\\extensions\\uqbar.wollok-lsp-ide-0.5.3\\out\\server\\src\\server.js:2384:42)\n    at c:\\Users\\Gabriel\\.vscode\\extensions\\uqbar.wollok-lsp-ide-0.5.3\\out\\server\\src\\server.js:2384:2988\n    at c:\\Users\\Gabriel\\.vscode\\extensions\\uqbar.wollok-lsp-ide-0.5.3\\out\\server\\src\\server.js:2393:8440\n    at c:\\Users\\Gabriel\\.vscode\\extensions\\uqbar.wollok-lsp-ide-0.5.3\\out\\server\\src\\server.js:37:74872\n    at Ye (c:\\Users\\Gabriel\\.vscode\\extensions\\uqbar.wollok-lsp-ide-0.5.3\\out\\server\\src\\server.js:7:8527)\n    at qt (c:\\Users\\Gabriel\\.vscode\\extensions\\uqbar.wollok-lsp-ide-0.5.3\\out\\server\\src\\server.js:7:6189)\n    at ot (c:\\Users\\Gabriel\\.vscode\\extensions\\uqbar.wollok-lsp-ide-0.5.3\\out\\server\\src\\server.js:7:6378)\n    at Immediate._onImmediate (c:\\Users\\Gabriel\\.vscode\\extensions\\uqbar.wollok-lsp-ide-0.5.3\\out\\server\\src\\server.js:7:6142)\n    at process.processImmediate (node:internal/timers:485:21)","timestamp":"2025-10-07T19:02:14.001Z"}
{"level":"error","message":"âœ˜ Completions for node Return (undefined - personaje.wlk) failed: Error: [Return]{0a402b} at personaje.wlk:-- exhausted all cases without a match [Return]{0a402b} at personaje.wlk:-- exhausted all cases without a match","stack":"Error: [Return]{0a402b} at personaje.wlk:-- exhausted all cases without a match\n    at c:\\Users\\Gabriel\\.vscode\\extensions\\uqbar.wollok-lsp-ide-0.5.3\\out\\server\\src\\server.js:38:6142\n    at D2 (c:\\Users\\Gabriel\\.vscode\\extensions\\uqbar.wollok-lsp-ide-0.5.3\\out\\server\\src\\server.js:2384:42)\n    at Qh (c:\\Users\\Gabriel\\.vscode\\extensions\\uqbar.wollok-lsp-ide-0.5.3\\out\\server\\src\\server.js:2384:1092)\n    at D2 (c:\\Users\\Gabriel\\.vscode\\extensions\\uqbar.wollok-lsp-ide-0.5.3\\out\\server\\src\\server.js:2384:544)\n    at c:\\Users\\Gabriel\\.vscode\\extensions\\uqbar.wollok-lsp-ide-0.5.3\\out\\server\\src\\server.js:2384:2988\n    at c:\\Users\\Gabriel\\.vscode\\extensions\\uqbar.wollok-lsp-ide-0.5.3\\out\\server\\src\\server.js:2393:8440\n    at c:\\Users\\Gabriel\\.vscode\\extensions\\uqbar.wollok-lsp-ide-0.5.3\\out\\server\\src\\server.js:37:74872\n    at Ye (c:\\Users\\Gabriel\\.vscode\\extensions\\uqbar.wollok-lsp-ide-0.5.3\\out\\server\\src\\server.js:7:8527)\n    at qt (c:\\Users\\Gabriel\\.vscode\\extensions\\uqbar.wollok-lsp-ide-0.5.3\\out\\server\\src\\server.js:7:6189)\n    at ot (c:\\Users\\Gabriel\\.vscode\\extensions\\uqbar.wollok-lsp-ide-0.5.3\\out\\server\\src\\server.js:7:6378)","timestamp":"2025-10-07T19:02:14.001Z"}
{"level":"info","message":"âŒ› Validating personaje.wlk","timeElapsed":417,"timestamp":"2025-10-07T19:02:14.435Z"}
{"level":"info","message":"âŒ› Building environment","timeElapsed":226,"timestamp":"2025-10-07T19:02:14.676Z"}
{"level":"info","message":"âŒ› Validating personaje.wlk","timeElapsed":285,"timestamp":"2025-10-07T19:02:14.962Z"}
{"level":"info","message":"âŒ› Building environment","timeElapsed":184,"timestamp":"2025-10-07T19:02:15.170Z"}
{"level":"info","message":"âŒ› Validating personaje.wlk","timeElapsed":281,"timestamp":"2025-10-07T19:02:15.452Z"}
{"level":"info","message":"âŒ› Building environment","timeElapsed":333,"timestamp":"2025-10-07T19:02:15.788Z"}
{"level":"info","message":"âŒ› Validating personaje.wlk","timeElapsed":350,"timestamp":"2025-10-07T19:02:16.186Z"}
{"level":"info","message":"âŒ› Building environment","timeElapsed":181,"timestamp":"2025-10-07T19:02:16.378Z"}
{"level":"info","message":"âŒ› Building environment","timeElapsed":291,"timestamp":"2025-10-07T19:02:16.698Z"}
{"level":"info","message":"âŒ› Building environment","timeElapsed":437,"timestamp":"2025-10-07T19:02:17.141Z"}
{"level":"info","message":"âŒ› Validating personaje.wlk","timeElapsed":499,"timestamp":"2025-10-07T19:02:17.726Z"}
{"level":"info","message":"âŒ› Validating personaje.wlk","timeElapsed":253,"timestamp":"2025-10-07T19:02:17.983Z"}
{"level":"info","message":"âŒ› Building environment","timeElapsed":219,"timestamp":"2025-10-07T19:02:18.212Z"}
{"level":"error","message":"âœ˜ Completions for node Send ([78:15, 78:29] - personaje.wlk) failed: Error: [Send]{2f5071} at personaje.wlk:78 exhausted all cases without a match [Send]{2f5071} at personaje.wlk:78 exhausted all cases without a match","stack":"Error: [Send]{2f5071} at personaje.wlk:78 exhausted all cases without a match\n    at c:\\Users\\Gabriel\\.vscode\\extensions\\uqbar.wollok-lsp-ide-0.5.3\\out\\server\\src\\server.js:38:6142\n    at D2 (c:\\Users\\Gabriel\\.vscode\\extensions\\uqbar.wollok-lsp-ide-0.5.3\\out\\server\\src\\server.js:2384:42)\n    at c:\\Users\\Gabriel\\.vscode\\extensions\\uqbar.wollok-lsp-ide-0.5.3\\out\\server\\src\\server.js:2384:2988\n    at c:\\Users\\Gabriel\\.vscode\\extensions\\uqbar.wollok-lsp-ide-0.5.3\\out\\server\\src\\server.js:2393:8440\n    at c:\\Users\\Gabriel\\.vscode\\extensions\\uqbar.wollok-lsp-ide-0.5.3\\out\\server\\src\\server.js:37:74872\n    at Ye (c:\\Users\\Gabriel\\.vscode\\extensions\\uqbar.wollok-lsp-ide-0.5.3\\out\\server\\src\\server.js:7:8527)\n    at qt (c:\\Users\\Gabriel\\.vscode\\extensions\\uqbar.wollok-lsp-ide-0.5.3\\out\\server\\src\\server.js:7:6189)\n    at ot (c:\\Users\\Gabriel\\.vscode\\extensions\\uqbar.wollok-lsp-ide-0.5.3\\out\\server\\src\\server.js:7:6378)\n    at Immediate._onImmediate (c:\\Users\\Gabriel\\.vscode\\extensions\\uqbar.wollok-lsp-ide-0.5.3\\out\\server\\src\\server.js:7:6142)\n    at process.processImmediate (node:internal/timers:485:21)","timestamp":"2025-10-07T19:02:18.281Z"}
{"level":"error","message":"âœ˜ Completions for node Return (undefined - personaje.wlk) failed: Error: [Return]{4195f7} at personaje.wlk:-- exhausted all cases without a match [Return]{4195f7} at personaje.wlk:-- exhausted all cases without a match","stack":"Error: [Return]{4195f7} at personaje.wlk:-- exhausted all cases without a match\n    at c:\\Users\\Gabriel\\.vscode\\extensions\\uqbar.wollok-lsp-ide-0.5.3\\out\\server\\src\\server.js:38:6142\n    at D2 (c:\\Users\\Gabriel\\.vscode\\extensions\\uqbar.wollok-lsp-ide-0.5.3\\out\\server\\src\\server.js:2384:42)\n    at Qh (c:\\Users\\Gabriel\\.vscode\\extensions\\uqbar.wollok-lsp-ide-0.5.3\\out\\server\\src\\server.js:2384:1092)\n    at D2 (c:\\Users\\Gabriel\\.vscode\\extensions\\uqbar.wollok-lsp-ide-0.5.3\\out\\server\\src\\server.js:2384:544)\n    at c:\\Users\\Gabriel\\.vscode\\extensions\\uqbar.wollok-lsp-ide-0.5.3\\out\\server\\src\\server.js:2384:2988\n    at c:\\Users\\Gabriel\\.vscode\\extensions\\uqbar.wollok-lsp-ide-0.5.3\\out\\server\\src\\server.js:2393:8440\n    at c:\\Users\\Gabriel\\.vscode\\extensions\\uqbar.wollok-lsp-ide-0.5.3\\out\\server\\src\\server.js:37:74872\n    at Ye (c:\\Users\\Gabriel\\.vscode\\extensions\\uqbar.wollok-lsp-ide-0.5.3\\out\\server\\src\\server.js:7:8527)\n    at qt (c:\\Users\\Gabriel\\.vscode\\extensions\\uqbar.wollok-lsp-ide-0.5.3\\out\\server\\src\\server.js:7:6189)\n    at ot (c:\\Users\\Gabriel\\.vscode\\extensions\\uqbar.wollok-lsp-ide-0.5.3\\out\\server\\src\\server.js:7:6378)","timestamp":"2025-10-07T19:02:18.281Z"}
{"level":"info","message":"âŒ› Validating personaje.wlk","timeElapsed":264,"timestamp":"2025-10-07T19:02:18.550Z"}
{"level":"info","message":"âŒ› Building environment","timeElapsed":229,"timestamp":"2025-10-07T19:02:18.781Z"}
{"level":"info","message":"âŒ› Building environment","timeElapsed":197,"timestamp":"2025-10-07T19:02:18.980Z"}
{"level":"info","message":"âŒ› Building environment","timeElapsed":210,"timestamp":"2025-10-07T19:02:19.191Z"}
{"level":"info","message":"âŒ› Validating personaje.wlk","timeElapsed":473,"timestamp":"2025-10-07T19:02:19.671Z"}
{"level":"info","message":"âŒ› Building environment","timeElapsed":332,"timestamp":"2025-10-07T19:02:20.005Z"}
{"level":"info","message":"âŒ› Validating personaje.wlk","timeElapsed":303,"timestamp":"2025-10-07T19:02:20.339Z"}
{"level":"info","message":"âŒ› Validating personaje.wlk","timeElapsed":265,"timestamp":"2025-10-07T19:02:20.609Z"}
{"level":"info","message":"âŒ› Validating personaje.wlk","timeElapsed":243,"timestamp":"2025-10-07T19:02:20.862Z"}
{"level":"info","message":"âŒ› Validating personaje.wlk","timeElapsed":265,"timestamp":"2025-10-07T19:02:21.128Z"}
{"level":"info","message":"âŒ› Validating personaje.wlk","timeElapsed":240,"timestamp":"2025-10-07T19:02:21.377Z"}
{"level":"info","message":"âŒ› Validating personaje.wlk","timeElapsed":304,"timestamp":"2025-10-07T19:02:21.685Z"}
{"level":"info","message":"âŒ› Validating personaje.wlk","timeElapsed":240,"timestamp":"2025-10-07T19:02:21.989Z"}
{"level":"info","message":"âŒ› Building environment","timeElapsed":258,"timestamp":"2025-10-07T19:06:58.467Z"}
{"level":"info","message":"âŒ› Validating tests.wtest","timeElapsed":496,"timestamp":"2025-10-07T19:06:58.964Z"}
{"level":"info","message":"âŒ› Building environment","timeElapsed":206,"timestamp":"2025-10-07T19:07:02.279Z"}
{"level":"error","message":"âœ˜ Completions for node Send ([12:24, 12:32] - tests.wtest) failed: Error: [Send]{7671d5} at tests.wtest:12 exhausted all cases without a match [Send]{7671d5} at tests.wtest:12 exhausted all cases without a match","stack":"Error: [Send]{7671d5} at tests.wtest:12 exhausted all cases without a match\n    at c:\\Users\\Gabriel\\.vscode\\extensions\\uqbar.wollok-lsp-ide-0.5.3\\out\\server\\src\\server.js:38:6142\n    at D2 (c:\\Users\\Gabriel\\.vscode\\extensions\\uqbar.wollok-lsp-ide-0.5.3\\out\\server\\src\\server.js:2384:42)\n    at c:\\Users\\Gabriel\\.vscode\\extensions\\uqbar.wollok-lsp-ide-0.5.3\\out\\server\\src\\server.js:2384:2988\n    at c:\\Users\\Gabriel\\.vscode\\extensions\\uqbar.wollok-lsp-ide-0.5.3\\out\\server\\src\\server.js:2393:8440\n    at c:\\Users\\Gabriel\\.vscode\\extensions\\uqbar.wollok-lsp-ide-0.5.3\\out\\server\\src\\server.js:37:74872\n    at Ye (c:\\Users\\Gabriel\\.vscode\\extensions\\uqbar.wollok-lsp-ide-0.5.3\\out\\server\\src\\server.js:7:8527)\n    at qt (c:\\Users\\Gabriel\\.vscode\\extensions\\uqbar.wollok-lsp-ide-0.5.3\\out\\server\\src\\server.js:7:6189)\n    at ot (c:\\Users\\Gabriel\\.vscode\\extensions\\uqbar.wollok-lsp-ide-0.5.3\\out\\server\\src\\server.js:7:6378)\n    at Immediate._onImmediate (c:\\Users\\Gabriel\\.vscode\\extensions\\uqbar.wollok-lsp-ide-0.5.3\\out\\server\\src\\server.js:7:6142)\n    at process.processImmediate (node:internal/timers:485:21)","timestamp":"2025-10-07T19:07:02.399Z"}
{"level":"error","message":"âœ˜ Completions for node Send ([12:4, 12:33] - tests.wtest) failed: Error: [Send]{83b7b9} at tests.wtest:12 exhausted all cases without a match [Send]{83b7b9} at tests.wtest:12 exhausted all cases without a match","stack":"Error: [Send]{83b7b9} at tests.wtest:12 exhausted all cases without a match\n    at c:\\Users\\Gabriel\\.vscode\\extensions\\uqbar.wollok-lsp-ide-0.5.3\\out\\server\\src\\server.js:38:6142\n    at D2 (c:\\Users\\Gabriel\\.vscode\\extensions\\uqbar.wollok-lsp-ide-0.5.3\\out\\server\\src\\server.js:2384:42)\n    at Qh (c:\\Users\\Gabriel\\.vscode\\extensions\\uqbar.wollok-lsp-ide-0.5.3\\out\\server\\src\\server.js:2384:1092)\n    at D2 (c:\\Users\\Gabriel\\.vscode\\extensions\\uqbar.wollok-lsp-ide-0.5.3\\out\\server\\src\\server.js:2384:544)\n    at c:\\Users\\Gabriel\\.vscode\\extensions\\uqbar.wollok-lsp-ide-0.5.3\\out\\server\\src\\server.js:2384:2988\n    at c:\\Users\\Gabriel\\.vscode\\extensions\\uqbar.wollok-lsp-ide-0.5.3\\out\\server\\src\\server.js:2393:8440\n    at c:\\Users\\Gabriel\\.vscode\\extensions\\uqbar.wollok-lsp-ide-0.5.3\\out\\server\\src\\server.js:37:74872\n    at Ye (c:\\Users\\Gabriel\\.vscode\\extensions\\uqbar.wollok-lsp-ide-0.5.3\\out\\server\\src\\server.js:7:8527)\n    at qt (c:\\Users\\Gabriel\\.vscode\\extensions\\uqbar.wollok-lsp-ide-0.5.3\\out\\server\\src\\server.js:7:6189)\n    at ot (c:\\Users\\Gabriel\\.vscode\\extensions\\uqbar.wollok-lsp-ide-0.5.3\\out\\server\\src\\server.js:7:6378)","timestamp":"2025-10-07T19:07:02.399Z"}
{"level":"info","message":"âŒ› Autocomplete - Send","timeElapsed":115,"timestamp":"2025-10-07T19:07:02.409Z"}
{"level":"info","message":"âŒ› Building environment","timeElapsed":206,"timestamp":"2025-10-07T19:07:02.618Z"}
{"level":"info","message":"âŒ› Validating tests.wtest","timeElapsed":374,"timestamp":"2025-10-07T19:07:02.993Z"}
{"level":"info","message":"âŒ› Building environment","timeElapsed":194,"timestamp":"2025-10-07T19:07:03.189Z"}
{"level":"error","message":"âœ˜ Completions for node Send ([12:24, 12:34] - tests.wtest) failed: Error: [Send]{448dac} at tests.wtest:12 exhausted all cases without a match [Send]{448dac} at tests.wtest:12 exhausted all cases without a match","stack":"Error: [Send]{448dac} at tests.wtest:12 exhausted all cases without a match\n    at c:\\Users\\Gabriel\\.vscode\\extensions\\uqbar.wollok-lsp-ide-0.5.3\\out\\server\\src\\server.js:38:6142\n    at D2 (c:\\Users\\Gabriel\\.vscode\\extensions\\uqbar.wollok-lsp-ide-0.5.3\\out\\server\\src\\server.js:2384:42)\n    at c:\\Users\\Gabriel\\.vscode\\extensions\\uqbar.wollok-lsp-ide-0.5.3\\out\\server\\src\\server.js:2384:2988\n    at c:\\Users\\Gabriel\\.vscode\\extensions\\uqbar.wollok-lsp-ide-0.5.3\\out\\server\\src\\server.js:2393:8440\n    at c:\\Users\\Gabriel\\.vscode\\extensions\\uqbar.wollok-lsp-ide-0.5.3\\out\\server\\src\\server.js:37:74872\n    at Ye (c:\\Users\\Gabriel\\.vscode\\extensions\\uqbar.wollok-lsp-ide-0.5.3\\out\\server\\src\\server.js:7:8527)\n    at qt (c:\\Users\\Gabriel\\.vscode\\extensions\\uqbar.wollok-lsp-ide-0.5.3\\out\\server\\src\\server.js:7:6189)\n    at ot (c:\\Users\\Gabriel\\.vscode\\extensions\\uqbar.wollok-lsp-ide-0.5.3\\out\\server\\src\\server.js:7:6378)\n    at Immediate._onImmediate (c:\\Users\\Gabriel\\.vscode\\extensions\\uqbar.wollok-lsp-ide-0.5.3\\out\\server\\src\\server.js:7:6142)\n    at process.processImmediate (node:internal/timers:485:21)","timestamp":"2025-10-07T19:07:03.328Z"}
{"level":"error","message":"âœ˜ Completions for node Send ([12:4, 12:35] - tests.wtest) failed: Error: [Send]{267611} at tests.wtest:12 exhausted all cases without a match [Send]{267611} at tests.wtest:12 exhausted all cases without a match","stack":"Error: [Send]{267611} at tests.wtest:12 exhausted all cases without a match\n    at c:\\Users\\Gabriel\\.vscode\\extensions\\uqbar.wollok-lsp-ide-0.5.3\\out\\server\\src\\server.js:38:6142\n    at D2 (c:\\Users\\Gabriel\\.vscode\\extensions\\uqbar.wollok-lsp-ide-0.5.3\\out\\server\\src\\server.js:2384:42)\n    at Qh (c:\\Users\\Gabriel\\.vscode\\extensions\\uqbar.wollok-lsp-ide-0.5.3\\out\\server\\src\\server.js:2384:1092)\n    at D2 (c:\\Users\\Gabriel\\.vscode\\extensions\\uqbar.wollok-lsp-ide-0.5.3\\out\\server\\src\\server.js:2384:544)\n    at c:\\Users\\Gabriel\\.vscode\\extensions\\uqbar.wollok-lsp-ide-0.5.3\\out\\server\\src\\server.js:2384:2988\n    at c:\\Users\\Gabriel\\.vscode\\extensions\\uqbar.wollok-lsp-ide-0.5.3\\out\\server\\src\\server.js:2393:8440\n    at c:\\Users\\Gabriel\\.vscode\\extensions\\uqbar.wollok-lsp-ide-0.5.3\\out\\server\\src\\server.js:37:74872\n    at Ye (c:\\Users\\Gabriel\\.vscode\\extensions\\uqbar.wollok-lsp-ide-0.5.3\\out\\server\\src\\server.js:7:8527)\n    at qt (c:\\Users\\Gabriel\\.vscode\\extensions\\uqbar.wollok-lsp-ide-0.5.3\\out\\server\\src\\server.js:7:6189)\n    at ot (c:\\Users\\Gabriel\\.vscode\\extensions\\uqbar.wollok-lsp-ide-0.5.3\\out\\server\\src\\server.js:7:6378)","timestamp":"2025-10-07T19:07:03.328Z"}
{"level":"info","message":"âŒ› Autocomplete - Send","timeElapsed":135,"timestamp":"2025-10-07T19:07:03.338Z"}
{"level":"error","message":"âœ˜ Validate text document error: TypeError: Cannot read properties of undefined (reading 'is') Cannot read properties of undefined (reading 'is')","stack":"TypeError: Cannot read properties of undefined (reading 'is')\n    at prn (c:\\Users\\Gabriel\\.vscode\\extensions\\uqbar.wollok-lsp-ide-0.5.3\\out\\server\\src\\server.js:57:12713)\n    at c:\\Users\\Gabriel\\.vscode\\extensions\\uqbar.wollok-lsp-ide-0.5.3\\out\\server\\src\\server.js:57:43413\n    at c:\\Users\\Gabriel\\.vscode\\extensions\\uqbar.wollok-lsp-ide-0.5.3\\out\\server\\src\\server.js:38:6131\n    at c:\\Users\\Gabriel\\.vscode\\extensions\\uqbar.wollok-lsp-ide-0.5.3\\out\\server\\src\\server.js:57:42876\n    at c:\\Users\\Gabriel\\.vscode\\extensions\\uqbar.wollok-lsp-ide-0.5.3\\out\\server\\src\\server.js:57:33817\n    at c:\\Users\\Gabriel\\.vscode\\extensions\\uqbar.wollok-lsp-ide-0.5.3\\out\\server\\src\\server.js:57:55944\n    at Array.map (<anonymous>)\n    at c:\\Users\\Gabriel\\.vscode\\extensions\\uqbar.wollok-lsp-ide-0.5.3\\out\\server\\src\\server.js:57:55931\n    at c (c:\\Users\\Gabriel\\.vscode\\extensions\\uqbar.wollok-lsp-ide-0.5.3\\out\\server\\src\\server.js:38:13207)\n    at c:\\Users\\Gabriel\\.vscode\\extensions\\uqbar.wollok-lsp-ide-0.5.3\\out\\server\\src\\server.js:38:13198","timestamp":"2025-10-07T19:07:03.626Z"}
{"level":"info","message":"âŒ› Validating tests.wtest","timeElapsed":286,"timestamp":"2025-10-07T19:07:03.627Z"}
{"level":"info","message":"âŒ› Building environment","timeElapsed":208,"timestamp":"2025-10-07T19:07:03.836Z"}
{"level":"info","message":"âŒ› Building environment","timeElapsed":207,"timestamp":"2025-10-07T19:07:04.084Z"}
{"level":"info","message":"âŒ› Building environment","timeElapsed":186,"timestamp":"2025-10-07T19:07:04.304Z"}
{"level":"info","message":"âŒ› Validating tests.wtest","timeElapsed":398,"timestamp":"2025-10-07T19:07:04.755Z"}
{"level":"info","message":"âŒ› Validating tests.wtest","timeElapsed":312,"timestamp":"2025-10-07T19:07:05.074Z"}
{"level":"info","message":"âŒ› Validating tests.wtest","timeElapsed":283,"timestamp":"2025-10-07T19:07:05.368Z"}
{"level":"info","message":"âŒ› Validating tests.wtest","timeElapsed":289,"timestamp":"2025-10-07T19:07:05.659Z"}
{"level":"info","message":"âŒ› Building environment","timeElapsed":253,"timestamp":"2025-10-07T19:07:06.892Z"}
{"level":"error","message":"âœ˜ Completions for node Send ([14:33, 14:41] - tests.wtest) failed: Error: [Send]{d4e536} at tests.wtest:14 exhausted all cases without a match [Send]{d4e536} at tests.wtest:14 exhausted all cases without a match","stack":"Error: [Send]{d4e536} at tests.wtest:14 exhausted all cases without a match\n    at c:\\Users\\Gabriel\\.vscode\\extensions\\uqbar.wollok-lsp-ide-0.5.3\\out\\server\\src\\server.js:38:6142\n    at D2 (c:\\Users\\Gabriel\\.vscode\\extensions\\uqbar.wollok-lsp-ide-0.5.3\\out\\server\\src\\server.js:2384:42)\n    at c:\\Users\\Gabriel\\.vscode\\extensions\\uqbar.wollok-lsp-ide-0.5.3\\out\\server\\src\\server.js:2384:2988\n    at c:\\Users\\Gabriel\\.vscode\\extensions\\uqbar.wollok-lsp-ide-0.5.3\\out\\server\\src\\server.js:2393:8440\n    at c:\\Users\\Gabriel\\.vscode\\extensions\\uqbar.wollok-lsp-ide-0.5.3\\out\\server\\src\\server.js:37:74872\n    at Ye (c:\\Users\\Gabriel\\.vscode\\extensions\\uqbar.wollok-lsp-ide-0.5.3\\out\\server\\src\\server.js:7:8527)\n    at qt (c:\\Users\\Gabriel\\.vscode\\extensions\\uqbar.wollok-lsp-ide-0.5.3\\out\\server\\src\\server.js:7:6189)\n    at ot (c:\\Users\\Gabriel\\.vscode\\extensions\\uqbar.wollok-lsp-ide-0.5.3\\out\\server\\src\\server.js:7:6378)\n    at Immediate._onImmediate (c:\\Users\\Gabriel\\.vscode\\extensions\\uqbar.wollok-lsp-ide-0.5.3\\out\\server\\src\\server.js:7:6142)\n    at process.processImmediate (node:internal/timers:485:21)","timestamp":"2025-10-07T19:07:06.969Z"}
{"level":"error","message":"âœ˜ Completions for node Send ([14:17, 14:42] - tests.wtest) failed: Error: [Send]{7a7bf3} at tests.wtest:14 exhausted all cases without a match [Send]{7a7bf3} at tests.wtest:14 exhausted all cases without a match","stack":"Error: [Send]{7a7bf3} at tests.wtest:14 exhausted all cases without a match\n    at c:\\Users\\Gabriel\\.vscode\\extensions\\uqbar.wollok-lsp-ide-0.5.3\\out\\server\\src\\server.js:38:6142\n    at D2 (c:\\Users\\Gabriel\\.vscode\\extensions\\uqbar.wollok-lsp-ide-0.5.3\\out\\server\\src\\server.js:2384:42)\n    at Qh (c:\\Users\\Gabriel\\.vscode\\extensions\\uqbar.wollok-lsp-ide-0.5.3\\out\\server\\src\\server.js:2384:1092)\n    at D2 (c:\\Users\\Gabriel\\.vscode\\extensions\\uqbar.wollok-lsp-ide-0.5.3\\out\\server\\src\\server.js:2384:544)\n    at c:\\Users\\Gabriel\\.vscode\\extensions\\uqbar.wollok-lsp-ide-0.5.3\\out\\server\\src\\server.js:2384:2988\n    at c:\\Users\\Gabriel\\.vscode\\extensions\\uqbar.wollok-lsp-ide-0.5.3\\out\\server\\src\\server.js:2393:8440\n    at c:\\Users\\Gabriel\\.vscode\\extensions\\uqbar.wollok-lsp-ide-0.5.3\\out\\server\\src\\server.js:37:74872\n    at Ye (c:\\Users\\Gabriel\\.vscode\\extensions\\uqbar.wollok-lsp-ide-0.5.3\\out\\server\\src\\server.js:7:8527)\n    at qt (c:\\Users\\Gabriel\\.vscode\\extensions\\uqbar.wollok-lsp-ide-0.5.3\\out\\server\\src\\server.js:7:6189)\n    at ot (c:\\Users\\Gabriel\\.vscode\\extensions\\uqbar.wollok-lsp-ide-0.5.3\\out\\server\\src\\server.js:7:6378)","timestamp":"2025-10-07T19:07:06.970Z"}
{"level":"error","message":"âœ˜ Completions for node Send ([14:4, 14:43] - tests.wtest) failed: Error: [Send]{3309df} at tests.wtest:14 exhausted all cases without a match [Send]{3309df} at tests.wtest:14 exhausted all cases without a match","stack":"Error: [Send]{3309df} at tests.wtest:14 exhausted all cases without a match\n    at c:\\Users\\Gabriel\\.vscode\\extensions\\uqbar.wollok-lsp-ide-0.5.3\\out\\server\\src\\server.js:38:6142\n    at D2 (c:\\Users\\Gabriel\\.vscode\\extensions\\uqbar.wollok-lsp-ide-0.5.3\\out\\server\\src\\server.js:2384:42)\n    at Qh (c:\\Users\\Gabriel\\.vscode\\extensions\\uqbar.wollok-lsp-ide-0.5.3\\out\\server\\src\\server.js:2384:1092)\n    at D2 (c:\\Users\\Gabriel\\.vscode\\extensions\\uqbar.wollok-lsp-ide-0.5.3\\out\\server\\src\\server.js:2384:544)\n    at Qh (c:\\Users\\Gabriel\\.vscode\\extensions\\uqbar.wollok-lsp-ide-0.5.3\\out\\server\\src\\server.js:2384:1092)\n    at D2 (c:\\Users\\Gabriel\\.vscode\\extensions\\uqbar.wollok-lsp-ide-0.5.3\\out\\server\\src\\server.js:2384:544)\n    at c:\\Users\\Gabriel\\.vscode\\extensions\\uqbar.wollok-lsp-ide-0.5.3\\out\\server\\src\\server.js:2384:2988\n    at c:\\Users\\Gabriel\\.vscode\\extensions\\uqbar.wollok-lsp-ide-0.5.3\\out\\server\\src\\server.js:2393:8440\n    at c:\\Users\\Gabriel\\.vscode\\extensions\\uqbar.wollok-lsp-ide-0.5.3\\out\\server\\src\\server.js:37:74872\n    at Ye (c:\\Users\\Gabriel\\.vscode\\extensions\\uqbar.wollok-lsp-ide-0.5.3\\out\\server\\src\\server.js:7:8527)","timestamp":"2025-10-07T19:07:06.971Z"}
{"level":"info","message":"âŒ› Building environment","timeElapsed":221,"timestamp":"2025-10-07T19:07:07.202Z"}
{"level":"info","message":"âŒ› Validating tests.wtest","timeElapsed":417,"timestamp":"2025-10-07T19:07:07.621Z"}
{"level":"info","message":"âŒ› Building environment","timeElapsed":207,"timestamp":"2025-10-07T19:07:07.838Z"}
{"level":"info","message":"âŒ› Building environment","timeElapsed":208,"timestamp":"2025-10-07T19:07:08.049Z"}
{"level":"error","message":"âœ˜ Completions for node Send ([14:33, 14:44] - tests.wtest) failed: Error: [Send]{99eb7a} at tests.wtest:14 exhausted all cases without a match [Send]{99eb7a} at tests.wtest:14 exhausted all cases without a match","stack":"Error: [Send]{99eb7a} at tests.wtest:14 exhausted all cases without a match\n    at c:\\Users\\Gabriel\\.vscode\\extensions\\uqbar.wollok-lsp-ide-0.5.3\\out\\server\\src\\server.js:38:6142\n    at D2 (c:\\Users\\Gabriel\\.vscode\\extensions\\uqbar.wollok-lsp-ide-0.5.3\\out\\server\\src\\server.js:2384:42)\n    at c:\\Users\\Gabriel\\.vscode\\extensions\\uqbar.wollok-lsp-ide-0.5.3\\out\\server\\src\\server.js:2384:2988\n    at c:\\Users\\Gabriel\\.vscode\\extensions\\uqbar.wollok-lsp-ide-0.5.3\\out\\server\\src\\server.js:2393:8440\n    at c:\\Users\\Gabriel\\.vscode\\extensions\\uqbar.wollok-lsp-ide-0.5.3\\out\\server\\src\\server.js:37:74872\n    at Ye (c:\\Users\\Gabriel\\.vscode\\extensions\\uqbar.wollok-lsp-ide-0.5.3\\out\\server\\src\\server.js:7:8527)\n    at qt (c:\\Users\\Gabriel\\.vscode\\extensions\\uqbar.wollok-lsp-ide-0.5.3\\out\\server\\src\\server.js:7:6189)\n    at ot (c:\\Users\\Gabriel\\.vscode\\extensions\\uqbar.wollok-lsp-ide-0.5.3\\out\\server\\src\\server.js:7:6378)\n    at Immediate._onImmediate (c:\\Users\\Gabriel\\.vscode\\extensions\\uqbar.wollok-lsp-ide-0.5.3\\out\\server\\src\\server.js:7:6142)\n    at process.processImmediate (node:internal/timers:485:21)","timestamp":"2025-10-07T19:07:08.100Z"}
{"level":"error","message":"âœ˜ Completions for node Send ([14:17, 14:45] - tests.wtest) failed: Error: [Send]{cb6012} at tests.wtest:14 exhausted all cases without a match [Send]{cb6012} at tests.wtest:14 exhausted all cases without a match","stack":"Error: [Send]{cb6012} at tests.wtest:14 exhausted all cases without a match\n    at c:\\Users\\Gabriel\\.vscode\\extensions\\uqbar.wollok-lsp-ide-0.5.3\\out\\server\\src\\server.js:38:6142\n    at D2 (c:\\Users\\Gabriel\\.vscode\\extensions\\uqbar.wollok-lsp-ide-0.5.3\\out\\server\\src\\server.js:2384:42)\n    at Qh (c:\\Users\\Gabriel\\.vscode\\extensions\\uqbar.wollok-lsp-ide-0.5.3\\out\\server\\src\\server.js:2384:1092)\n    at D2 (c:\\Users\\Gabriel\\.vscode\\extensions\\uqbar.wollok-lsp-ide-0.5.3\\out\\server\\src\\server.js:2384:544)\n    at c:\\Users\\Gabriel\\.vscode\\extensions\\uqbar.wollok-lsp-ide-0.5.3\\out\\server\\src\\server.js:2384:2988\n    at c:\\Users\\Gabriel\\.vscode\\extensions\\uqbar.wollok-lsp-ide-0.5.3\\out\\server\\src\\server.js:2393:8440\n    at c:\\Users\\Gabriel\\.vscode\\extensions\\uqbar.wollok-lsp-ide-0.5.3\\out\\server\\src\\server.js:37:74872\n    at Ye (c:\\Users\\Gabriel\\.vscode\\extensions\\uqbar.wollok-lsp-ide-0.5.3\\out\\server\\src\\server.js:7:8527)\n    at qt (c:\\Users\\Gabriel\\.vscode\\extensions\\uqbar.wollok-lsp-ide-0.5.3\\out\\server\\src\\server.js:7:6189)\n    at ot (c:\\Users\\Gabriel\\.vscode\\extensions\\uqbar.wollok-lsp-ide-0.5.3\\out\\server\\src\\server.js:7:6378)","timestamp":"2025-10-07T19:07:08.100Z"}
{"level":"error","message":"âœ˜ Completions for node Send ([14:4, 14:46] - tests.wtest) failed: Error: [Send]{0a167e} at tests.wtest:14 exhausted all cases without a match [Send]{0a167e} at tests.wtest:14 exhausted all cases without a match","stack":"Error: [Send]{0a167e} at tests.wtest:14 exhausted all cases without a match\n    at c:\\Users\\Gabriel\\.vscode\\extensions\\uqbar.wollok-lsp-ide-0.5.3\\out\\server\\src\\server.js:38:6142\n    at D2 (c:\\Users\\Gabriel\\.vscode\\extensions\\uqbar.wollok-lsp-ide-0.5.3\\out\\server\\src\\server.js:2384:42)\n    at Qh (c:\\Users\\Gabriel\\.vscode\\extensions\\uqbar.wollok-lsp-ide-0.5.3\\out\\server\\src\\server.js:2384:1092)\n    at D2 (c:\\Users\\Gabriel\\.vscode\\extensions\\uqbar.wollok-lsp-ide-0.5.3\\out\\server\\src\\server.js:2384:544)\n    at Qh (c:\\Users\\Gabriel\\.vscode\\extensions\\uqbar.wollok-lsp-ide-0.5.3\\out\\server\\src\\server.js:2384:1092)\n    at D2 (c:\\Users\\Gabriel\\.vscode\\extensions\\uqbar.wollok-lsp-ide-0.5.3\\out\\server\\src\\server.js:2384:544)\n    at c:\\Users\\Gabriel\\.vscode\\extensions\\uqbar.wollok-lsp-ide-0.5.3\\out\\server\\src\\server.js:2384:2988\n    at c:\\Users\\Gabriel\\.vscode\\extensions\\uqbar.wollok-lsp-ide-0.5.3\\out\\server\\src\\server.js:2393:8440\n    at c:\\Users\\Gabriel\\.vscode\\extensions\\uqbar.wollok-lsp-ide-0.5.3\\out\\server\\src\\server.js:37:74872\n    at Ye (c:\\Users\\Gabriel\\.vscode\\extensions\\uqbar.wollok-lsp-ide-0.5.3\\out\\server\\src\\server.js:7:8527)","timestamp":"2025-10-07T19:07:08.100Z"}
{"level":"error","message":"âœ˜ Validate text document error: TypeError: Cannot read properties of undefined (reading 'is') Cannot read properties of undefined (reading 'is')","stack":"TypeError: Cannot read properties of undefined (reading 'is')\n    at prn (c:\\Users\\Gabriel\\.vscode\\extensions\\uqbar.wollok-lsp-ide-0.5.3\\out\\server\\src\\server.js:57:12713)\n    at c:\\Users\\Gabriel\\.vscode\\extensions\\uqbar.wollok-lsp-ide-0.5.3\\out\\server\\src\\server.js:57:43413\n    at c:\\Users\\Gabriel\\.vscode\\extensions\\uqbar.wollok-lsp-ide-0.5.3\\out\\server\\src\\server.js:38:6131\n    at c:\\Users\\Gabriel\\.vscode\\extensions\\uqbar.wollok-lsp-ide-0.5.3\\out\\server\\src\\server.js:57:42876\n    at c:\\Users\\Gabriel\\.vscode\\extensions\\uqbar.wollok-lsp-ide-0.5.3\\out\\server\\src\\server.js:57:33817\n    at c:\\Users\\Gabriel\\.vscode\\extensions\\uqbar.wollok-lsp-ide-0.5.3\\out\\server\\src\\server.js:57:55944\n    at Array.map (<anonymous>)\n    at c:\\Users\\Gabriel\\.vscode\\extensions\\uqbar.wollok-lsp-ide-0.5.3\\out\\server\\src\\server.js:57:55931\n    at c (c:\\Users\\Gabriel\\.vscode\\extensions\\uqbar.wollok-lsp-ide-0.5.3\\out\\server\\src\\server.js:38:13207)\n    at c:\\Users\\Gabriel\\.vscode\\extensions\\uqbar.wollok-lsp-ide-0.5.3\\out\\server\\src\\server.js:38:13198","timestamp":"2025-10-07T19:07:08.650Z"}
{"level":"info","message":"âŒ› Validating tests.wtest","timeElapsed":545,"timestamp":"2025-10-07T19:07:08.651Z"}
{"level":"info","message":"âŒ› Building environment","timeElapsed":403,"timestamp":"2025-10-07T19:07:09.103Z"}
{"level":"info","message":"âŒ› Validating tests.wtest","timeElapsed":482,"timestamp":"2025-10-07T19:07:09.620Z"}
{"level":"info","message":"âŒ› Building environment","timeElapsed":224,"timestamp":"2025-10-07T19:07:09.856Z"}
{"level":"info","message":"âŒ› Validating tests.wtest","timeElapsed":310,"timestamp":"2025-10-07T19:07:10.167Z"}
{"level":"info","message":"âŒ› Building environment","timeElapsed":233,"timestamp":"2025-10-07T19:07:10.472Z"}
{"level":"error","message":"âœ˜ Completions for node Send ([14:33, 14:45] - tests.wtest) failed: Error: [Send]{9688ab} at tests.wtest:14 exhausted all cases without a match [Send]{9688ab} at tests.wtest:14 exhausted all cases without a match","stack":"Error: [Send]{9688ab} at tests.wtest:14 exhausted all cases without a match\n    at c:\\Users\\Gabriel\\.vscode\\extensions\\uqbar.wollok-lsp-ide-0.5.3\\out\\server\\src\\server.js:38:6142\n    at D2 (c:\\Users\\Gabriel\\.vscode\\extensions\\uqbar.wollok-lsp-ide-0.5.3\\out\\server\\src\\server.js:2384:42)\n    at c:\\Users\\Gabriel\\.vscode\\extensions\\uqbar.wollok-lsp-ide-0.5.3\\out\\server\\src\\server.js:2384:2988\n    at c:\\Users\\Gabriel\\.vscode\\extensions\\uqbar.wollok-lsp-ide-0.5.3\\out\\server\\src\\server.js:2393:8440\n    at c:\\Users\\Gabriel\\.vscode\\extensions\\uqbar.wollok-lsp-ide-0.5.3\\out\\server\\src\\server.js:37:74872\n    at Ye (c:\\Users\\Gabriel\\.vscode\\extensions\\uqbar.wollok-lsp-ide-0.5.3\\out\\server\\src\\server.js:7:8527)\n    at qt (c:\\Users\\Gabriel\\.vscode\\extensions\\uqbar.wollok-lsp-ide-0.5.3\\out\\server\\src\\server.js:7:6189)\n    at ot (c:\\Users\\Gabriel\\.vscode\\extensions\\uqbar.wollok-lsp-ide-0.5.3\\out\\server\\src\\server.js:7:6378)\n    at Immediate._onImmediate (c:\\Users\\Gabriel\\.vscode\\extensions\\uqbar.wollok-lsp-ide-0.5.3\\out\\server\\src\\server.js:7:6142)\n    at process.processImmediate (node:internal/timers:485:21)","timestamp":"2025-10-07T19:07:10.520Z"}
{"level":"error","message":"âœ˜ Completions for node Send ([14:17, 14:46] - tests.wtest) failed: Error: [Send]{8074b5} at tests.wtest:14 exhausted all cases without a match [Send]{8074b5} at tests.wtest:14 exhausted all cases without a match","stack":"Error: [Send]{8074b5} at tests.wtest:14 exhausted all cases without a match\n    at c:\\Users\\Gabriel\\.vscode\\extensions\\uqbar.wollok-lsp-ide-0.5.3\\out\\server\\src\\server.js:38:6142\n    at D2 (c:\\Users\\Gabriel\\.vscode\\extensions\\uqbar.wollok-lsp-ide-0.5.3\\out\\server\\src\\server.js:2384:42)\n    at Qh (c:\\Users\\Gabriel\\.vscode\\extensions\\uqbar.wollok-lsp-ide-0.5.3\\out\\server\\src\\server.js:2384:1092)\n    at D2 (c:\\Users\\Gabriel\\.vscode\\extensions\\uqbar.wollok-lsp-ide-0.5.3\\out\\server\\src\\server.js:2384:544)\n    at c:\\Users\\Gabriel\\.vscode\\extensions\\uqbar.wollok-lsp-ide-0.5.3\\out\\server\\src\\server.js:2384:2988\n    at c:\\Users\\Gabriel\\.vscode\\extensions\\uqbar.wollok-lsp-ide-0.5.3\\out\\server\\src\\server.js:2393:8440\n    at c:\\Users\\Gabriel\\.vscode\\extensions\\uqbar.wollok-lsp-ide-0.5.3\\out\\server\\src\\server.js:37:74872\n    at Ye (c:\\Users\\Gabriel\\.vscode\\extensions\\uqbar.wollok-lsp-ide-0.5.3\\out\\server\\src\\server.js:7:8527)\n    at qt (c:\\Users\\Gabriel\\.vscode\\extensions\\uqbar.wollok-lsp-ide-0.5.3\\out\\server\\src\\server.js:7:6189)\n    at ot (c:\\Users\\Gabriel\\.vscode\\extensions\\uqbar.wollok-lsp-ide-0.5.3\\out\\server\\src\\server.js:7:6378)","timestamp":"2025-10-07T19:07:10.521Z"}
{"level":"error","message":"âœ˜ Completions for node Send ([14:4, 14:47] - tests.wtest) failed: Error: [Send]{912090} at tests.wtest:14 exhausted all cases without a match [Send]{912090} at tests.wtest:14 exhausted all cases without a match","stack":"Error: [Send]{912090} at tests.wtest:14 exhausted all cases without a match\n    at c:\\Users\\Gabriel\\.vscode\\extensions\\uqbar.wollok-lsp-ide-0.5.3\\out\\server\\src\\server.js:38:6142\n    at D2 (c:\\Users\\Gabriel\\.vscode\\extensions\\uqbar.wollok-lsp-ide-0.5.3\\out\\server\\src\\server.js:2384:42)\n    at Qh (c:\\Users\\Gabriel\\.vscode\\extensions\\uqbar.wollok-lsp-ide-0.5.3\\out\\server\\src\\server.js:2384:1092)\n    at D2 (c:\\Users\\Gabriel\\.vscode\\extensions\\uqbar.wollok-lsp-ide-0.5.3\\out\\server\\src\\server.js:2384:544)\n    at Qh (c:\\Users\\Gabriel\\.vscode\\extensions\\uqbar.wollok-lsp-ide-0.5.3\\out\\server\\src\\server.js:2384:1092)\n    at D2 (c:\\Users\\Gabriel\\.vscode\\extensions\\uqbar.wollok-lsp-ide-0.5.3\\out\\server\\src\\server.js:2384:544)\n    at c:\\Users\\Gabriel\\.vscode\\extensions\\uqbar.wollok-lsp-ide-0.5.3\\out\\server\\src\\server.js:2384:2988\n    at c:\\Users\\Gabriel\\.vscode\\extensions\\uqbar.wollok-lsp-ide-0.5.3\\out\\server\\src\\server.js:2393:8440\n    at c:\\Users\\Gabriel\\.vscode\\extensions\\uqbar.wollok-lsp-ide-0.5.3\\out\\server\\src\\server.js:37:74872\n    at Ye (c:\\Users\\Gabriel\\.vscode\\extensions\\uqbar.wollok-lsp-ide-0.5.3\\out\\server\\src\\server.js:7:8527)","timestamp":"2025-10-07T19:07:10.521Z"}
{"level":"info","message":"âŒ› Building environment","timeElapsed":190,"timestamp":"2025-10-07T19:07:10.720Z"}
{"level":"info","message":"âŒ› Validating tests.wtest","timeElapsed":290,"timestamp":"2025-10-07T19:07:11.025Z"}
{"level":"info","message":"âŒ› Validating tests.wtest","timeElapsed":323,"timestamp":"2025-10-07T19:07:11.357Z"}
{"level":"info","message":"âŒ› Validating tests.wtest","timeElapsed":376,"timestamp":"2025-10-07T19:07:11.822Z"}
{"level":"info","message":"âŒ› Validating tests.wtest","timeElapsed":405,"timestamp":"2025-10-07T19:07:12.234Z"}
{"level":"info","message":"âŒ› Building environment","timeElapsed":294,"timestamp":"2025-10-07T19:07:12.921Z"}
{"level":"error","message":"âœ˜ Completions for node Send ([13:4, 13:25] - tests.wtest) failed: Error: [Send]{970acd} at tests.wtest:13 exhausted all cases without a match [Send]{970acd} at tests.wtest:13 exhausted all cases without a match","stack":"Error: [Send]{970acd} at tests.wtest:13 exhausted all cases without a match\n    at c:\\Users\\Gabriel\\.vscode\\extensions\\uqbar.wollok-lsp-ide-0.5.3\\out\\server\\src\\server.js:38:6142\n    at D2 (c:\\Users\\Gabriel\\.vscode\\extensions\\uqbar.wollok-lsp-ide-0.5.3\\out\\server\\src\\server.js:2384:42)\n    at Qh (c:\\Users\\Gabriel\\.vscode\\extensions\\uqbar.wollok-lsp-ide-0.5.3\\out\\server\\src\\server.js:2384:1092)\n    at k6n (c:\\Users\\Gabriel\\.vscode\\extensions\\uqbar.wollok-lsp-ide-0.5.3\\out\\server\\src\\server.js:2384:1248)\n    at c:\\Users\\Gabriel\\.vscode\\extensions\\uqbar.wollok-lsp-ide-0.5.3\\out\\server\\src\\server.js:38:6131\n    at D2 (c:\\Users\\Gabriel\\.vscode\\extensions\\uqbar.wollok-lsp-ide-0.5.3\\out\\server\\src\\server.js:2384:42)\n    at c:\\Users\\Gabriel\\.vscode\\extensions\\uqbar.wollok-lsp-ide-0.5.3\\out\\server\\src\\server.js:2384:2988\n    at c:\\Users\\Gabriel\\.vscode\\extensions\\uqbar.wollok-lsp-ide-0.5.3\\out\\server\\src\\server.js:2393:8440\n    at c:\\Users\\Gabriel\\.vscode\\extensions\\uqbar.wollok-lsp-ide-0.5.3\\out\\server\\src\\server.js:37:74872\n    at Ye (c:\\Users\\Gabriel\\.vscode\\extensions\\uqbar.wollok-lsp-ide-0.5.3\\out\\server\\src\\server.js:7:8527)","timestamp":"2025-10-07T19:07:13.002Z"}
{"level":"info","message":"âŒ› Building environment","timeElapsed":201,"timestamp":"2025-10-07T19:07:13.233Z"}
{"level":"info","message":"âŒ› Validating tests.wtest","timeElapsed":439,"timestamp":"2025-10-07T19:07:13.717Z"}
{"level":"info","message":"âŒ› Building environment","timeElapsed":201,"timestamp":"2025-10-07T19:07:14.010Z"}
{"level":"info","message":"âŒ› Validating tests.wtest","timeElapsed":333,"timestamp":"2025-10-07T19:07:14.356Z"}
{"level":"info","message":"âŒ› Building environment","timeElapsed":192,"timestamp":"2025-10-07T19:07:14.549Z"}
{"level":"info","message":"âŒ› Validating tests.wtest","timeElapsed":391,"timestamp":"2025-10-07T19:07:14.957Z"}
{"level":"info","message":"âŒ› Validating tests.wtest","timeElapsed":368,"timestamp":"2025-10-07T19:07:15.336Z"}
{"level":"info","message":"âŒ› Building environment","timeElapsed":213,"timestamp":"2025-10-07T19:07:15.934Z"}
{"level":"info","message":"âŒ› Building environment","timeElapsed":221,"timestamp":"2025-10-07T19:07:16.156Z"}
{"level":"info","message":"âŒ› Validating tests.wtest","timeElapsed":360,"timestamp":"2025-10-07T19:07:16.517Z"}
{"level":"info","message":"âŒ› Validating tests.wtest","timeElapsed":367,"timestamp":"2025-10-07T19:07:16.885Z"}
{"level":"info","message":"âŒ› Building environment","timeElapsed":194,"timestamp":"2025-10-07T19:07:17.100Z"}
{"level":"info","message":"âŒ› Building environment","timeElapsed":223,"timestamp":"2025-10-07T19:07:17.423Z"}
{"level":"info","message":"âŒ› Building environment","timeElapsed":289,"timestamp":"2025-10-07T19:07:17.756Z"}
{"level":"info","message":"âŒ› Building environment","timeElapsed":247,"timestamp":"2025-10-07T19:07:18.036Z"}
{"level":"info","message":"âŒ› Validating tests.wtest","timeElapsed":449,"timestamp":"2025-10-07T19:07:18.489Z"}
{"level":"info","message":"âŒ› Building environment","timeElapsed":386,"timestamp":"2025-10-07T19:07:18.878Z"}
{"level":"info","message":"âŒ› Building environment","timeElapsed":327,"timestamp":"2025-10-07T19:07:19.210Z"}
{"level":"info","message":"âŒ› Validating tests.wtest","timeElapsed":366,"timestamp":"2025-10-07T19:07:19.579Z"}
{"level":"info","message":"âŒ› Validating tests.wtest","timeElapsed":334,"timestamp":"2025-10-07T19:07:19.924Z"}
{"level":"info","message":"âŒ› Validating tests.wtest","timeElapsed":336,"timestamp":"2025-10-07T19:07:20.269Z"}
{"level":"info","message":"âŒ› Building environment","timeElapsed":180,"timestamp":"2025-10-07T19:07:20.450Z"}
{"level":"info","message":"âŒ› Building environment","timeElapsed":203,"timestamp":"2025-10-07T19:07:20.654Z"}
{"level":"error","message":"âœ˜ Completions for node Variable ([15:5, 15:13] - tests.wtest) failed: Error: ma [Variable]{7e37bd} at tests.wtest:15 exhausted all cases without a match ma [Variable]{7e37bd} at tests.wtest:15 exhausted all cases without a match","stack":"Error: ma [Variable]{7e37bd} at tests.wtest:15 exhausted all cases without a match\n    at c:\\Users\\Gabriel\\.vscode\\extensions\\uqbar.wollok-lsp-ide-0.5.3\\out\\server\\src\\server.js:38:6142\n    at D2 (c:\\Users\\Gabriel\\.vscode\\extensions\\uqbar.wollok-lsp-ide-0.5.3\\out\\server\\src\\server.js:2384:42)\n    at c:\\Users\\Gabriel\\.vscode\\extensions\\uqbar.wollok-lsp-ide-0.5.3\\out\\server\\src\\server.js:2384:2988\n    at c:\\Users\\Gabriel\\.vscode\\extensions\\uqbar.wollok-lsp-ide-0.5.3\\out\\server\\src\\server.js:2393:8440\n    at c:\\Users\\Gabriel\\.vscode\\extensions\\uqbar.wollok-lsp-ide-0.5.3\\out\\server\\src\\server.js:37:74872\n    at Ye (c:\\Users\\Gabriel\\.vscode\\extensions\\uqbar.wollok-lsp-ide-0.5.3\\out\\server\\src\\server.js:7:8527)\n    at qt (c:\\Users\\Gabriel\\.vscode\\extensions\\uqbar.wollok-lsp-ide-0.5.3\\out\\server\\src\\server.js:7:6189)\n    at ot (c:\\Users\\Gabriel\\.vscode\\extensions\\uqbar.wollok-lsp-ide-0.5.3\\out\\server\\src\\server.js:7:6378)\n    at Immediate._onImmediate (c:\\Users\\Gabriel\\.vscode\\extensions\\uqbar.wollok-lsp-ide-0.5.3\\out\\server\\src\\server.js:7:6142)\n    at process.processImmediate (node:internal/timers:485:21)","timestamp":"2025-10-07T19:07:20.729Z"}
{"level":"info","message":"âŒ› Building environment","timeElapsed":166,"timestamp":"2025-10-07T19:07:20.901Z"}
{"level":"info","message":"âŒ› Building environment","timeElapsed":185,"timestamp":"2025-10-07T19:07:21.087Z"}
{"level":"info","message":"âŒ› Validating tests.wtest","timeElapsed":307,"timestamp":"2025-10-07T19:07:21.434Z"}
{"level":"info","message":"âŒ› Building environment","timeElapsed":390,"timestamp":"2025-10-07T19:07:21.844Z"}
{"level":"info","message":"âŒ› Validating tests.wtest","timeElapsed":317,"timestamp":"2025-10-07T19:07:22.163Z"}
{"level":"info","message":"âŒ› Building environment","timeElapsed":190,"timestamp":"2025-10-07T19:07:22.369Z"}
{"level":"info","message":"âŒ› Building environment","timeElapsed":184,"timestamp":"2025-10-07T19:07:22.553Z"}
{"level":"info","message":"âŒ› Validating tests.wtest","timeElapsed":346,"timestamp":"2025-10-07T19:07:22.912Z"}
{"level":"info","message":"âŒ› Validating tests.wtest","timeElapsed":482,"timestamp":"2025-10-07T19:07:23.397Z"}
{"level":"info","message":"âŒ› Validating tests.wtest","timeElapsed":449,"timestamp":"2025-10-07T19:07:23.848Z"}
{"level":"info","message":"âŒ› Building environment","timeElapsed":193,"timestamp":"2025-10-07T19:07:24.050Z"}
{"level":"info","message":"âŒ› Validating tests.wtest","timeElapsed":429,"timestamp":"2025-10-07T19:07:24.489Z"}
{"level":"error","message":"âœ˜ Completions for node Variable ([15:5, 15:19] - tests.wtest) failed: Error: maiz [Variable]{281d73} at tests.wtest:15 exhausted all cases without a match maiz [Variable]{281d73} at tests.wtest:15 exhausted all cases without a match","stack":"Error: maiz [Variable]{281d73} at tests.wtest:15 exhausted all cases without a match\n    at c:\\Users\\Gabriel\\.vscode\\extensions\\uqbar.wollok-lsp-ide-0.5.3\\out\\server\\src\\server.js:38:6142\n    at D2 (c:\\Users\\Gabriel\\.vscode\\extensions\\uqbar.wollok-lsp-ide-0.5.3\\out\\server\\src\\server.js:2384:42)\n    at Qh (c:\\Users\\Gabriel\\.vscode\\extensions\\uqbar.wollok-lsp-ide-0.5.3\\out\\server\\src\\server.js:2384:1092)\n    at k6n (c:\\Users\\Gabriel\\.vscode\\extensions\\uqbar.wollok-lsp-ide-0.5.3\\out\\server\\src\\server.js:2384:1248)\n    at c:\\Users\\Gabriel\\.vscode\\extensions\\uqbar.wollok-lsp-ide-0.5.3\\out\\server\\src\\server.js:38:6131\n    at D2 (c:\\Users\\Gabriel\\.vscode\\extensions\\uqbar.wollok-lsp-ide-0.5.3\\out\\server\\src\\server.js:2384:42)\n    at c:\\Users\\Gabriel\\.vscode\\extensions\\uqbar.wollok-lsp-ide-0.5.3\\out\\server\\src\\server.js:2384:2988\n    at c:\\Users\\Gabriel\\.vscode\\extensions\\uqbar.wollok-lsp-ide-0.5.3\\out\\server\\src\\server.js:2393:8440\n    at c:\\Users\\Gabriel\\.vscode\\extensions\\uqbar.wollok-lsp-ide-0.5.3\\out\\server\\src\\server.js:37:74872\n    at Ye (c:\\Users\\Gabriel\\.vscode\\extensions\\uqbar.wollok-lsp-ide-0.5.3\\out\\server\\src\\server.js:7:8527)","timestamp":"2025-10-07T19:07:24.563Z"}
{"level":"info","message":"âŒ› Building environment","timeElapsed":199,"timestamp":"2025-10-07T19:07:24.767Z"}
{"level":"info","message":"âŒ› Building environment","timeElapsed":184,"timestamp":"2025-10-07T19:07:24.952Z"}
{"level":"info","message":"âŒ› Building environment","timeElapsed":180,"timestamp":"2025-10-07T19:07:25.146Z"}
{"level":"info","message":"âŒ› Validating tests.wtest","timeElapsed":261,"timestamp":"2025-10-07T19:07:25.409Z"}
{"level":"info","message":"âŒ› Building environment","timeElapsed":145,"timestamp":"2025-10-07T19:07:25.556Z"}
{"level":"info","message":"âŒ› Validating tests.wtest","timeElapsed":266,"timestamp":"2025-10-07T19:07:25.822Z"}
{"level":"info","message":"âŒ› Validating tests.wtest","timeElapsed":312,"timestamp":"2025-10-07T19:07:26.146Z"}
{"level":"info","message":"âŒ› Building environment","timeElapsed":248,"timestamp":"2025-10-07T19:07:26.395Z"}
{"level":"info","message":"âŒ› Building environment","timeElapsed":403,"timestamp":"2025-10-07T19:07:26.799Z"}
{"level":"info","message":"âŒ› Building environment","timeElapsed":203,"timestamp":"2025-10-07T19:07:27.005Z"}
{"level":"info","message":"âŒ› Building environment","timeElapsed":176,"timestamp":"2025-10-07T19:07:27.230Z"}
{"level":"info","message":"âŒ› Validating tests.wtest","timeElapsed":302,"timestamp":"2025-10-07T19:07:27.570Z"}
{"level":"info","message":"âŒ› Validating tests.wtest","timeElapsed":330,"timestamp":"2025-10-07T19:07:27.916Z"}
{"level":"info","message":"âŒ› Validating tests.wtest","timeElapsed":305,"timestamp":"2025-10-07T19:07:28.221Z"}
{"level":"info","message":"âŒ› Validating tests.wtest","timeElapsed":325,"timestamp":"2025-10-07T19:07:28.547Z"}
{"level":"info","message":"âŒ› Validating tests.wtest","timeElapsed":404,"timestamp":"2025-10-07T19:07:28.966Z"}
{"level":"info","message":"âŒ› Building environment","timeElapsed":247,"timestamp":"2025-10-07T19:07:29.216Z"}
{"level":"error","message":"âœ˜ Completions for node Send ([15:22, 15:29] - tests.wtest) failed: Error: [Send]{68b418} at tests.wtest:15 exhausted all cases without a match [Send]{68b418} at tests.wtest:15 exhausted all cases without a match","stack":"Error: [Send]{68b418} at tests.wtest:15 exhausted all cases without a match\n    at c:\\Users\\Gabriel\\.vscode\\extensions\\uqbar.wollok-lsp-ide-0.5.3\\out\\server\\src\\server.js:38:6142\n    at D2 (c:\\Users\\Gabriel\\.vscode\\extensions\\uqbar.wollok-lsp-ide-0.5.3\\out\\server\\src\\server.js:2384:42)\n    at Qh (c:\\Users\\Gabriel\\.vscode\\extensions\\uqbar.wollok-lsp-ide-0.5.3\\out\\server\\src\\server.js:2384:1092)\n    at k6n (c:\\Users\\Gabriel\\.vscode\\extensions\\uqbar.wollok-lsp-ide-0.5.3\\out\\server\\src\\server.js:2384:1248)\n    at c:\\Users\\Gabriel\\.vscode\\extensions\\uqbar.wollok-lsp-ide-0.5.3\\out\\server\\src\\server.js:38:6131\n    at D2 (c:\\Users\\Gabriel\\.vscode\\extensions\\uqbar.wollok-lsp-ide-0.5.3\\out\\server\\src\\server.js:2384:42)\n    at c:\\Users\\Gabriel\\.vscode\\extensions\\uqbar.wollok-lsp-ide-0.5.3\\out\\server\\src\\server.js:2384:2988\n    at c:\\Users\\Gabriel\\.vscode\\extensions\\uqbar.wollok-lsp-ide-0.5.3\\out\\server\\src\\server.js:2393:8440\n    at c:\\Users\\Gabriel\\.vscode\\extensions\\uqbar.wollok-lsp-ide-0.5.3\\out\\server\\src\\server.js:37:74872\n    at Ye (c:\\Users\\Gabriel\\.vscode\\extensions\\uqbar.wollok-lsp-ide-0.5.3\\out\\server\\src\\server.js:7:8527)","timestamp":"2025-10-07T19:07:29.339Z"}
{"level":"info","message":"âŒ› Building environment","timeElapsed":175,"timestamp":"2025-10-07T19:07:29.524Z"}
{"level":"info","message":"âŒ› Validating tests.wtest","timeElapsed":357,"timestamp":"2025-10-07T19:07:29.923Z"}
{"level":"info","message":"âŒ› Building environment","timeElapsed":175,"timestamp":"2025-10-07T19:07:30.100Z"}
{"level":"info","message":"âŒ› Validating tests.wtest","timeElapsed":290,"timestamp":"2025-10-07T19:07:30.390Z"}
{"level":"info","message":"âŒ› Building environment","timeElapsed":177,"timestamp":"2025-10-07T19:07:30.581Z"}
{"level":"info","message":"âŒ› Validating tests.wtest","timeElapsed":371,"timestamp":"2025-10-07T19:07:30.961Z"}
{"level":"info","message":"âŒ› Building environment","timeElapsed":195,"timestamp":"2025-10-07T19:07:31.157Z"}
{"level":"info","message":"âŒ› Validating tests.wtest","timeElapsed":369,"timestamp":"2025-10-07T19:07:31.527Z"}
{"level":"info","message":"âŒ› Building environment","timeElapsed":210,"timestamp":"2025-10-07T19:07:31.739Z"}
{"level":"info","message":"âŒ› Building environment","timeElapsed":176,"timestamp":"2025-10-07T19:07:31.931Z"}
{"level":"error","message":"âœ˜ Completions for node Send ([15:22, 15:29] - tests.wtest) failed: Error: [Send]{979dac} at tests.wtest:15 exhausted all cases without a match [Send]{979dac} at tests.wtest:15 exhausted all cases without a match","stack":"Error: [Send]{979dac} at tests.wtest:15 exhausted all cases without a match\n    at c:\\Users\\Gabriel\\.vscode\\extensions\\uqbar.wollok-lsp-ide-0.5.3\\out\\server\\src\\server.js:38:6142\n    at D2 (c:\\Users\\Gabriel\\.vscode\\extensions\\uqbar.wollok-lsp-ide-0.5.3\\out\\server\\src\\server.js:2384:42)\n    at Qh (c:\\Users\\Gabriel\\.vscode\\extensions\\uqbar.wollok-lsp-ide-0.5.3\\out\\server\\src\\server.js:2384:1092)\n    at k6n (c:\\Users\\Gabriel\\.vscode\\extensions\\uqbar.wollok-lsp-ide-0.5.3\\out\\server\\src\\server.js:2384:1248)\n    at c:\\Users\\Gabriel\\.vscode\\extensions\\uqbar.wollok-lsp-ide-0.5.3\\out\\server\\src\\server.js:38:6131\n    at D2 (c:\\Users\\Gabriel\\.vscode\\extensions\\uqbar.wollok-lsp-ide-0.5.3\\out\\server\\src\\server.js:2384:42)\n    at c:\\Users\\Gabriel\\.vscode\\extensions\\uqbar.wollok-lsp-ide-0.5.3\\out\\server\\src\\server.js:2384:2988\n    at c:\\Users\\Gabriel\\.vscode\\extensions\\uqbar.wollok-lsp-ide-0.5.3\\out\\server\\src\\server.js:2393:8440\n    at c:\\Users\\Gabriel\\.vscode\\extensions\\uqbar.wollok-lsp-ide-0.5.3\\out\\server\\src\\server.js:37:74872\n    at Ye (c:\\Users\\Gabriel\\.vscode\\extensions\\uqbar.wollok-lsp-ide-0.5.3\\out\\server\\src\\server.js:7:8527)","timestamp":"2025-10-07T19:07:32.105Z"}
{"level":"info","message":"âŒ› Building environment","timeElapsed":209,"timestamp":"2025-10-07T19:07:32.323Z"}
{"level":"info","message":"âŒ› Building environment","timeElapsed":169,"timestamp":"2025-10-07T19:07:32.525Z"}
{"level":"info","message":"âŒ› Building environment","timeElapsed":212,"timestamp":"2025-10-07T19:07:32.778Z"}
{"level":"info","message":"âŒ› Building environment","timeElapsed":194,"timestamp":"2025-10-07T19:07:33.004Z"}
{"level":"info","message":"âŒ› Building environment","timeElapsed":159,"timestamp":"2025-10-07T19:07:33.194Z"}
{"level":"info","message":"âŒ› Building environment","timeElapsed":140,"timestamp":"2025-10-07T19:07:33.363Z"}
{"level":"info","message":"âŒ› Building environment","timeElapsed":141,"timestamp":"2025-10-07T19:07:33.536Z"}
{"level":"info","message":"âŒ› Building environment","timeElapsed":160,"timestamp":"2025-10-07T19:07:33.726Z"}
{"level":"info","message":"âŒ› Validating tests.wtest","timeElapsed":262,"timestamp":"2025-10-07T19:07:34.029Z"}
{"level":"info","message":"âŒ› Building environment","timeElapsed":179,"timestamp":"2025-10-07T19:07:34.213Z"}
{"level":"info","message":"âŒ› Validating tests.wtest","timeElapsed":555,"timestamp":"2025-10-07T19:07:34.769Z"}
{"level":"info","message":"âŒ› Building environment","timeElapsed":274,"timestamp":"2025-10-07T19:07:35.048Z"}
{"level":"info","message":"âŒ› Validating tests.wtest","timeElapsed":414,"timestamp":"2025-10-07T19:07:35.486Z"}
{"level":"info","message":"âŒ› Validating tests.wtest","timeElapsed":539,"timestamp":"2025-10-07T19:07:36.040Z"}
{"level":"info","message":"âŒ› Building environment","timeElapsed":331,"timestamp":"2025-10-07T19:07:36.371Z"}
{"level":"info","message":"âŒ› Building environment","timeElapsed":176,"timestamp":"2025-10-07T19:07:36.549Z"}
{"level":"info","message":"âŒ› Building environment","timeElapsed":190,"timestamp":"2025-10-07T19:07:36.739Z"}
{"level":"info","message":"âŒ› Building environment","timeElapsed":180,"timestamp":"2025-10-07T19:07:36.920Z"}
{"level":"info","message":"âŒ› Validating tests.wtest","timeElapsed":272,"timestamp":"2025-10-07T19:07:37.193Z"}
{"level":"info","message":"âŒ› Building environment","timeElapsed":162,"timestamp":"2025-10-07T19:07:37.356Z"}
{"level":"info","message":"âŒ› Building environment","timeElapsed":148,"timestamp":"2025-10-07T19:07:37.506Z"}
{"level":"info","message":"âŒ› Building environment","timeElapsed":160,"timestamp":"2025-10-07T19:07:37.695Z"}
{"level":"info","message":"âŒ› Building environment","timeElapsed":144,"timestamp":"2025-10-07T19:07:37.873Z"}
{"level":"info","message":"âŒ› Building environment","timeElapsed":193,"timestamp":"2025-10-07T19:07:38.067Z"}
{"level":"info","message":"âŒ› Validating tests.wtest","timeElapsed":318,"timestamp":"2025-10-07T19:07:38.387Z"}
{"level":"info","message":"âŒ› Validating tests.wtest","timeElapsed":306,"timestamp":"2025-10-07T19:07:38.701Z"}
{"level":"info","message":"âŒ› Building environment","timeElapsed":182,"timestamp":"2025-10-07T19:07:38.884Z"}
{"level":"info","message":"âŒ› Validating tests.wtest","timeElapsed":317,"timestamp":"2025-10-07T19:07:39.304Z"}
{"level":"info","message":"âŒ› Building environment","timeElapsed":196,"timestamp":"2025-10-07T19:07:39.501Z"}
{"level":"info","message":"âŒ› Validating tests.wtest","timeElapsed":294,"timestamp":"2025-10-07T19:07:39.796Z"}
{"level":"info","message":"âŒ› Building environment","timeElapsed":375,"timestamp":"2025-10-07T19:07:40.173Z"}
{"level":"info","message":"âŒ› Validating tests.wtest","timeElapsed":376,"timestamp":"2025-10-07T19:07:40.550Z"}
{"level":"info","message":"âŒ› Validating tests.wtest","timeElapsed":432,"timestamp":"2025-10-07T19:07:40.998Z"}
{"level":"info","message":"âŒ› Building environment","timeElapsed":149,"timestamp":"2025-10-07T19:07:41.150Z"}
{"level":"info","message":"âŒ› Validating tests.wtest","timeElapsed":276,"timestamp":"2025-10-07T19:07:41.427Z"}
{"level":"info","message":"âŒ› Validating tests.wtest","timeElapsed":258,"timestamp":"2025-10-07T19:07:41.700Z"}
{"level":"info","message":"âŒ› Validating tests.wtest","timeElapsed":271,"timestamp":"2025-10-07T19:07:41.984Z"}
{"level":"info","message":"âŒ› Building environment","timeElapsed":165,"timestamp":"2025-10-07T19:07:42.150Z"}
{"level":"info","message":"âŒ› Validating tests.wtest","timeElapsed":248,"timestamp":"2025-10-07T19:07:42.420Z"}
{"level":"info","message":"âŒ› Validating tests.wtest","timeElapsed":248,"timestamp":"2025-10-07T19:07:42.684Z"}
{"level":"info","message":"âŒ› Building environment","timeElapsed":368,"timestamp":"2025-10-07T19:07:43.057Z"}
{"level":"info","message":"âŒ› Building environment","timeElapsed":292,"timestamp":"2025-10-07T19:07:43.353Z"}
{"level":"info","message":"âŒ› Building environment","timeElapsed":144,"timestamp":"2025-10-07T19:07:43.498Z"}
{"level":"info","message":"âŒ› Building environment","timeElapsed":153,"timestamp":"2025-10-07T19:07:43.680Z"}
{"level":"info","message":"âŒ› Validating tests.wtest","timeElapsed":261,"timestamp":"2025-10-07T19:07:43.980Z"}
{"level":"info","message":"âŒ› Building environment","timeElapsed":148,"timestamp":"2025-10-07T19:07:44.129Z"}
{"level":"info","message":"âŒ› Validating tests.wtest","timeElapsed":378,"timestamp":"2025-10-07T19:07:44.541Z"}
{"level":"info","message":"âŒ› Validating tests.wtest","timeElapsed":306,"timestamp":"2025-10-07T19:07:44.849Z"}
{"level":"info","message":"âŒ› Validating tests.wtest","timeElapsed":281,"timestamp":"2025-10-07T19:07:45.132Z"}
{"level":"info","message":"âŒ› Validating tests.wtest","timeElapsed":282,"timestamp":"2025-10-07T19:07:45.414Z"}
{"level":"info","message":"âŒ› Validating tests.wtest","timeElapsed":278,"timestamp":"2025-10-07T19:07:45.703Z"}
{"level":"info","message":"âŒ› Validating tests.wtest","timeElapsed":331,"timestamp":"2025-10-07T19:07:46.037Z"}
{"level":"info","message":"âŒ› Validating tests.wtest","timeElapsed":278,"timestamp":"2025-10-07T19:07:46.317Z"}
{"level":"info","message":"âŒ› Validating tests.wtest","timeElapsed":248,"timestamp":"2025-10-07T19:07:46.565Z"}
{"level":"info","message":"âŒ› Validating tests.wtest","timeElapsed":288,"timestamp":"2025-10-07T19:07:46.907Z"}
{"level":"info","message":"âŒ› Validating tests.wtest","timeElapsed":477,"timestamp":"2025-10-07T19:07:47.442Z"}
{"level":"info","message":"âŒ› Validating tests.wtest","timeElapsed":434,"timestamp":"2025-10-07T19:07:47.880Z"}
{"level":"info","message":"âŒ› Validating tests.wtest","timeElapsed":310,"timestamp":"2025-10-07T19:07:48.197Z"}
{"level":"info","message":"âŒ› Validating tests.wtest","timeElapsed":259,"timestamp":"2025-10-07T19:07:48.465Z"}
{"level":"info","message":"âŒ› Validating tests.wtest","timeElapsed":276,"timestamp":"2025-10-07T19:07:48.747Z"}
{"level":"info","message":"âŒ› Validating tests.wtest","timeElapsed":274,"timestamp":"2025-10-07T19:07:49.025Z"}
{"level":"info","message":"âŒ› Validating tests.wtest","timeElapsed":292,"timestamp":"2025-10-07T19:07:49.318Z"}
{"level":"info","message":"âŒ› Validating tests.wtest","timeElapsed":409,"timestamp":"2025-10-07T19:07:49.737Z"}
{"level":"info","message":"âŒ› Validating tests.wtest","timeElapsed":310,"timestamp":"2025-10-07T19:07:50.048Z"}
{"level":"info","message":"âŒ› Validating tests.wtest","timeElapsed":285,"timestamp":"2025-10-07T19:07:50.337Z"}
{"level":"info","message":"âŒ› Building environment","timeElapsed":182,"timestamp":"2025-10-07T19:07:50.520Z"}
{"level":"info","message":"âŒ› Building environment","timeElapsed":188,"timestamp":"2025-10-07T19:07:50.718Z"}
{"level":"info","message":"âŒ› Building environment","timeElapsed":189,"timestamp":"2025-10-07T19:07:50.920Z"}
{"level":"info","message":"âŒ› Building environment","timeElapsed":144,"timestamp":"2025-10-07T19:07:51.120Z"}
{"level":"info","message":"âŒ› Validating tests.wtest","timeElapsed":269,"timestamp":"2025-10-07T19:07:51.507Z"}
{"level":"info","message":"âŒ› Validating tests.wtest","timeElapsed":247,"timestamp":"2025-10-07T19:07:51.801Z"}
{"level":"info","message":"âŒ› Validating tests.wtest","timeElapsed":266,"timestamp":"2025-10-07T19:07:52.075Z"}
{"level":"info","message":"âŒ› Validating tests.wtest","timeElapsed":312,"timestamp":"2025-10-07T19:07:52.388Z"}
{"level":"info","message":"âŒ› Building environment","timeElapsed":247,"timestamp":"2025-10-07T19:07:54.511Z"}
{"level":"error","message":"âœ˜ Completions for node Send ([17:4, 17:61] - tests.wtest) failed: Error: [Send]{17db71} at tests.wtest:17 exhausted all cases without a match [Send]{17db71} at tests.wtest:17 exhausted all cases without a match","stack":"Error: [Send]{17db71} at tests.wtest:17 exhausted all cases without a match\n    at c:\\Users\\Gabriel\\.vscode\\extensions\\uqbar.wollok-lsp-ide-0.5.3\\out\\server\\src\\server.js:38:6142\n    at D2 (c:\\Users\\Gabriel\\.vscode\\extensions\\uqbar.wollok-lsp-ide-0.5.3\\out\\server\\src\\server.js:2384:42)\n    at Qh (c:\\Users\\Gabriel\\.vscode\\extensions\\uqbar.wollok-lsp-ide-0.5.3\\out\\server\\src\\server.js:2384:1092)\n    at k6n (c:\\Users\\Gabriel\\.vscode\\extensions\\uqbar.wollok-lsp-ide-0.5.3\\out\\server\\src\\server.js:2384:1248)\n    at c:\\Users\\Gabriel\\.vscode\\extensions\\uqbar.wollok-lsp-ide-0.5.3\\out\\server\\src\\server.js:38:6131\n    at D2 (c:\\Users\\Gabriel\\.vscode\\extensions\\uqbar.wollok-lsp-ide-0.5.3\\out\\server\\src\\server.js:2384:42)\n    at c:\\Users\\Gabriel\\.vscode\\extensions\\uqbar.wollok-lsp-ide-0.5.3\\out\\server\\src\\server.js:2384:2988\n    at c:\\Users\\Gabriel\\.vscode\\extensions\\uqbar.wollok-lsp-ide-0.5.3\\out\\server\\src\\server.js:2393:8440\n    at c:\\Users\\Gabriel\\.vscode\\extensions\\uqbar.wollok-lsp-ide-0.5.3\\out\\server\\src\\server.js:37:74872\n    at Ye (c:\\Users\\Gabriel\\.vscode\\extensions\\uqbar.wollok-lsp-ide-0.5.3\\out\\server\\src\\server.js:7:8527)","timestamp":"2025-10-07T19:07:54.567Z"}
{"level":"info","message":"âŒ› Building environment","timeElapsed":248,"timestamp":"2025-10-07T19:07:54.821Z"}
{"level":"info","message":"âŒ› Validating tests.wtest","timeElapsed":297,"timestamp":"2025-10-07T19:07:55.119Z"}
{"level":"info","message":"âŒ› Building environment","timeElapsed":181,"timestamp":"2025-10-07T19:07:55.313Z"}
{"level":"info","message":"âŒ› Building environment","timeElapsed":210,"timestamp":"2025-10-07T19:07:55.526Z"}
{"level":"info","message":"âŒ› Validating tests.wtest","timeElapsed":441,"timestamp":"2025-10-07T19:07:55.970Z"}
{"level":"info","message":"âŒ› Validating tests.wtest","timeElapsed":382,"timestamp":"2025-10-07T19:07:56.368Z"}
{"level":"info","message":"âŒ› Validating tests.wtest","timeElapsed":291,"timestamp":"2025-10-07T19:07:56.666Z"}
{"level":"info","message":"âŒ› Building environment","timeElapsed":271,"timestamp":"2025-10-07T19:07:58.910Z"}
{"level":"error","message":"âœ˜ Completions for node Send ([16:17, 16:48] - tests.wtest) failed: Error: [Send]{6490a8} at tests.wtest:16 exhausted all cases without a match [Send]{6490a8} at tests.wtest:16 exhausted all cases without a match","stack":"Error: [Send]{6490a8} at tests.wtest:16 exhausted all cases without a match\n    at c:\\Users\\Gabriel\\.vscode\\extensions\\uqbar.wollok-lsp-ide-0.5.3\\out\\server\\src\\server.js:38:6142\n    at D2 (c:\\Users\\Gabriel\\.vscode\\extensions\\uqbar.wollok-lsp-ide-0.5.3\\out\\server\\src\\server.js:2384:42)\n    at c:\\Users\\Gabriel\\.vscode\\extensions\\uqbar.wollok-lsp-ide-0.5.3\\out\\server\\src\\server.js:2384:2988\n    at c:\\Users\\Gabriel\\.vscode\\extensions\\uqbar.wollok-lsp-ide-0.5.3\\out\\server\\src\\server.js:2393:8440\n    at c:\\Users\\Gabriel\\.vscode\\extensions\\uqbar.wollok-lsp-ide-0.5.3\\out\\server\\src\\server.js:37:74872\n    at Ye (c:\\Users\\Gabriel\\.vscode\\extensions\\uqbar.wollok-lsp-ide-0.5.3\\out\\server\\src\\server.js:7:8527)\n    at qt (c:\\Users\\Gabriel\\.vscode\\extensions\\uqbar.wollok-lsp-ide-0.5.3\\out\\server\\src\\server.js:7:6189)\n    at ot (c:\\Users\\Gabriel\\.vscode\\extensions\\uqbar.wollok-lsp-ide-0.5.3\\out\\server\\src\\server.js:7:6378)\n    at Immediate._onImmediate (c:\\Users\\Gabriel\\.vscode\\extensions\\uqbar.wollok-lsp-ide-0.5.3\\out\\server\\src\\server.js:7:6142)\n    at process.processImmediate (node:internal/timers:485:21)","timestamp":"2025-10-07T19:07:58.979Z"}
{"level":"error","message":"âœ˜ Completions for node Send ([16:4, 16:49] - tests.wtest) failed: Error: [Send]{233714} at tests.wtest:16 exhausted all cases without a match [Send]{233714} at tests.wtest:16 exhausted all cases without a match","stack":"Error: [Send]{233714} at tests.wtest:16 exhausted all cases without a match\n    at c:\\Users\\Gabriel\\.vscode\\extensions\\uqbar.wollok-lsp-ide-0.5.3\\out\\server\\src\\server.js:38:6142\n    at D2 (c:\\Users\\Gabriel\\.vscode\\extensions\\uqbar.wollok-lsp-ide-0.5.3\\out\\server\\src\\server.js:2384:42)\n    at Qh (c:\\Users\\Gabriel\\.vscode\\extensions\\uqbar.wollok-lsp-ide-0.5.3\\out\\server\\src\\server.js:2384:1092)\n    at D2 (c:\\Users\\Gabriel\\.vscode\\extensions\\uqbar.wollok-lsp-ide-0.5.3\\out\\server\\src\\server.js:2384:544)\n    at c:\\Users\\Gabriel\\.vscode\\extensions\\uqbar.wollok-lsp-ide-0.5.3\\out\\server\\src\\server.js:2384:2988\n    at c:\\Users\\Gabriel\\.vscode\\extensions\\uqbar.wollok-lsp-ide-0.5.3\\out\\server\\src\\server.js:2393:8440\n    at c:\\Users\\Gabriel\\.vscode\\extensions\\uqbar.wollok-lsp-ide-0.5.3\\out\\server\\src\\server.js:37:74872\n    at Ye (c:\\Users\\Gabriel\\.vscode\\extensions\\uqbar.wollok-lsp-ide-0.5.3\\out\\server\\src\\server.js:7:8527)\n    at qt (c:\\Users\\Gabriel\\.vscode\\extensions\\uqbar.wollok-lsp-ide-0.5.3\\out\\server\\src\\server.js:7:6189)\n    at ot (c:\\Users\\Gabriel\\.vscode\\extensions\\uqbar.wollok-lsp-ide-0.5.3\\out\\server\\src\\server.js:7:6378)","timestamp":"2025-10-07T19:07:58.979Z"}
{"level":"info","message":"âŒ› Building environment","timeElapsed":188,"timestamp":"2025-10-07T19:07:59.173Z"}
{"level":"info","message":"âŒ› Validating tests.wtest","timeElapsed":328,"timestamp":"2025-10-07T19:07:59.503Z"}
{"level":"info","message":"âŒ› Building environment","timeElapsed":234,"timestamp":"2025-10-07T19:07:59.738Z"}
{"level":"error","message":"âœ˜ Completions for node Send ([16:17, 16:50] - tests.wtest) failed: Error: [Send]{ea21e8} at tests.wtest:16 exhausted all cases without a match [Send]{ea21e8} at tests.wtest:16 exhausted all cases without a match","stack":"Error: [Send]{ea21e8} at tests.wtest:16 exhausted all cases without a match\n    at c:\\Users\\Gabriel\\.vscode\\extensions\\uqbar.wollok-lsp-ide-0.5.3\\out\\server\\src\\server.js:38:6142\n    at D2 (c:\\Users\\Gabriel\\.vscode\\extensions\\uqbar.wollok-lsp-ide-0.5.3\\out\\server\\src\\server.js:2384:42)\n    at c:\\Users\\Gabriel\\.vscode\\extensions\\uqbar.wollok-lsp-ide-0.5.3\\out\\server\\src\\server.js:2384:2988\n    at c:\\Users\\Gabriel\\.vscode\\extensions\\uqbar.wollok-lsp-ide-0.5.3\\out\\server\\src\\server.js:2393:8440\n    at c:\\Users\\Gabriel\\.vscode\\extensions\\uqbar.wollok-lsp-ide-0.5.3\\out\\server\\src\\server.js:37:74872\n    at Ye (c:\\Users\\Gabriel\\.vscode\\extensions\\uqbar.wollok-lsp-ide-0.5.3\\out\\server\\src\\server.js:7:8527)\n    at qt (c:\\Users\\Gabriel\\.vscode\\extensions\\uqbar.wollok-lsp-ide-0.5.3\\out\\server\\src\\server.js:7:6189)\n    at ot (c:\\Users\\Gabriel\\.vscode\\extensions\\uqbar.wollok-lsp-ide-0.5.3\\out\\server\\src\\server.js:7:6378)\n    at Immediate._onImmediate (c:\\Users\\Gabriel\\.vscode\\extensions\\uqbar.wollok-lsp-ide-0.5.3\\out\\server\\src\\server.js:7:6142)\n    at process.processImmediate (node:internal/timers:485:21)","timestamp":"2025-10-07T19:07:59.811Z"}
{"level":"error","message":"âœ˜ Completions for node Send ([16:4, 16:51] - tests.wtest) failed: Error: [Send]{da6847} at tests.wtest:16 exhausted all cases without a match [Send]{da6847} at tests.wtest:16 exhausted all cases without a match","stack":"Error: [Send]{da6847} at tests.wtest:16 exhausted all cases without a match\n    at c:\\Users\\Gabriel\\.vscode\\extensions\\uqbar.wollok-lsp-ide-0.5.3\\out\\server\\src\\server.js:38:6142\n    at D2 (c:\\Users\\Gabriel\\.vscode\\extensions\\uqbar.wollok-lsp-ide-0.5.3\\out\\server\\src\\server.js:2384:42)\n    at Qh (c:\\Users\\Gabriel\\.vscode\\extensions\\uqbar.wollok-lsp-ide-0.5.3\\out\\server\\src\\server.js:2384:1092)\n    at D2 (c:\\Users\\Gabriel\\.vscode\\extensions\\uqbar.wollok-lsp-ide-0.5.3\\out\\server\\src\\server.js:2384:544)\n    at c:\\Users\\Gabriel\\.vscode\\extensions\\uqbar.wollok-lsp-ide-0.5.3\\out\\server\\src\\server.js:2384:2988\n    at c:\\Users\\Gabriel\\.vscode\\extensions\\uqbar.wollok-lsp-ide-0.5.3\\out\\server\\src\\server.js:2393:8440\n    at c:\\Users\\Gabriel\\.vscode\\extensions\\uqbar.wollok-lsp-ide-0.5.3\\out\\server\\src\\server.js:37:74872\n    at Ye (c:\\Users\\Gabriel\\.vscode\\extensions\\uqbar.wollok-lsp-ide-0.5.3\\out\\server\\src\\server.js:7:8527)\n    at qt (c:\\Users\\Gabriel\\.vscode\\extensions\\uqbar.wollok-lsp-ide-0.5.3\\out\\server\\src\\server.js:7:6189)\n    at ot (c:\\Users\\Gabriel\\.vscode\\extensions\\uqbar.wollok-lsp-ide-0.5.3\\out\\server\\src\\server.js:7:6378)","timestamp":"2025-10-07T19:07:59.811Z"}
{"level":"info","message":"âŒ› Validating tests.wtest","timeElapsed":305,"timestamp":"2025-10-07T19:08:00.121Z"}
{"level":"info","message":"âŒ› Building environment","timeElapsed":209,"timestamp":"2025-10-07T19:08:00.340Z"}
{"level":"error","message":"âœ˜ Completions for node Send ([16:17, 16:49] - tests.wtest) failed: Error: [Send]{3dd179} at tests.wtest:16 exhausted all cases without a match [Send]{3dd179} at tests.wtest:16 exhausted all cases without a match","stack":"Error: [Send]{3dd179} at tests.wtest:16 exhausted all cases without a match\n    at c:\\Users\\Gabriel\\.vscode\\extensions\\uqbar.wollok-lsp-ide-0.5.3\\out\\server\\src\\server.js:38:6142\n    at D2 (c:\\Users\\Gabriel\\.vscode\\extensions\\uqbar.wollok-lsp-ide-0.5.3\\out\\server\\src\\server.js:2384:42)\n    at c:\\Users\\Gabriel\\.vscode\\extensions\\uqbar.wollok-lsp-ide-0.5.3\\out\\server\\src\\server.js:2384:2988\n    at c:\\Users\\Gabriel\\.vscode\\extensions\\uqbar.wollok-lsp-ide-0.5.3\\out\\server\\src\\server.js:2393:8440\n    at c:\\Users\\Gabriel\\.vscode\\extensions\\uqbar.wollok-lsp-ide-0.5.3\\out\\server\\src\\server.js:37:74872\n    at Ye (c:\\Users\\Gabriel\\.vscode\\extensions\\uqbar.wollok-lsp-ide-0.5.3\\out\\server\\src\\server.js:7:8527)\n    at qt (c:\\Users\\Gabriel\\.vscode\\extensions\\uqbar.wollok-lsp-ide-0.5.3\\out\\server\\src\\server.js:7:6189)\n    at ot (c:\\Users\\Gabriel\\.vscode\\extensions\\uqbar.wollok-lsp-ide-0.5.3\\out\\server\\src\\server.js:7:6378)\n    at Immediate._onImmediate (c:\\Users\\Gabriel\\.vscode\\extensions\\uqbar.wollok-lsp-ide-0.5.3\\out\\server\\src\\server.js:7:6142)\n    at process.processImmediate (node:internal/timers:485:21)","timestamp":"2025-10-07T19:08:00.397Z"}
{"level":"error","message":"âœ˜ Completions for node Send ([16:4, 16:50] - tests.wtest) failed: Error: [Send]{8315f3} at tests.wtest:16 exhausted all cases without a match [Send]{8315f3} at tests.wtest:16 exhausted all cases without a match","stack":"Error: [Send]{8315f3} at tests.wtest:16 exhausted all cases without a match\n    at c:\\Users\\Gabriel\\.vscode\\extensions\\uqbar.wollok-lsp-ide-0.5.3\\out\\server\\src\\server.js:38:6142\n    at D2 (c:\\Users\\Gabriel\\.vscode\\extensions\\uqbar.wollok-lsp-ide-0.5.3\\out\\server\\src\\server.js:2384:42)\n    at Qh (c:\\Users\\Gabriel\\.vscode\\extensions\\uqbar.wollok-lsp-ide-0.5.3\\out\\server\\src\\server.js:2384:1092)\n    at D2 (c:\\Users\\Gabriel\\.vscode\\extensions\\uqbar.wollok-lsp-ide-0.5.3\\out\\server\\src\\server.js:2384:544)\n    at c:\\Users\\Gabriel\\.vscode\\extensions\\uqbar.wollok-lsp-ide-0.5.3\\out\\server\\src\\server.js:2384:2988\n    at c:\\Users\\Gabriel\\.vscode\\extensions\\uqbar.wollok-lsp-ide-0.5.3\\out\\server\\src\\server.js:2393:8440\n    at c:\\Users\\Gabriel\\.vscode\\extensions\\uqbar.wollok-lsp-ide-0.5.3\\out\\server\\src\\server.js:37:74872\n    at Ye (c:\\Users\\Gabriel\\.vscode\\extensions\\uqbar.wollok-lsp-ide-0.5.3\\out\\server\\src\\server.js:7:8527)\n    at qt (c:\\Users\\Gabriel\\.vscode\\extensions\\uqbar.wollok-lsp-ide-0.5.3\\out\\server\\src\\server.js:7:6189)\n    at ot (c:\\Users\\Gabriel\\.vscode\\extensions\\uqbar.wollok-lsp-ide-0.5.3\\out\\server\\src\\server.js:7:6378)","timestamp":"2025-10-07T19:08:00.398Z"}
{"level":"info","message":"âŒ› Building environment","timeElapsed":207,"timestamp":"2025-10-07T19:08:00.612Z"}
{"level":"error","message":"âœ˜ Completions for node Send ([16:17, 16:48] - tests.wtest) failed: Error: [Send]{d145df} at tests.wtest:16 exhausted all cases without a match [Send]{d145df} at tests.wtest:16 exhausted all cases without a match","stack":"Error: [Send]{d145df} at tests.wtest:16 exhausted all cases without a match\n    at c:\\Users\\Gabriel\\.vscode\\extensions\\uqbar.wollok-lsp-ide-0.5.3\\out\\server\\src\\server.js:38:6142\n    at D2 (c:\\Users\\Gabriel\\.vscode\\extensions\\uqbar.wollok-lsp-ide-0.5.3\\out\\server\\src\\server.js:2384:42)\n    at c:\\Users\\Gabriel\\.vscode\\extensions\\uqbar.wollok-lsp-ide-0.5.3\\out\\server\\src\\server.js:2384:2988\n    at c:\\Users\\Gabriel\\.vscode\\extensions\\uqbar.wollok-lsp-ide-0.5.3\\out\\server\\src\\server.js:2393:8440\n    at c:\\Users\\Gabriel\\.vscode\\extensions\\uqbar.wollok-lsp-ide-0.5.3\\out\\server\\src\\server.js:37:74872\n    at Ye (c:\\Users\\Gabriel\\.vscode\\extensions\\uqbar.wollok-lsp-ide-0.5.3\\out\\server\\src\\server.js:7:8527)\n    at qt (c:\\Users\\Gabriel\\.vscode\\extensions\\uqbar.wollok-lsp-ide-0.5.3\\out\\server\\src\\server.js:7:6189)\n    at ot (c:\\Users\\Gabriel\\.vscode\\extensions\\uqbar.wollok-lsp-ide-0.5.3\\out\\server\\src\\server.js:7:6378)\n    at Immediate._onImmediate (c:\\Users\\Gabriel\\.vscode\\extensions\\uqbar.wollok-lsp-ide-0.5.3\\out\\server\\src\\server.js:7:6142)\n    at process.processImmediate (node:internal/timers:485:21)","timestamp":"2025-10-07T19:08:00.680Z"}
{"level":"error","message":"âœ˜ Completions for node Send ([16:4, 16:49] - tests.wtest) failed: Error: [Send]{23662a} at tests.wtest:16 exhausted all cases without a match [Send]{23662a} at tests.wtest:16 exhausted all cases without a match","stack":"Error: [Send]{23662a} at tests.wtest:16 exhausted all cases without a match\n    at c:\\Users\\Gabriel\\.vscode\\extensions\\uqbar.wollok-lsp-ide-0.5.3\\out\\server\\src\\server.js:38:6142\n    at D2 (c:\\Users\\Gabriel\\.vscode\\extensions\\uqbar.wollok-lsp-ide-0.5.3\\out\\server\\src\\server.js:2384:42)\n    at Qh (c:\\Users\\Gabriel\\.vscode\\extensions\\uqbar.wollok-lsp-ide-0.5.3\\out\\server\\src\\server.js:2384:1092)\n    at D2 (c:\\Users\\Gabriel\\.vscode\\extensions\\uqbar.wollok-lsp-ide-0.5.3\\out\\server\\src\\server.js:2384:544)\n    at c:\\Users\\Gabriel\\.vscode\\extensions\\uqbar.wollok-lsp-ide-0.5.3\\out\\server\\src\\server.js:2384:2988\n    at c:\\Users\\Gabriel\\.vscode\\extensions\\uqbar.wollok-lsp-ide-0.5.3\\out\\server\\src\\server.js:2393:8440\n    at c:\\Users\\Gabriel\\.vscode\\extensions\\uqbar.wollok-lsp-ide-0.5.3\\out\\server\\src\\server.js:37:74872\n    at Ye (c:\\Users\\Gabriel\\.vscode\\extensions\\uqbar.wollok-lsp-ide-0.5.3\\out\\server\\src\\server.js:7:8527)\n    at qt (c:\\Users\\Gabriel\\.vscode\\extensions\\uqbar.wollok-lsp-ide-0.5.3\\out\\server\\src\\server.js:7:6189)\n    at ot (c:\\Users\\Gabriel\\.vscode\\extensions\\uqbar.wollok-lsp-ide-0.5.3\\out\\server\\src\\server.js:7:6378)","timestamp":"2025-10-07T19:08:00.680Z"}
{"level":"info","message":"âŒ› Validating tests.wtest","timeElapsed":315,"timestamp":"2025-10-07T19:08:01.001Z"}
{"level":"info","message":"âŒ› Building environment","timeElapsed":307,"timestamp":"2025-10-07T19:08:01.321Z"}
{"level":"error","message":"âœ˜ Completions for node Send ([16:17, 16:47] - tests.wtest) failed: Error: [Send]{1763f0} at tests.wtest:16 exhausted all cases without a match [Send]{1763f0} at tests.wtest:16 exhausted all cases without a match","stack":"Error: [Send]{1763f0} at tests.wtest:16 exhausted all cases without a match\n    at c:\\Users\\Gabriel\\.vscode\\extensions\\uqbar.wollok-lsp-ide-0.5.3\\out\\server\\src\\server.js:38:6142\n    at D2 (c:\\Users\\Gabriel\\.vscode\\extensions\\uqbar.wollok-lsp-ide-0.5.3\\out\\server\\src\\server.js:2384:42)\n    at c:\\Users\\Gabriel\\.vscode\\extensions\\uqbar.wollok-lsp-ide-0.5.3\\out\\server\\src\\server.js:2384:2988\n    at c:\\Users\\Gabriel\\.vscode\\extensions\\uqbar.wollok-lsp-ide-0.5.3\\out\\server\\src\\server.js:2393:8440\n    at c:\\Users\\Gabriel\\.vscode\\extensions\\uqbar.wollok-lsp-ide-0.5.3\\out\\server\\src\\server.js:37:74872\n    at Ye (c:\\Users\\Gabriel\\.vscode\\extensions\\uqbar.wollok-lsp-ide-0.5.3\\out\\server\\src\\server.js:7:8527)\n    at qt (c:\\Users\\Gabriel\\.vscode\\extensions\\uqbar.wollok-lsp-ide-0.5.3\\out\\server\\src\\server.js:7:6189)\n    at ot (c:\\Users\\Gabriel\\.vscode\\extensions\\uqbar.wollok-lsp-ide-0.5.3\\out\\server\\src\\server.js:7:6378)\n    at Immediate._onImmediate (c:\\Users\\Gabriel\\.vscode\\extensions\\uqbar.wollok-lsp-ide-0.5.3\\out\\server\\src\\server.js:7:6142)\n    at process.processImmediate (node:internal/timers:485:21)","timestamp":"2025-10-07T19:08:01.400Z"}
{"level":"error","message":"âœ˜ Completions for node Send ([16:4, 16:48] - tests.wtest) failed: Error: [Send]{c31447} at tests.wtest:16 exhausted all cases without a match [Send]{c31447} at tests.wtest:16 exhausted all cases without a match","stack":"Error: [Send]{c31447} at tests.wtest:16 exhausted all cases without a match\n    at c:\\Users\\Gabriel\\.vscode\\extensions\\uqbar.wollok-lsp-ide-0.5.3\\out\\server\\src\\server.js:38:6142\n    at D2 (c:\\Users\\Gabriel\\.vscode\\extensions\\uqbar.wollok-lsp-ide-0.5.3\\out\\server\\src\\server.js:2384:42)\n    at Qh (c:\\Users\\Gabriel\\.vscode\\extensions\\uqbar.wollok-lsp-ide-0.5.3\\out\\server\\src\\server.js:2384:1092)\n    at D2 (c:\\Users\\Gabriel\\.vscode\\extensions\\uqbar.wollok-lsp-ide-0.5.3\\out\\server\\src\\server.js:2384:544)\n    at c:\\Users\\Gabriel\\.vscode\\extensions\\uqbar.wollok-lsp-ide-0.5.3\\out\\server\\src\\server.js:2384:2988\n    at c:\\Users\\Gabriel\\.vscode\\extensions\\uqbar.wollok-lsp-ide-0.5.3\\out\\server\\src\\server.js:2393:8440\n    at c:\\Users\\Gabriel\\.vscode\\extensions\\uqbar.wollok-lsp-ide-0.5.3\\out\\server\\src\\server.js:37:74872\n    at Ye (c:\\Users\\Gabriel\\.vscode\\extensions\\uqbar.wollok-lsp-ide-0.5.3\\out\\server\\src\\server.js:7:8527)\n    at qt (c:\\Users\\Gabriel\\.vscode\\extensions\\uqbar.wollok-lsp-ide-0.5.3\\out\\server\\src\\server.js:7:6189)\n    at ot (c:\\Users\\Gabriel\\.vscode\\extensions\\uqbar.wollok-lsp-ide-0.5.3\\out\\server\\src\\server.js:7:6378)","timestamp":"2025-10-07T19:08:01.400Z"}
{"level":"info","message":"âŒ› Building environment","timeElapsed":165,"timestamp":"2025-10-07T19:08:01.573Z"}
{"level":"error","message":"âœ˜ Completions for node Send ([16:17, 16:46] - tests.wtest) failed: Error: [Send]{6bde8e} at tests.wtest:16 exhausted all cases without a match [Send]{6bde8e} at tests.wtest:16 exhausted all cases without a match","stack":"Error: [Send]{6bde8e} at tests.wtest:16 exhausted all cases without a match\n    at c:\\Users\\Gabriel\\.vscode\\extensions\\uqbar.wollok-lsp-ide-0.5.3\\out\\server\\src\\server.js:38:6142\n    at D2 (c:\\Users\\Gabriel\\.vscode\\extensions\\uqbar.wollok-lsp-ide-0.5.3\\out\\server\\src\\server.js:2384:42)\n    at c:\\Users\\Gabriel\\.vscode\\extensions\\uqbar.wollok-lsp-ide-0.5.3\\out\\server\\src\\server.js:2384:2988\n    at c:\\Users\\Gabriel\\.vscode\\extensions\\uqbar.wollok-lsp-ide-0.5.3\\out\\server\\src\\server.js:2393:8440\n    at c:\\Users\\Gabriel\\.vscode\\extensions\\uqbar.wollok-lsp-ide-0.5.3\\out\\server\\src\\server.js:37:74872\n    at Ye (c:\\Users\\Gabriel\\.vscode\\extensions\\uqbar.wollok-lsp-ide-0.5.3\\out\\server\\src\\server.js:7:8527)\n    at qt (c:\\Users\\Gabriel\\.vscode\\extensions\\uqbar.wollok-lsp-ide-0.5.3\\out\\server\\src\\server.js:7:6189)\n    at ot (c:\\Users\\Gabriel\\.vscode\\extensions\\uqbar.wollok-lsp-ide-0.5.3\\out\\server\\src\\server.js:7:6378)\n    at Immediate._onImmediate (c:\\Users\\Gabriel\\.vscode\\extensions\\uqbar.wollok-lsp-ide-0.5.3\\out\\server\\src\\server.js:7:6142)\n    at process.processImmediate (node:internal/timers:485:21)","timestamp":"2025-10-07T19:08:01.637Z"}
{"level":"error","message":"âœ˜ Completions for node Send ([16:4, 16:47] - tests.wtest) failed: Error: [Send]{508071} at tests.wtest:16 exhausted all cases without a match [Send]{508071} at tests.wtest:16 exhausted all cases without a match","stack":"Error: [Send]{508071} at tests.wtest:16 exhausted all cases without a match\n    at c:\\Users\\Gabriel\\.vscode\\extensions\\uqbar.wollok-lsp-ide-0.5.3\\out\\server\\src\\server.js:38:6142\n    at D2 (c:\\Users\\Gabriel\\.vscode\\extensions\\uqbar.wollok-lsp-ide-0.5.3\\out\\server\\src\\server.js:2384:42)\n    at Qh (c:\\Users\\Gabriel\\.vscode\\extensions\\uqbar.wollok-lsp-ide-0.5.3\\out\\server\\src\\server.js:2384:1092)\n    at D2 (c:\\Users\\Gabriel\\.vscode\\extensions\\uqbar.wollok-lsp-ide-0.5.3\\out\\server\\src\\server.js:2384:544)\n    at c:\\Users\\Gabriel\\.vscode\\extensions\\uqbar.wollok-lsp-ide-0.5.3\\out\\server\\src\\server.js:2384:2988\n    at c:\\Users\\Gabriel\\.vscode\\extensions\\uqbar.wollok-lsp-ide-0.5.3\\out\\server\\src\\server.js:2393:8440\n    at c:\\Users\\Gabriel\\.vscode\\extensions\\uqbar.wollok-lsp-ide-0.5.3\\out\\server\\src\\server.js:37:74872\n    at Ye (c:\\Users\\Gabriel\\.vscode\\extensions\\uqbar.wollok-lsp-ide-0.5.3\\out\\server\\src\\server.js:7:8527)\n    at qt (c:\\Users\\Gabriel\\.vscode\\extensions\\uqbar.wollok-lsp-ide-0.5.3\\out\\server\\src\\server.js:7:6189)\n    at ot (c:\\Users\\Gabriel\\.vscode\\extensions\\uqbar.wollok-lsp-ide-0.5.3\\out\\server\\src\\server.js:7:6378)","timestamp":"2025-10-07T19:08:01.637Z"}
{"level":"info","message":"âŒ› Building environment","timeElapsed":238,"timestamp":"2025-10-07T19:08:01.882Z"}
{"level":"error","message":"âœ˜ Completions for node Send ([16:17, 16:45] - tests.wtest) failed: Error: [Send]{5b07b0} at tests.wtest:16 exhausted all cases without a match [Send]{5b07b0} at tests.wtest:16 exhausted all cases without a match","stack":"Error: [Send]{5b07b0} at tests.wtest:16 exhausted all cases without a match\n    at c:\\Users\\Gabriel\\.vscode\\extensions\\uqbar.wollok-lsp-ide-0.5.3\\out\\server\\src\\server.js:38:6142\n    at D2 (c:\\Users\\Gabriel\\.vscode\\extensions\\uqbar.wollok-lsp-ide-0.5.3\\out\\server\\src\\server.js:2384:42)\n    at c:\\Users\\Gabriel\\.vscode\\extensions\\uqbar.wollok-lsp-ide-0.5.3\\out\\server\\src\\server.js:2384:2988\n    at c:\\Users\\Gabriel\\.vscode\\extensions\\uqbar.wollok-lsp-ide-0.5.3\\out\\server\\src\\server.js:2393:8440\n    at c:\\Users\\Gabriel\\.vscode\\extensions\\uqbar.wollok-lsp-ide-0.5.3\\out\\server\\src\\server.js:37:74872\n    at Ye (c:\\Users\\Gabriel\\.vscode\\extensions\\uqbar.wollok-lsp-ide-0.5.3\\out\\server\\src\\server.js:7:8527)\n    at qt (c:\\Users\\Gabriel\\.vscode\\extensions\\uqbar.wollok-lsp-ide-0.5.3\\out\\server\\src\\server.js:7:6189)\n    at ot (c:\\Users\\Gabriel\\.vscode\\extensions\\uqbar.wollok-lsp-ide-0.5.3\\out\\server\\src\\server.js:7:6378)\n    at Immediate._onImmediate (c:\\Users\\Gabriel\\.vscode\\extensions\\uqbar.wollok-lsp-ide-0.5.3\\out\\server\\src\\server.js:7:6142)\n    at process.processImmediate (node:internal/timers:485:21)","timestamp":"2025-10-07T19:08:01.950Z"}
{"level":"error","message":"âœ˜ Completions for node Send ([16:4, 16:46] - tests.wtest) failed: Error: [Send]{aafc67} at tests.wtest:16 exhausted all cases without a match [Send]{aafc67} at tests.wtest:16 exhausted all cases without a match","stack":"Error: [Send]{aafc67} at tests.wtest:16 exhausted all cases without a match\n    at c:\\Users\\Gabriel\\.vscode\\extensions\\uqbar.wollok-lsp-ide-0.5.3\\out\\server\\src\\server.js:38:6142\n    at D2 (c:\\Users\\Gabriel\\.vscode\\extensions\\uqbar.wollok-lsp-ide-0.5.3\\out\\server\\src\\server.js:2384:42)\n    at Qh (c:\\Users\\Gabriel\\.vscode\\extensions\\uqbar.wollok-lsp-ide-0.5.3\\out\\server\\src\\server.js:2384:1092)\n    at D2 (c:\\Users\\Gabriel\\.vscode\\extensions\\uqbar.wollok-lsp-ide-0.5.3\\out\\server\\src\\server.js:2384:544)\n    at c:\\Users\\Gabriel\\.vscode\\extensions\\uqbar.wollok-lsp-ide-0.5.3\\out\\server\\src\\server.js:2384:2988\n    at c:\\Users\\Gabriel\\.vscode\\extensions\\uqbar.wollok-lsp-ide-0.5.3\\out\\server\\src\\server.js:2393:8440\n    at c:\\Users\\Gabriel\\.vscode\\extensions\\uqbar.wollok-lsp-ide-0.5.3\\out\\server\\src\\server.js:37:74872\n    at Ye (c:\\Users\\Gabriel\\.vscode\\extensions\\uqbar.wollok-lsp-ide-0.5.3\\out\\server\\src\\server.js:7:8527)\n    at qt (c:\\Users\\Gabriel\\.vscode\\extensions\\uqbar.wollok-lsp-ide-0.5.3\\out\\server\\src\\server.js:7:6189)\n    at ot (c:\\Users\\Gabriel\\.vscode\\extensions\\uqbar.wollok-lsp-ide-0.5.3\\out\\server\\src\\server.js:7:6378)","timestamp":"2025-10-07T19:08:01.950Z"}
{"level":"info","message":"âŒ› Validating tests.wtest","timeElapsed":341,"timestamp":"2025-10-07T19:08:02.297Z"}
{"level":"info","message":"âŒ› Building environment","timeElapsed":149,"timestamp":"2025-10-07T19:08:02.448Z"}
{"level":"error","message":"âœ˜ Completions for node Send ([16:17, 16:44] - tests.wtest) failed: Error: [Send]{631c97} at tests.wtest:16 exhausted all cases without a match [Send]{631c97} at tests.wtest:16 exhausted all cases without a match","stack":"Error: [Send]{631c97} at tests.wtest:16 exhausted all cases without a match\n    at c:\\Users\\Gabriel\\.vscode\\extensions\\uqbar.wollok-lsp-ide-0.5.3\\out\\server\\src\\server.js:38:6142\n    at D2 (c:\\Users\\Gabriel\\.vscode\\extensions\\uqbar.wollok-lsp-ide-0.5.3\\out\\server\\src\\server.js:2384:42)\n    at c:\\Users\\Gabriel\\.vscode\\extensions\\uqbar.wollok-lsp-ide-0.5.3\\out\\server\\src\\server.js:2384:2988\n    at c:\\Users\\Gabriel\\.vscode\\extensions\\uqbar.wollok-lsp-ide-0.5.3\\out\\server\\src\\server.js:2393:8440\n    at c:\\Users\\Gabriel\\.vscode\\extensions\\uqbar.wollok-lsp-ide-0.5.3\\out\\server\\src\\server.js:37:74872\n    at Ye (c:\\Users\\Gabriel\\.vscode\\extensions\\uqbar.wollok-lsp-ide-0.5.3\\out\\server\\src\\server.js:7:8527)\n    at qt (c:\\Users\\Gabriel\\.vscode\\extensions\\uqbar.wollok-lsp-ide-0.5.3\\out\\server\\src\\server.js:7:6189)\n    at ot (c:\\Users\\Gabriel\\.vscode\\extensions\\uqbar.wollok-lsp-ide-0.5.3\\out\\server\\src\\server.js:7:6378)\n    at Immediate._onImmediate (c:\\Users\\Gabriel\\.vscode\\extensions\\uqbar.wollok-lsp-ide-0.5.3\\out\\server\\src\\server.js:7:6142)\n    at process.processImmediate (node:internal/timers:485:21)","timestamp":"2025-10-07T19:08:02.508Z"}
{"level":"error","message":"âœ˜ Completions for node Send ([16:4, 16:45] - tests.wtest) failed: Error: [Send]{628197} at tests.wtest:16 exhausted all cases without a match [Send]{628197} at tests.wtest:16 exhausted all cases without a match","stack":"Error: [Send]{628197} at tests.wtest:16 exhausted all cases without a match\n    at c:\\Users\\Gabriel\\.vscode\\extensions\\uqbar.wollok-lsp-ide-0.5.3\\out\\server\\src\\server.js:38:6142\n    at D2 (c:\\Users\\Gabriel\\.vscode\\extensions\\uqbar.wollok-lsp-ide-0.5.3\\out\\server\\src\\server.js:2384:42)\n    at Qh (c:\\Users\\Gabriel\\.vscode\\extensions\\uqbar.wollok-lsp-ide-0.5.3\\out\\server\\src\\server.js:2384:1092)\n    at D2 (c:\\Users\\Gabriel\\.vscode\\extensions\\uqbar.wollok-lsp-ide-0.5.3\\out\\server\\src\\server.js:2384:544)\n    at c:\\Users\\Gabriel\\.vscode\\extensions\\uqbar.wollok-lsp-ide-0.5.3\\out\\server\\src\\server.js:2384:2988\n    at c:\\Users\\Gabriel\\.vscode\\extensions\\uqbar.wollok-lsp-ide-0.5.3\\out\\server\\src\\server.js:2393:8440\n    at c:\\Users\\Gabriel\\.vscode\\extensions\\uqbar.wollok-lsp-ide-0.5.3\\out\\server\\src\\server.js:37:74872\n    at Ye (c:\\Users\\Gabriel\\.vscode\\extensions\\uqbar.wollok-lsp-ide-0.5.3\\out\\server\\src\\server.js:7:8527)\n    at qt (c:\\Users\\Gabriel\\.vscode\\extensions\\uqbar.wollok-lsp-ide-0.5.3\\out\\server\\src\\server.js:7:6189)\n    at ot (c:\\Users\\Gabriel\\.vscode\\extensions\\uqbar.wollok-lsp-ide-0.5.3\\out\\server\\src\\server.js:7:6378)","timestamp":"2025-10-07T19:08:02.508Z"}
{"level":"info","message":"âŒ› Building environment","timeElapsed":129,"timestamp":"2025-10-07T19:08:02.666Z"}
{"level":"error","message":"âœ˜ Completions for node Send ([16:17, 16:43] - tests.wtest) failed: Error: [Send]{fb84aa} at tests.wtest:16 exhausted all cases without a match [Send]{fb84aa} at tests.wtest:16 exhausted all cases without a match","stack":"Error: [Send]{fb84aa} at tests.wtest:16 exhausted all cases without a match\n    at c:\\Users\\Gabriel\\.vscode\\extensions\\uqbar.wollok-lsp-ide-0.5.3\\out\\server\\src\\server.js:38:6142\n    at D2 (c:\\Users\\Gabriel\\.vscode\\extensions\\uqbar.wollok-lsp-ide-0.5.3\\out\\server\\src\\server.js:2384:42)\n    at c:\\Users\\Gabriel\\.vscode\\extensions\\uqbar.wollok-lsp-ide-0.5.3\\out\\server\\src\\server.js:2384:2988\n    at c:\\Users\\Gabriel\\.vscode\\extensions\\uqbar.wollok-lsp-ide-0.5.3\\out\\server\\src\\server.js:2393:8440\n    at c:\\Users\\Gabriel\\.vscode\\extensions\\uqbar.wollok-lsp-ide-0.5.3\\out\\server\\src\\server.js:37:74872\n    at Ye (c:\\Users\\Gabriel\\.vscode\\extensions\\uqbar.wollok-lsp-ide-0.5.3\\out\\server\\src\\server.js:7:8527)\n    at qt (c:\\Users\\Gabriel\\.vscode\\extensions\\uqbar.wollok-lsp-ide-0.5.3\\out\\server\\src\\server.js:7:6189)\n    at ot (c:\\Users\\Gabriel\\.vscode\\extensions\\uqbar.wollok-lsp-ide-0.5.3\\out\\server\\src\\server.js:7:6378)\n    at Immediate._onImmediate (c:\\Users\\Gabriel\\.vscode\\extensions\\uqbar.wollok-lsp-ide-0.5.3\\out\\server\\src\\server.js:7:6142)\n    at process.processImmediate (node:internal/timers:485:21)","timestamp":"2025-10-07T19:08:02.748Z"}
{"level":"error","message":"âœ˜ Completions for node Send ([16:4, 16:44] - tests.wtest) failed: Error: [Send]{ca1480} at tests.wtest:16 exhausted all cases without a match [Send]{ca1480} at tests.wtest:16 exhausted all cases without a match","stack":"Error: [Send]{ca1480} at tests.wtest:16 exhausted all cases without a match\n    at c:\\Users\\Gabriel\\.vscode\\extensions\\uqbar.wollok-lsp-ide-0.5.3\\out\\server\\src\\server.js:38:6142\n    at D2 (c:\\Users\\Gabriel\\.vscode\\extensions\\uqbar.wollok-lsp-ide-0.5.3\\out\\server\\src\\server.js:2384:42)\n    at Qh (c:\\Users\\Gabriel\\.vscode\\extensions\\uqbar.wollok-lsp-ide-0.5.3\\out\\server\\src\\server.js:2384:1092)\n    at D2 (c:\\Users\\Gabriel\\.vscode\\extensions\\uqbar.wollok-lsp-ide-0.5.3\\out\\server\\src\\server.js:2384:544)\n    at c:\\Users\\Gabriel\\.vscode\\extensions\\uqbar.wollok-lsp-ide-0.5.3\\out\\server\\src\\server.js:2384:2988\n    at c:\\Users\\Gabriel\\.vscode\\extensions\\uqbar.wollok-lsp-ide-0.5.3\\out\\server\\src\\server.js:2393:8440\n    at c:\\Users\\Gabriel\\.vscode\\extensions\\uqbar.wollok-lsp-ide-0.5.3\\out\\server\\src\\server.js:37:74872\n    at Ye (c:\\Users\\Gabriel\\.vscode\\extensions\\uqbar.wollok-lsp-ide-0.5.3\\out\\server\\src\\server.js:7:8527)\n    at qt (c:\\Users\\Gabriel\\.vscode\\extensions\\uqbar.wollok-lsp-ide-0.5.3\\out\\server\\src\\server.js:7:6189)\n    at ot (c:\\Users\\Gabriel\\.vscode\\extensions\\uqbar.wollok-lsp-ide-0.5.3\\out\\server\\src\\server.js:7:6378)","timestamp":"2025-10-07T19:08:02.749Z"}
{"level":"info","message":"âŒ› Validating tests.wtest","timeElapsed":278,"timestamp":"2025-10-07T19:08:03.032Z"}
{"level":"info","message":"âŒ› Building environment","timeElapsed":197,"timestamp":"2025-10-07T19:08:03.230Z"}
{"level":"error","message":"âœ˜ Completions for node Send ([16:17, 16:42] - tests.wtest) failed: Error: [Send]{8a93a9} at tests.wtest:16 exhausted all cases without a match [Send]{8a93a9} at tests.wtest:16 exhausted all cases without a match","stack":"Error: [Send]{8a93a9} at tests.wtest:16 exhausted all cases without a match\n    at c:\\Users\\Gabriel\\.vscode\\extensions\\uqbar.wollok-lsp-ide-0.5.3\\out\\server\\src\\server.js:38:6142\n    at D2 (c:\\Users\\Gabriel\\.vscode\\extensions\\uqbar.wollok-lsp-ide-0.5.3\\out\\server\\src\\server.js:2384:42)\n    at c:\\Users\\Gabriel\\.vscode\\extensions\\uqbar.wollok-lsp-ide-0.5.3\\out\\server\\src\\server.js:2384:2988\n    at c:\\Users\\Gabriel\\.vscode\\extensions\\uqbar.wollok-lsp-ide-0.5.3\\out\\server\\src\\server.js:2393:8440\n    at c:\\Users\\Gabriel\\.vscode\\extensions\\uqbar.wollok-lsp-ide-0.5.3\\out\\server\\src\\server.js:37:74872\n    at Ye (c:\\Users\\Gabriel\\.vscode\\extensions\\uqbar.wollok-lsp-ide-0.5.3\\out\\server\\src\\server.js:7:8527)\n    at qt (c:\\Users\\Gabriel\\.vscode\\extensions\\uqbar.wollok-lsp-ide-0.5.3\\out\\server\\src\\server.js:7:6189)\n    at ot (c:\\Users\\Gabriel\\.vscode\\extensions\\uqbar.wollok-lsp-ide-0.5.3\\out\\server\\src\\server.js:7:6378)\n    at Immediate._onImmediate (c:\\Users\\Gabriel\\.vscode\\extensions\\uqbar.wollok-lsp-ide-0.5.3\\out\\server\\src\\server.js:7:6142)\n    at process.processImmediate (node:internal/timers:485:21)","timestamp":"2025-10-07T19:08:03.286Z"}
{"level":"error","message":"âœ˜ Completions for node Send ([16:4, 16:43] - tests.wtest) failed: Error: [Send]{75fe64} at tests.wtest:16 exhausted all cases without a match [Send]{75fe64} at tests.wtest:16 exhausted all cases without a match","stack":"Error: [Send]{75fe64} at tests.wtest:16 exhausted all cases without a match\n    at c:\\Users\\Gabriel\\.vscode\\extensions\\uqbar.wollok-lsp-ide-0.5.3\\out\\server\\src\\server.js:38:6142\n    at D2 (c:\\Users\\Gabriel\\.vscode\\extensions\\uqbar.wollok-lsp-ide-0.5.3\\out\\server\\src\\server.js:2384:42)\n    at Qh (c:\\Users\\Gabriel\\.vscode\\extensions\\uqbar.wollok-lsp-ide-0.5.3\\out\\server\\src\\server.js:2384:1092)\n    at D2 (c:\\Users\\Gabriel\\.vscode\\extensions\\uqbar.wollok-lsp-ide-0.5.3\\out\\server\\src\\server.js:2384:544)\n    at c:\\Users\\Gabriel\\.vscode\\extensions\\uqbar.wollok-lsp-ide-0.5.3\\out\\server\\src\\server.js:2384:2988\n    at c:\\Users\\Gabriel\\.vscode\\extensions\\uqbar.wollok-lsp-ide-0.5.3\\out\\server\\src\\server.js:2393:8440\n    at c:\\Users\\Gabriel\\.vscode\\extensions\\uqbar.wollok-lsp-ide-0.5.3\\out\\server\\src\\server.js:37:74872\n    at Ye (c:\\Users\\Gabriel\\.vscode\\extensions\\uqbar.wollok-lsp-ide-0.5.3\\out\\server\\src\\server.js:7:8527)\n    at qt (c:\\Users\\Gabriel\\.vscode\\extensions\\uqbar.wollok-lsp-ide-0.5.3\\out\\server\\src\\server.js:7:6189)\n    at ot (c:\\Users\\Gabriel\\.vscode\\extensions\\uqbar.wollok-lsp-ide-0.5.3\\out\\server\\src\\server.js:7:6378)","timestamp":"2025-10-07T19:08:03.287Z"}
{"level":"info","message":"âŒ› Validating tests.wtest","timeElapsed":266,"timestamp":"2025-10-07T19:08:03.563Z"}
{"level":"info","message":"âŒ› Building environment","timeElapsed":175,"timestamp":"2025-10-07T19:08:03.741Z"}
{"level":"info","message":"âŒ› Validating tests.wtest","timeElapsed":289,"timestamp":"2025-10-07T19:08:04.033Z"}
{"level":"info","message":"âŒ› Building environment","timeElapsed":313,"timestamp":"2025-10-07T19:08:04.347Z"}
{"level":"info","message":"âŒ› Validating tests.wtest","timeElapsed":629,"timestamp":"2025-10-07T19:08:04.978Z"}
{"level":"info","message":"âŒ› Building environment","timeElapsed":257,"timestamp":"2025-10-07T19:08:05.237Z"}
{"level":"info","message":"âŒ› Building environment","timeElapsed":200,"timestamp":"2025-10-07T19:08:05.438Z"}
{"level":"info","message":"âŒ› Validating tests.wtest","timeElapsed":364,"timestamp":"2025-10-07T19:08:05.816Z"}
{"level":"info","message":"âŒ› Validating tests.wtest","timeElapsed":253,"timestamp":"2025-10-07T19:08:06.074Z"}
{"level":"info","message":"âŒ› Validating tests.wtest","timeElapsed":302,"timestamp":"2025-10-07T19:08:06.378Z"}
{"level":"info","message":"âŒ› Validating tests.wtest","timeElapsed":236,"timestamp":"2025-10-07T19:08:06.711Z"}
{"level":"info","message":"âŒ› Validating tests.wtest","timeElapsed":235,"timestamp":"2025-10-07T19:08:07.003Z"}
{"level":"info","message":"âŒ› Validating tests.wtest","timeElapsed":257,"timestamp":"2025-10-07T19:08:07.321Z"}
{"level":"info","message":"âŒ› Validating tests.wtest","timeElapsed":278,"timestamp":"2025-10-07T19:08:07.600Z"}
{"level":"info","message":"ðŸ§ª Test runner executed on c:\\Users\\Gabriel\\Desktop\\ProyectosWollok\\GIT\\2025c2s2-granja-villa-gabrielkakazu","result":{"errored":0,"failed":1,"ok":0},"testsFailed":[{"error":["wollok.lib.AssertionException: Expected <a Maiz> but found <a Trigo>","  at tests.\"tests granja\".\"sembrar\" [tests.wtest:17]"],"test":"tests.\"tests granja\".\"sembrar\""}],"timeElapsed":1879,"timestamp":"2025-10-07T19:08:15.682Z"}
{"level":"info","message":"âŒ› Building environment","timeElapsed":152,"timestamp":"2025-10-07T19:08:24.131Z"}
{"level":"info","message":"âŒ› Validating tests.wtest","timeElapsed":263,"timestamp":"2025-10-07T19:08:24.396Z"}
{"level":"info","message":"âŒ› Building environment","timeElapsed":173,"timestamp":"2025-10-07T19:08:25.034Z"}
{"level":"info","message":"âŒ› Validating tests.wtest","timeElapsed":282,"timestamp":"2025-10-07T19:08:25.318Z"}
{"level":"info","message":"âŒ› Building environment","timeElapsed":204,"timestamp":"2025-10-07T19:08:28.715Z"}
{"level":"info","message":"âŒ› Building environment","timeElapsed":206,"timestamp":"2025-10-07T19:08:28.922Z"}
{"level":"info","message":"âŒ› Validating tests.wtest","timeElapsed":303,"timestamp":"2025-10-07T19:08:29.226Z"}
{"level":"info","message":"âŒ› Building environment","timeElapsed":191,"timestamp":"2025-10-07T19:08:29.419Z"}
{"level":"info","message":"âŒ› Validating tests.wtest","timeElapsed":276,"timestamp":"2025-10-07T19:08:29.696Z"}
{"level":"info","message":"âŒ› Building environment","timeElapsed":168,"timestamp":"2025-10-07T19:08:29.865Z"}
{"level":"info","message":"âŒ› Building environment","timeElapsed":326,"timestamp":"2025-10-07T19:08:30.192Z"}
{"level":"info","message":"âŒ› Validating tests.wtest","timeElapsed":416,"timestamp":"2025-10-07T19:08:30.620Z"}
{"level":"info","message":"âŒ› Validating tests.wtest","timeElapsed":334,"timestamp":"2025-10-07T19:08:30.975Z"}
{"level":"info","message":"âŒ› Building environment","timeElapsed":227,"timestamp":"2025-10-07T19:08:31.208Z"}
{"level":"info","message":"âŒ› Validating tests.wtest","timeElapsed":282,"timestamp":"2025-10-07T19:08:31.512Z"}
{"level":"info","message":"âŒ› Building environment","timeElapsed":169,"timestamp":"2025-10-07T19:08:31.694Z"}
{"level":"error","message":"âœ˜ Completions for node Send ([17:49, 17:57] - tests.wtest) failed: Error: [Send]{96e259} at tests.wtest:17 exhausted all cases without a match [Send]{96e259} at tests.wtest:17 exhausted all cases without a match","stack":"Error: [Send]{96e259} at tests.wtest:17 exhausted all cases without a match\n    at c:\\Users\\Gabriel\\.vscode\\extensions\\uqbar.wollok-lsp-ide-0.5.3\\out\\server\\src\\server.js:38:6142\n    at D2 (c:\\Users\\Gabriel\\.vscode\\extensions\\uqbar.wollok-lsp-ide-0.5.3\\out\\server\\src\\server.js:2384:42)\n    at c:\\Users\\Gabriel\\.vscode\\extensions\\uqbar.wollok-lsp-ide-0.5.3\\out\\server\\src\\server.js:2384:2988\n    at c:\\Users\\Gabriel\\.vscode\\extensions\\uqbar.wollok-lsp-ide-0.5.3\\out\\server\\src\\server.js:2393:8440\n    at c:\\Users\\Gabriel\\.vscode\\extensions\\uqbar.wollok-lsp-ide-0.5.3\\out\\server\\src\\server.js:37:74872\n    at Ye (c:\\Users\\Gabriel\\.vscode\\extensions\\uqbar.wollok-lsp-ide-0.5.3\\out\\server\\src\\server.js:7:8527)\n    at qt (c:\\Users\\Gabriel\\.vscode\\extensions\\uqbar.wollok-lsp-ide-0.5.3\\out\\server\\src\\server.js:7:6189)\n    at ot (c:\\Users\\Gabriel\\.vscode\\extensions\\uqbar.wollok-lsp-ide-0.5.3\\out\\server\\src\\server.js:7:6378)\n    at Immediate._onImmediate (c:\\Users\\Gabriel\\.vscode\\extensions\\uqbar.wollok-lsp-ide-0.5.3\\out\\server\\src\\server.js:7:6142)\n    at process.processImmediate (node:internal/timers:485:21)","timestamp":"2025-10-07T19:08:31.751Z"}
{"level":"error","message":"âœ˜ Completions for node Send ([17:25, 17:58] - tests.wtest) failed: Error: [Send]{2898df} at tests.wtest:17 exhausted all cases without a match [Send]{2898df} at tests.wtest:17 exhausted all cases without a match","stack":"Error: [Send]{2898df} at tests.wtest:17 exhausted all cases without a match\n    at c:\\Users\\Gabriel\\.vscode\\extensions\\uqbar.wollok-lsp-ide-0.5.3\\out\\server\\src\\server.js:38:6142\n    at D2 (c:\\Users\\Gabriel\\.vscode\\extensions\\uqbar.wollok-lsp-ide-0.5.3\\out\\server\\src\\server.js:2384:42)\n    at Qh (c:\\Users\\Gabriel\\.vscode\\extensions\\uqbar.wollok-lsp-ide-0.5.3\\out\\server\\src\\server.js:2384:1092)\n    at D2 (c:\\Users\\Gabriel\\.vscode\\extensions\\uqbar.wollok-lsp-ide-0.5.3\\out\\server\\src\\server.js:2384:544)\n    at c:\\Users\\Gabriel\\.vscode\\extensions\\uqbar.wollok-lsp-ide-0.5.3\\out\\server\\src\\server.js:2384:2988\n    at c:\\Users\\Gabriel\\.vscode\\extensions\\uqbar.wollok-lsp-ide-0.5.3\\out\\server\\src\\server.js:2393:8440\n    at c:\\Users\\Gabriel\\.vscode\\extensions\\uqbar.wollok-lsp-ide-0.5.3\\out\\server\\src\\server.js:37:74872\n    at Ye (c:\\Users\\Gabriel\\.vscode\\extensions\\uqbar.wollok-lsp-ide-0.5.3\\out\\server\\src\\server.js:7:8527)\n    at qt (c:\\Users\\Gabriel\\.vscode\\extensions\\uqbar.wollok-lsp-ide-0.5.3\\out\\server\\src\\server.js:7:6189)\n    at ot (c:\\Users\\Gabriel\\.vscode\\extensions\\uqbar.wollok-lsp-ide-0.5.3\\out\\server\\src\\server.js:7:6378)","timestamp":"2025-10-07T19:08:31.752Z"}
{"level":"error","message":"âœ˜ Completions for node Send ([17:4, 17:59] - tests.wtest) failed: Error: [Send]{9e1b8f} at tests.wtest:17 exhausted all cases without a match [Send]{9e1b8f} at tests.wtest:17 exhausted all cases without a match","stack":"Error: [Send]{9e1b8f} at tests.wtest:17 exhausted all cases without a match\n    at c:\\Users\\Gabriel\\.vscode\\extensions\\uqbar.wollok-lsp-ide-0.5.3\\out\\server\\src\\server.js:38:6142\n    at D2 (c:\\Users\\Gabriel\\.vscode\\extensions\\uqbar.wollok-lsp-ide-0.5.3\\out\\server\\src\\server.js:2384:42)\n    at Qh (c:\\Users\\Gabriel\\.vscode\\extensions\\uqbar.wollok-lsp-ide-0.5.3\\out\\server\\src\\server.js:2384:1092)\n    at D2 (c:\\Users\\Gabriel\\.vscode\\extensions\\uqbar.wollok-lsp-ide-0.5.3\\out\\server\\src\\server.js:2384:544)\n    at Qh (c:\\Users\\Gabriel\\.vscode\\extensions\\uqbar.wollok-lsp-ide-0.5.3\\out\\server\\src\\server.js:2384:1092)\n    at D2 (c:\\Users\\Gabriel\\.vscode\\extensions\\uqbar.wollok-lsp-ide-0.5.3\\out\\server\\src\\server.js:2384:544)\n    at c:\\Users\\Gabriel\\.vscode\\extensions\\uqbar.wollok-lsp-ide-0.5.3\\out\\server\\src\\server.js:2384:2988\n    at c:\\Users\\Gabriel\\.vscode\\extensions\\uqbar.wollok-lsp-ide-0.5.3\\out\\server\\src\\server.js:2393:8440\n    at c:\\Users\\Gabriel\\.vscode\\extensions\\uqbar.wollok-lsp-ide-0.5.3\\out\\server\\src\\server.js:37:74872\n    at Ye (c:\\Users\\Gabriel\\.vscode\\extensions\\uqbar.wollok-lsp-ide-0.5.3\\out\\server\\src\\server.js:7:8527)","timestamp":"2025-10-07T19:08:31.752Z"}
{"level":"info","message":"âŒ› Building environment","timeElapsed":159,"timestamp":"2025-10-07T19:08:31.917Z"}
{"level":"info","message":"âŒ› Building environment","timeElapsed":161,"timestamp":"2025-10-07T19:08:32.106Z"}
{"level":"info","message":"âŒ› Building environment","timeElapsed":166,"timestamp":"2025-10-07T19:08:32.309Z"}
{"level":"info","message":"âŒ› Building environment","timeElapsed":152,"timestamp":"2025-10-07T19:08:32.496Z"}
{"level":"info","message":"âŒ› Validating tests.wtest","timeElapsed":348,"timestamp":"2025-10-07T19:08:32.845Z"}
{"level":"info","message":"âŒ› Building environment","timeElapsed":181,"timestamp":"2025-10-07T19:08:33.027Z"}
{"level":"info","message":"âŒ› Validating tests.wtest","timeElapsed":305,"timestamp":"2025-10-07T19:08:33.369Z"}
{"level":"error","message":"âœ˜ Validate text document error: TypeError: Cannot read properties of undefined (reading 'is') Cannot read properties of undefined (reading 'is')","stack":"TypeError: Cannot read properties of undefined (reading 'is')\n    at prn (c:\\Users\\Gabriel\\.vscode\\extensions\\uqbar.wollok-lsp-ide-0.5.3\\out\\server\\src\\server.js:57:12713)\n    at c:\\Users\\Gabriel\\.vscode\\extensions\\uqbar.wollok-lsp-ide-0.5.3\\out\\server\\src\\server.js:57:43413\n    at c:\\Users\\Gabriel\\.vscode\\extensions\\uqbar.wollok-lsp-ide-0.5.3\\out\\server\\src\\server.js:38:6131\n    at c:\\Users\\Gabriel\\.vscode\\extensions\\uqbar.wollok-lsp-ide-0.5.3\\out\\server\\src\\server.js:57:42876\n    at c:\\Users\\Gabriel\\.vscode\\extensions\\uqbar.wollok-lsp-ide-0.5.3\\out\\server\\src\\server.js:57:33817\n    at c:\\Users\\Gabriel\\.vscode\\extensions\\uqbar.wollok-lsp-ide-0.5.3\\out\\server\\src\\server.js:57:55944\n    at Array.map (<anonymous>)\n    at c:\\Users\\Gabriel\\.vscode\\extensions\\uqbar.wollok-lsp-ide-0.5.3\\out\\server\\src\\server.js:57:55931\n    at c (c:\\Users\\Gabriel\\.vscode\\extensions\\uqbar.wollok-lsp-ide-0.5.3\\out\\server\\src\\server.js:38:13207)\n    at c:\\Users\\Gabriel\\.vscode\\extensions\\uqbar.wollok-lsp-ide-0.5.3\\out\\server\\src\\server.js:38:13198","timestamp":"2025-10-07T19:08:33.862Z"}
{"level":"info","message":"âŒ› Validating tests.wtest","timeElapsed":484,"timestamp":"2025-10-07T19:08:33.863Z"}
{"level":"info","message":"âŒ› Validating tests.wtest","timeElapsed":553,"timestamp":"2025-10-07T19:08:34.417Z"}
{"level":"info","message":"âŒ› Validating tests.wtest","timeElapsed":288,"timestamp":"2025-10-07T19:08:34.705Z"}
{"level":"info","message":"âŒ› Validating tests.wtest","timeElapsed":254,"timestamp":"2025-10-07T19:08:34.969Z"}
{"level":"info","message":"âŒ› Validating tests.wtest","timeElapsed":295,"timestamp":"2025-10-07T19:08:35.264Z"}
{"level":"info","message":"ðŸ§ª Test runner executed on c:\\Users\\Gabriel\\Desktop\\ProyectosWollok\\GIT\\2025c2s2-granja-villa-gabrielkakazu","result":{"errored":0,"failed":0,"ok":1},"testsFailed":[],"timeElapsed":1850,"timestamp":"2025-10-07T19:08:43.722Z"}
{"level":"info","message":"âŒ› Building environment","timeElapsed":202,"timestamp":"2025-10-07T19:08:47.705Z"}
{"level":"info","message":"âŒ› Validating tests.wtest","timeElapsed":303,"timestamp":"2025-10-07T19:08:48.010Z"}
{"level":"info","message":"âŒ› Building environment","timeElapsed":148,"timestamp":"2025-10-07T19:08:48.160Z"}
{"level":"info","message":"âŒ› Validating tests.wtest","timeElapsed":244,"timestamp":"2025-10-07T19:08:48.412Z"}
{"level":"info","message":"âŒ› Building environment","timeElapsed":452,"timestamp":"2025-10-07T19:08:54.004Z"}
{"level":"info","message":"âŒ› Validating tests.wtest","timeElapsed":262,"timestamp":"2025-10-07T19:08:54.301Z"}
{"level":"info","message":"âŒ› Building environment","timeElapsed":189,"timestamp":"2025-10-07T19:08:57.538Z"}
{"level":"info","message":"âŒ› Building environment","timeElapsed":226,"timestamp":"2025-10-07T19:08:57.765Z"}
{"level":"info","message":"âŒ› Validating tests.wtest","timeElapsed":284,"timestamp":"2025-10-07T19:08:58.049Z"}
{"level":"error","message":"âœ˜ Completions for node Send ([19:24, 19:32] - tests.wtest) failed: Error: [Send]{b3dd0a} at tests.wtest:19 exhausted all cases without a match [Send]{b3dd0a} at tests.wtest:19 exhausted all cases without a match","stack":"Error: [Send]{b3dd0a} at tests.wtest:19 exhausted all cases without a match\n    at c:\\Users\\Gabriel\\.vscode\\extensions\\uqbar.wollok-lsp-ide-0.5.3\\out\\server\\src\\server.js:38:6142\n    at D2 (c:\\Users\\Gabriel\\.vscode\\extensions\\uqbar.wollok-lsp-ide-0.5.3\\out\\server\\src\\server.js:2384:42)\n    at c:\\Users\\Gabriel\\.vscode\\extensions\\uqbar.wollok-lsp-ide-0.5.3\\out\\server\\src\\server.js:2384:2988\n    at c:\\Users\\Gabriel\\.vscode\\extensions\\uqbar.wollok-lsp-ide-0.5.3\\out\\server\\src\\server.js:2393:8440\n    at c:\\Users\\Gabriel\\.vscode\\extensions\\uqbar.wollok-lsp-ide-0.5.3\\out\\server\\src\\server.js:37:74872\n    at Ye (c:\\Users\\Gabriel\\.vscode\\extensions\\uqbar.wollok-lsp-ide-0.5.3\\out\\server\\src\\server.js:7:8527)\n    at qt (c:\\Users\\Gabriel\\.vscode\\extensions\\uqbar.wollok-lsp-ide-0.5.3\\out\\server\\src\\server.js:7:6189)\n    at ot (c:\\Users\\Gabriel\\.vscode\\extensions\\uqbar.wollok-lsp-ide-0.5.3\\out\\server\\src\\server.js:7:6378)\n    at Immediate._onImmediate (c:\\Users\\Gabriel\\.vscode\\extensions\\uqbar.wollok-lsp-ide-0.5.3\\out\\server\\src\\server.js:7:6142)\n    at process.processImmediate (node:internal/timers:485:21)","timestamp":"2025-10-07T19:08:58.113Z"}
{"level":"error","message":"âœ˜ Completions for node Send ([19:5, 19:33] - tests.wtest) failed: Error: [Send]{66e607} at tests.wtest:19 exhausted all cases without a match [Send]{66e607} at tests.wtest:19 exhausted all cases without a match","stack":"Error: [Send]{66e607} at tests.wtest:19 exhausted all cases without a match\n    at c:\\Users\\Gabriel\\.vscode\\extensions\\uqbar.wollok-lsp-ide-0.5.3\\out\\server\\src\\server.js:38:6142\n    at D2 (c:\\Users\\Gabriel\\.vscode\\extensions\\uqbar.wollok-lsp-ide-0.5.3\\out\\server\\src\\server.js:2384:42)\n    at Qh (c:\\Users\\Gabriel\\.vscode\\extensions\\uqbar.wollok-lsp-ide-0.5.3\\out\\server\\src\\server.js:2384:1092)\n    at D2 (c:\\Users\\Gabriel\\.vscode\\extensions\\uqbar.wollok-lsp-ide-0.5.3\\out\\server\\src\\server.js:2384:544)\n    at c:\\Users\\Gabriel\\.vscode\\extensions\\uqbar.wollok-lsp-ide-0.5.3\\out\\server\\src\\server.js:2384:2988\n    at c:\\Users\\Gabriel\\.vscode\\extensions\\uqbar.wollok-lsp-ide-0.5.3\\out\\server\\src\\server.js:2393:8440\n    at c:\\Users\\Gabriel\\.vscode\\extensions\\uqbar.wollok-lsp-ide-0.5.3\\out\\server\\src\\server.js:37:74872\n    at Ye (c:\\Users\\Gabriel\\.vscode\\extensions\\uqbar.wollok-lsp-ide-0.5.3\\out\\server\\src\\server.js:7:8527)\n    at qt (c:\\Users\\Gabriel\\.vscode\\extensions\\uqbar.wollok-lsp-ide-0.5.3\\out\\server\\src\\server.js:7:6189)\n    at ot (c:\\Users\\Gabriel\\.vscode\\extensions\\uqbar.wollok-lsp-ide-0.5.3\\out\\server\\src\\server.js:7:6378)","timestamp":"2025-10-07T19:08:58.113Z"}
{"level":"info","message":"âŒ› Building environment","timeElapsed":229,"timestamp":"2025-10-07T19:08:58.348Z"}
{"level":"info","message":"âŒ› Validating tests.wtest","timeElapsed":267,"timestamp":"2025-10-07T19:08:58.615Z"}
{"level":"info","message":"âŒ› Validating tests.wtest","timeElapsed":308,"timestamp":"2025-10-07T19:08:58.940Z"}
{"level":"info","message":"âŒ› Building environment","timeElapsed":183,"timestamp":"2025-10-07T19:09:00.364Z"}
{"level":"info","message":"âŒ› Validating tests.wtest","timeElapsed":262,"timestamp":"2025-10-07T19:09:00.644Z"}
{"level":"info","message":"âŒ› Building environment","timeElapsed":266,"timestamp":"2025-10-07T19:09:01.542Z"}
{"level":"info","message":"âŒ› Validating tests.wtest","timeElapsed":421,"timestamp":"2025-10-07T19:09:01.984Z"}
{"level":"info","message":"âŒ› Building environment","timeElapsed":223,"timestamp":"2025-10-07T19:09:02.283Z"}
{"level":"info","message":"âŒ› Validating tests.wtest","timeElapsed":304,"timestamp":"2025-10-07T19:09:02.590Z"}
{"level":"info","message":"âŒ› Building environment","timeElapsed":176,"timestamp":"2025-10-07T19:09:02.782Z"}
{"level":"info","message":"âŒ› Building environment","timeElapsed":197,"timestamp":"2025-10-07T19:09:02.981Z"}
{"level":"info","message":"âŒ› Validating tests.wtest","timeElapsed":265,"timestamp":"2025-10-07T19:09:03.246Z"}
{"level":"info","message":"âŒ› Validating tests.wtest","timeElapsed":296,"timestamp":"2025-10-07T19:09:03.648Z"}
{"level":"info","message":"âŒ› Building environment","timeElapsed":275,"timestamp":"2025-10-07T19:09:05.102Z"}
{"level":"info","message":"âŒ› Validating tests.wtest","timeElapsed":328,"timestamp":"2025-10-07T19:09:05.450Z"}
{"level":"info","message":"âŒ› Building environment","timeElapsed":440,"timestamp":"2025-10-07T19:09:06.021Z"}
{"level":"info","message":"âŒ› Validating tests.wtest","timeElapsed":280,"timestamp":"2025-10-07T19:09:06.333Z"}
{"level":"info","message":"âŒ› Building environment","timeElapsed":240,"timestamp":"2025-10-07T19:09:07.492Z"}
{"level":"info","message":"âŒ› Validating tests.wtest","timeElapsed":413,"timestamp":"2025-10-07T19:09:07.909Z"}
{"level":"info","message":"âŒ› Building environment","timeElapsed":225,"timestamp":"2025-10-07T19:09:09.663Z"}
{"level":"info","message":"âŒ› Validating tests.wtest","timeElapsed":297,"timestamp":"2025-10-07T19:09:09.983Z"}
{"level":"info","message":"âŒ› Building environment","timeElapsed":181,"timestamp":"2025-10-07T19:09:10.176Z"}
{"level":"info","message":"âŒ› Validating tests.wtest","timeElapsed":289,"timestamp":"2025-10-07T19:09:10.490Z"}
{"level":"info","message":"âŒ› Building environment","timeElapsed":225,"timestamp":"2025-10-07T19:09:18.151Z"}
{"level":"info","message":"âŒ› Building environment","timeElapsed":198,"timestamp":"2025-10-07T19:09:18.352Z"}
{"level":"info","message":"âŒ› Validating tests.wtest","timeElapsed":292,"timestamp":"2025-10-07T19:09:18.645Z"}
{"level":"info","message":"âŒ› Building environment","timeElapsed":427,"timestamp":"2025-10-07T19:09:19.073Z"}
{"level":"info","message":"âŒ› Validating tests.wtest","timeElapsed":338,"timestamp":"2025-10-07T19:09:19.411Z"}
{"level":"info","message":"âŒ› Building environment","timeElapsed":172,"timestamp":"2025-10-07T19:09:19.585Z"}
{"level":"info","message":"âŒ› Building environment","timeElapsed":219,"timestamp":"2025-10-07T19:09:19.805Z"}
{"level":"error","message":"âœ˜ Completions for node Variable ([20:7, 20:58] - tests.wtest) failed: Error: t [Variable]{587c49} at tests.wtest:20 exhausted all cases without a match t [Variable]{587c49} at tests.wtest:20 exhausted all cases without a match","stack":"Error: t [Variable]{587c49} at tests.wtest:20 exhausted all cases without a match\n    at c:\\Users\\Gabriel\\.vscode\\extensions\\uqbar.wollok-lsp-ide-0.5.3\\out\\server\\src\\server.js:38:6142\n    at D2 (c:\\Users\\Gabriel\\.vscode\\extensions\\uqbar.wollok-lsp-ide-0.5.3\\out\\server\\src\\server.js:2384:42)\n    at c:\\Users\\Gabriel\\.vscode\\extensions\\uqbar.wollok-lsp-ide-0.5.3\\out\\server\\src\\server.js:2384:2988\n    at c:\\Users\\Gabriel\\.vscode\\extensions\\uqbar.wollok-lsp-ide-0.5.3\\out\\server\\src\\server.js:2393:8440\n    at c:\\Users\\Gabriel\\.vscode\\extensions\\uqbar.wollok-lsp-ide-0.5.3\\out\\server\\src\\server.js:37:74872\n    at Ye (c:\\Users\\Gabriel\\.vscode\\extensions\\uqbar.wollok-lsp-ide-0.5.3\\out\\server\\src\\server.js:7:8527)\n    at qt (c:\\Users\\Gabriel\\.vscode\\extensions\\uqbar.wollok-lsp-ide-0.5.3\\out\\server\\src\\server.js:7:6189)\n    at ot (c:\\Users\\Gabriel\\.vscode\\extensions\\uqbar.wollok-lsp-ide-0.5.3\\out\\server\\src\\server.js:7:6378)\n    at Immediate._onImmediate (c:\\Users\\Gabriel\\.vscode\\extensions\\uqbar.wollok-lsp-ide-0.5.3\\out\\server\\src\\server.js:7:6142)\n    at process.processImmediate (node:internal/timers:485:21)","timestamp":"2025-10-07T19:09:19.862Z"}
{"level":"info","message":"âŒ› Validating tests.wtest","timeElapsed":288,"timestamp":"2025-10-07T19:09:20.164Z"}
{"level":"info","message":"âŒ› Building environment","timeElapsed":139,"timestamp":"2025-10-07T19:09:20.312Z"}
{"level":"info","message":"âŒ› Building environment","timeElapsed":166,"timestamp":"2025-10-07T19:09:20.479Z"}
{"level":"info","message":"âŒ› Building environment","timeElapsed":207,"timestamp":"2025-10-07T19:09:20.686Z"}
{"level":"info","message":"âŒ› Validating tests.wtest","timeElapsed":324,"timestamp":"2025-10-07T19:09:21.012Z"}
{"level":"info","message":"âŒ› Building environment","timeElapsed":192,"timestamp":"2025-10-07T19:09:21.214Z"}
{"level":"info","message":"âŒ› Building environment","timeElapsed":168,"timestamp":"2025-10-07T19:09:21.383Z"}
{"level":"info","message":"âŒ› Validating tests.wtest","timeElapsed":314,"timestamp":"2025-10-07T19:09:21.698Z"}
{"level":"info","message":"âŒ› Validating tests.wtest","timeElapsed":392,"timestamp":"2025-10-07T19:09:22.114Z"}
{"level":"info","message":"âŒ› Validating tests.wtest","timeElapsed":449,"timestamp":"2025-10-07T19:09:22.563Z"}
{"level":"info","message":"âŒ› Validating tests.wtest","timeElapsed":274,"timestamp":"2025-10-07T19:09:22.838Z"}
{"level":"info","message":"âŒ› Validating tests.wtest","timeElapsed":378,"timestamp":"2025-10-07T19:09:23.228Z"}
{"level":"info","message":"âŒ› Validating tests.wtest","timeElapsed":270,"timestamp":"2025-10-07T19:09:23.509Z"}
{"level":"info","message":"âŒ› Building environment","timeElapsed":196,"timestamp":"2025-10-07T19:09:23.712Z"}
{"level":"info","message":"âŒ› Building environment","timeElapsed":168,"timestamp":"2025-10-07T19:09:23.881Z"}
{"level":"info","message":"âŒ› Building environment","timeElapsed":219,"timestamp":"2025-10-07T19:09:24.132Z"}
{"level":"info","message":"âŒ› Validating tests.wtest","timeElapsed":263,"timestamp":"2025-10-07T19:09:24.435Z"}
{"level":"info","message":"âŒ› Building environment","timeElapsed":224,"timestamp":"2025-10-07T19:09:24.660Z"}
{"level":"info","message":"âŒ› Validating tests.wtest","timeElapsed":290,"timestamp":"2025-10-07T19:09:24.951Z"}
{"level":"info","message":"âŒ› Building environment","timeElapsed":173,"timestamp":"2025-10-07T19:09:25.132Z"}
{"level":"info","message":"âŒ› Validating tests.wtest","timeElapsed":292,"timestamp":"2025-10-07T19:09:25.488Z"}
{"level":"info","message":"âŒ› Building environment","timeElapsed":258,"timestamp":"2025-10-07T19:09:25.755Z"}
{"level":"info","message":"âŒ› Validating tests.wtest","timeElapsed":416,"timestamp":"2025-10-07T19:09:26.172Z"}
{"level":"info","message":"âŒ› Building environment","timeElapsed":260,"timestamp":"2025-10-07T19:09:26.433Z"}
{"level":"info","message":"âŒ› Validating tests.wtest","timeElapsed":319,"timestamp":"2025-10-07T19:09:26.762Z"}
{"level":"info","message":"âŒ› Building environment","timeElapsed":169,"timestamp":"2025-10-07T19:09:26.954Z"}
{"level":"info","message":"âŒ› Building environment","timeElapsed":176,"timestamp":"2025-10-07T19:09:27.132Z"}
{"level":"info","message":"âŒ› Validating tests.wtest","timeElapsed":281,"timestamp":"2025-10-07T19:09:27.425Z"}
{"level":"info","message":"âŒ› Building environment","timeElapsed":176,"timestamp":"2025-10-07T19:09:27.606Z"}
{"level":"info","message":"âŒ› Building environment","timeElapsed":156,"timestamp":"2025-10-07T19:09:27.786Z"}
{"level":"info","message":"âŒ› Validating tests.wtest","timeElapsed":271,"timestamp":"2025-10-07T19:09:28.092Z"}
{"level":"info","message":"âŒ› Building environment","timeElapsed":212,"timestamp":"2025-10-07T19:09:28.305Z"}
{"level":"info","message":"âŒ› Building environment","timeElapsed":173,"timestamp":"2025-10-07T19:09:28.481Z"}
{"level":"info","message":"âŒ› Building environment","timeElapsed":163,"timestamp":"2025-10-07T19:09:28.681Z"}
{"level":"info","message":"âŒ› Validating tests.wtest","timeElapsed":540,"timestamp":"2025-10-07T19:09:29.253Z"}
{"level":"info","message":"âŒ› Validating tests.wtest","timeElapsed":436,"timestamp":"2025-10-07T19:09:29.707Z"}
{"level":"info","message":"âŒ› Validating tests.wtest","timeElapsed":313,"timestamp":"2025-10-07T19:09:30.024Z"}
{"level":"info","message":"âŒ› Validating tests.wtest","timeElapsed":248,"timestamp":"2025-10-07T19:09:30.278Z"}
{"level":"info","message":"âŒ› Validating tests.wtest","timeElapsed":259,"timestamp":"2025-10-07T19:09:30.544Z"}
{"level":"info","message":"âŒ› Validating tests.wtest","timeElapsed":296,"timestamp":"2025-10-07T19:09:30.847Z"}
{"level":"info","message":"âŒ› Validating tests.wtest","timeElapsed":256,"timestamp":"2025-10-07T19:09:31.105Z"}
{"level":"info","message":"âŒ› Building environment","timeElapsed":364,"timestamp":"2025-10-07T19:09:37.162Z"}
{"level":"error","message":"âœ˜ Completions for node Send ([22:17, 22:40] - tests.wtest) failed: Error: [Send]{33b9a8} at tests.wtest:22 exhausted all cases without a match [Send]{33b9a8} at tests.wtest:22 exhausted all cases without a match","stack":"Error: [Send]{33b9a8} at tests.wtest:22 exhausted all cases without a match\n    at c:\\Users\\Gabriel\\.vscode\\extensions\\uqbar.wollok-lsp-ide-0.5.3\\out\\server\\src\\server.js:38:6142\n    at D2 (c:\\Users\\Gabriel\\.vscode\\extensions\\uqbar.wollok-lsp-ide-0.5.3\\out\\server\\src\\server.js:2384:42)\n    at c:\\Users\\Gabriel\\.vscode\\extensions\\uqbar.wollok-lsp-ide-0.5.3\\out\\server\\src\\server.js:2384:2988\n    at c:\\Users\\Gabriel\\.vscode\\extensions\\uqbar.wollok-lsp-ide-0.5.3\\out\\server\\src\\server.js:2393:8440\n    at c:\\Users\\Gabriel\\.vscode\\extensions\\uqbar.wollok-lsp-ide-0.5.3\\out\\server\\src\\server.js:37:74872\n    at Ye (c:\\Users\\Gabriel\\.vscode\\extensions\\uqbar.wollok-lsp-ide-0.5.3\\out\\server\\src\\server.js:7:8527)\n    at qt (c:\\Users\\Gabriel\\.vscode\\extensions\\uqbar.wollok-lsp-ide-0.5.3\\out\\server\\src\\server.js:7:6189)\n    at ot (c:\\Users\\Gabriel\\.vscode\\extensions\\uqbar.wollok-lsp-ide-0.5.3\\out\\server\\src\\server.js:7:6378)\n    at Immediate._onImmediate (c:\\Users\\Gabriel\\.vscode\\extensions\\uqbar.wollok-lsp-ide-0.5.3\\out\\server\\src\\server.js:7:6142)\n    at process.processImmediate (node:internal/timers:485:21)","timestamp":"2025-10-07T19:09:37.226Z"}
{"level":"error","message":"âœ˜ Completions for node Send ([22:4, 22:41] - tests.wtest) failed: Error: [Send]{b3b9dc} at tests.wtest:22 exhausted all cases without a match [Send]{b3b9dc} at tests.wtest:22 exhausted all cases without a match","stack":"Error: [Send]{b3b9dc} at tests.wtest:22 exhausted all cases without a match\n    at c:\\Users\\Gabriel\\.vscode\\extensions\\uqbar.wollok-lsp-ide-0.5.3\\out\\server\\src\\server.js:38:6142\n    at D2 (c:\\Users\\Gabriel\\.vscode\\extensions\\uqbar.wollok-lsp-ide-0.5.3\\out\\server\\src\\server.js:2384:42)\n    at Qh (c:\\Users\\Gabriel\\.vscode\\extensions\\uqbar.wollok-lsp-ide-0.5.3\\out\\server\\src\\server.js:2384:1092)\n    at D2 (c:\\Users\\Gabriel\\.vscode\\extensions\\uqbar.wollok-lsp-ide-0.5.3\\out\\server\\src\\server.js:2384:544)\n    at c:\\Users\\Gabriel\\.vscode\\extensions\\uqbar.wollok-lsp-ide-0.5.3\\out\\server\\src\\server.js:2384:2988\n    at c:\\Users\\Gabriel\\.vscode\\extensions\\uqbar.wollok-lsp-ide-0.5.3\\out\\server\\src\\server.js:2393:8440\n    at c:\\Users\\Gabriel\\.vscode\\extensions\\uqbar.wollok-lsp-ide-0.5.3\\out\\server\\src\\server.js:37:74872\n    at Ye (c:\\Users\\Gabriel\\.vscode\\extensions\\uqbar.wollok-lsp-ide-0.5.3\\out\\server\\src\\server.js:7:8527)\n    at qt (c:\\Users\\Gabriel\\.vscode\\extensions\\uqbar.wollok-lsp-ide-0.5.3\\out\\server\\src\\server.js:7:6189)\n    at ot (c:\\Users\\Gabriel\\.vscode\\extensions\\uqbar.wollok-lsp-ide-0.5.3\\out\\server\\src\\server.js:7:6378)","timestamp":"2025-10-07T19:09:37.228Z"}
{"level":"info","message":"âŒ› Building environment","timeElapsed":180,"timestamp":"2025-10-07T19:09:37.414Z"}
{"level":"info","message":"âŒ› Building environment","timeElapsed":185,"timestamp":"2025-10-07T19:09:37.601Z"}
{"level":"info","message":"âŒ› Validating tests.wtest","timeElapsed":336,"timestamp":"2025-10-07T19:09:37.942Z"}
{"level":"info","message":"âŒ› Building environment","timeElapsed":262,"timestamp":"2025-10-07T19:09:38.206Z"}
{"level":"info","message":"âŒ› Validating tests.wtest","timeElapsed":293,"timestamp":"2025-10-07T19:09:38.507Z"}
{"level":"info","message":"âŒ› Validating tests.wtest","timeElapsed":287,"timestamp":"2025-10-07T19:09:38.819Z"}
{"level":"info","message":"âŒ› Building environment","timeElapsed":217,"timestamp":"2025-10-07T19:09:39.037Z"}
{"level":"info","message":"âŒ› Validating tests.wtest","timeElapsed":317,"timestamp":"2025-10-07T19:09:39.355Z"}
{"level":"info","message":"âŒ› Building environment","timeElapsed":193,"timestamp":"2025-10-07T19:09:39.563Z"}
{"level":"error","message":"âœ˜ Completions for node Send ([22:17, 22:43] - tests.wtest) failed: Error: [Send]{435c54} at tests.wtest:22 exhausted all cases without a match [Send]{435c54} at tests.wtest:22 exhausted all cases without a match","stack":"Error: [Send]{435c54} at tests.wtest:22 exhausted all cases without a match\n    at c:\\Users\\Gabriel\\.vscode\\extensions\\uqbar.wollok-lsp-ide-0.5.3\\out\\server\\src\\server.js:38:6142\n    at D2 (c:\\Users\\Gabriel\\.vscode\\extensions\\uqbar.wollok-lsp-ide-0.5.3\\out\\server\\src\\server.js:2384:42)\n    at c:\\Users\\Gabriel\\.vscode\\extensions\\uqbar.wollok-lsp-ide-0.5.3\\out\\server\\src\\server.js:2384:2988\n    at c:\\Users\\Gabriel\\.vscode\\extensions\\uqbar.wollok-lsp-ide-0.5.3\\out\\server\\src\\server.js:2393:8440\n    at c:\\Users\\Gabriel\\.vscode\\extensions\\uqbar.wollok-lsp-ide-0.5.3\\out\\server\\src\\server.js:37:74872\n    at Ye (c:\\Users\\Gabriel\\.vscode\\extensions\\uqbar.wollok-lsp-ide-0.5.3\\out\\server\\src\\server.js:7:8527)\n    at qt (c:\\Users\\Gabriel\\.vscode\\extensions\\uqbar.wollok-lsp-ide-0.5.3\\out\\server\\src\\server.js:7:6189)\n    at ot (c:\\Users\\Gabriel\\.vscode\\extensions\\uqbar.wollok-lsp-ide-0.5.3\\out\\server\\src\\server.js:7:6378)\n    at Immediate._onImmediate (c:\\Users\\Gabriel\\.vscode\\extensions\\uqbar.wollok-lsp-ide-0.5.3\\out\\server\\src\\server.js:7:6142)\n    at process.processImmediate (node:internal/timers:485:21)","timestamp":"2025-10-07T19:09:39.623Z"}
{"level":"error","message":"âœ˜ Completions for node Send ([22:4, 22:44] - tests.wtest) failed: Error: [Send]{38b43a} at tests.wtest:22 exhausted all cases without a match [Send]{38b43a} at tests.wtest:22 exhausted all cases without a match","stack":"Error: [Send]{38b43a} at tests.wtest:22 exhausted all cases without a match\n    at c:\\Users\\Gabriel\\.vscode\\extensions\\uqbar.wollok-lsp-ide-0.5.3\\out\\server\\src\\server.js:38:6142\n    at D2 (c:\\Users\\Gabriel\\.vscode\\extensions\\uqbar.wollok-lsp-ide-0.5.3\\out\\server\\src\\server.js:2384:42)\n    at Qh (c:\\Users\\Gabriel\\.vscode\\extensions\\uqbar.wollok-lsp-ide-0.5.3\\out\\server\\src\\server.js:2384:1092)\n    at D2 (c:\\Users\\Gabriel\\.vscode\\extensions\\uqbar.wollok-lsp-ide-0.5.3\\out\\server\\src\\server.js:2384:544)\n    at c:\\Users\\Gabriel\\.vscode\\extensions\\uqbar.wollok-lsp-ide-0.5.3\\out\\server\\src\\server.js:2384:2988\n    at c:\\Users\\Gabriel\\.vscode\\extensions\\uqbar.wollok-lsp-ide-0.5.3\\out\\server\\src\\server.js:2393:8440\n    at c:\\Users\\Gabriel\\.vscode\\extensions\\uqbar.wollok-lsp-ide-0.5.3\\out\\server\\src\\server.js:37:74872\n    at Ye (c:\\Users\\Gabriel\\.vscode\\extensions\\uqbar.wollok-lsp-ide-0.5.3\\out\\server\\src\\server.js:7:8527)\n    at qt (c:\\Users\\Gabriel\\.vscode\\extensions\\uqbar.wollok-lsp-ide-0.5.3\\out\\server\\src\\server.js:7:6189)\n    at ot (c:\\Users\\Gabriel\\.vscode\\extensions\\uqbar.wollok-lsp-ide-0.5.3\\out\\server\\src\\server.js:7:6378)","timestamp":"2025-10-07T19:09:39.624Z"}
{"level":"info","message":"âŒ› Building environment","timeElapsed":188,"timestamp":"2025-10-07T19:09:39.842Z"}
{"level":"info","message":"âŒ› Building environment","timeElapsed":190,"timestamp":"2025-10-07T19:09:40.033Z"}
{"level":"info","message":"âŒ› Building environment","timeElapsed":145,"timestamp":"2025-10-07T19:09:40.180Z"}
{"level":"info","message":"âŒ› Validating tests.wtest","timeElapsed":320,"timestamp":"2025-10-07T19:09:40.531Z"}
{"level":"info","message":"âŒ› Building environment","timeElapsed":191,"timestamp":"2025-10-07T19:09:40.722Z"}
{"level":"info","message":"âŒ› Building environment","timeElapsed":195,"timestamp":"2025-10-07T19:09:40.919Z"}
{"level":"info","message":"âŒ› Validating tests.wtest","timeElapsed":285,"timestamp":"2025-10-07T19:09:41.229Z"}
{"level":"info","message":"âŒ› Validating tests.wtest","timeElapsed":405,"timestamp":"2025-10-07T19:09:41.650Z"}
{"level":"info","message":"âŒ› Validating tests.wtest","timeElapsed":523,"timestamp":"2025-10-07T19:09:42.175Z"}
{"level":"info","message":"âŒ› Validating tests.wtest","timeElapsed":274,"timestamp":"2025-10-07T19:09:42.451Z"}
{"level":"info","message":"âŒ› Validating tests.wtest","timeElapsed":276,"timestamp":"2025-10-07T19:09:42.792Z"}
{"level":"info","message":"âŒ› Validating tests.wtest","timeElapsed":474,"timestamp":"2025-10-07T19:09:43.271Z"}
{"level":"info","message":"âŒ› Building environment","timeElapsed":206,"timestamp":"2025-10-07T19:09:48.925Z"}
{"level":"info","message":"âŒ› Validating tests.wtest","timeElapsed":335,"timestamp":"2025-10-07T19:09:49.263Z"}
{"level":"info","message":"âŒ› Building environment","timeElapsed":281,"timestamp":"2025-10-07T19:09:53.767Z"}
{"level":"info","message":"âŒ› Validating tests.wtest","timeElapsed":307,"timestamp":"2025-10-07T19:09:54.090Z"}
{"level":"info","message":"âŒ› Building environment","timeElapsed":171,"timestamp":"2025-10-07T19:09:55.348Z"}
{"level":"info","message":"âŒ› Validating tests.wtest","timeElapsed":326,"timestamp":"2025-10-07T19:09:55.675Z"}
{"level":"info","message":"âŒ› Building environment","timeElapsed":239,"timestamp":"2025-10-07T19:09:55.925Z"}
{"level":"info","message":"âŒ› Building environment","timeElapsed":271,"timestamp":"2025-10-07T19:09:56.292Z"}
{"level":"info","message":"âŒ› Building environment","timeElapsed":310,"timestamp":"2025-10-07T19:09:56.605Z"}
{"level":"info","message":"âŒ› Validating tests.wtest","timeElapsed":587,"timestamp":"2025-10-07T19:09:57.194Z"}
{"level":"info","message":"âŒ› Building environment","timeElapsed":278,"timestamp":"2025-10-07T19:09:57.476Z"}
{"level":"info","message":"âŒ› Building environment","timeElapsed":196,"timestamp":"2025-10-07T19:09:57.673Z"}
{"level":"info","message":"âŒ› Validating tests.wtest","timeElapsed":534,"timestamp":"2025-10-07T19:09:58.209Z"}
{"level":"info","message":"âŒ› Building environment","timeElapsed":178,"timestamp":"2025-10-07T19:09:58.388Z"}
{"level":"info","message":"âŒ› Building environment","timeElapsed":201,"timestamp":"2025-10-07T19:09:58.604Z"}
{"level":"info","message":"âŒ› Validating tests.wtest","timeElapsed":316,"timestamp":"2025-10-07T19:09:59.005Z"}
{"level":"info","message":"âŒ› Building environment","timeElapsed":187,"timestamp":"2025-10-07T19:09:59.200Z"}
{"level":"info","message":"âŒ› Building environment","timeElapsed":166,"timestamp":"2025-10-07T19:09:59.405Z"}
{"level":"info","message":"âŒ› Building environment","timeElapsed":813,"timestamp":"2025-10-07T19:10:00.259Z"}
{"level":"info","message":"âŒ› Validating tests.wtest","timeElapsed":392,"timestamp":"2025-10-07T19:10:00.653Z"}
{"level":"info","message":"âŒ› Validating tests.wtest","timeElapsed":259,"timestamp":"2025-10-07T19:10:00.913Z"}
{"level":"info","message":"âŒ› Building environment","timeElapsed":183,"timestamp":"2025-10-07T19:10:01.110Z"}
{"level":"info","message":"âŒ› Building environment","timeElapsed":165,"timestamp":"2025-10-07T19:10:01.278Z"}
{"level":"info","message":"âŒ› Building environment","timeElapsed":229,"timestamp":"2025-10-07T19:10:01.543Z"}
{"level":"info","message":"âŒ› Building environment","timeElapsed":152,"timestamp":"2025-10-07T19:10:01.726Z"}
{"level":"info","message":"âŒ› Validating tests.wtest","timeElapsed":274,"timestamp":"2025-10-07T19:10:02.030Z"}
{"level":"info","message":"âŒ› Building environment","timeElapsed":245,"timestamp":"2025-10-07T19:10:02.276Z"}
{"level":"info","message":"âŒ› Validating tests.wtest","timeElapsed":621,"timestamp":"2025-10-07T19:10:02.898Z"}
{"level":"info","message":"âŒ› Building environment","timeElapsed":284,"timestamp":"2025-10-07T19:10:03.186Z"}
{"level":"info","message":"âŒ› Building environment","timeElapsed":319,"timestamp":"2025-10-07T19:10:03.526Z"}
{"level":"info","message":"âŒ› Building environment","timeElapsed":188,"timestamp":"2025-10-07T19:10:03.732Z"}
{"level":"info","message":"âŒ› Validating tests.wtest","timeElapsed":267,"timestamp":"2025-10-07T19:10:04.000Z"}
{"level":"info","message":"âŒ› Building environment","timeElapsed":207,"timestamp":"2025-10-07T19:10:04.208Z"}
{"level":"info","message":"âŒ› Validating tests.wtest","timeElapsed":256,"timestamp":"2025-10-07T19:10:04.465Z"}
{"level":"info","message":"âŒ› Validating tests.wtest","timeElapsed":300,"timestamp":"2025-10-07T19:10:04.779Z"}
{"level":"info","message":"âŒ› Building environment","timeElapsed":175,"timestamp":"2025-10-07T19:10:04.954Z"}
{"level":"info","message":"âŒ› Validating tests.wtest","timeElapsed":286,"timestamp":"2025-10-07T19:10:05.259Z"}
{"level":"info","message":"âŒ› Validating tests.wtest","timeElapsed":236,"timestamp":"2025-10-07T19:10:05.506Z"}
{"level":"info","message":"âŒ› Validating tests.wtest","timeElapsed":268,"timestamp":"2025-10-07T19:10:05.778Z"}
{"level":"info","message":"âŒ› Validating tests.wtest","timeElapsed":290,"timestamp":"2025-10-07T19:10:06.069Z"}
{"level":"info","message":"âŒ› Building environment","timeElapsed":188,"timestamp":"2025-10-07T19:10:06.258Z"}
{"level":"error","message":"âœ˜ Completions for node Send ([23:4, 23:21] - tests.wtest) failed: Error: [Send]{962488} at tests.wtest:23 exhausted all cases without a match [Send]{962488} at tests.wtest:23 exhausted all cases without a match","stack":"Error: [Send]{962488} at tests.wtest:23 exhausted all cases without a match\n    at c:\\Users\\Gabriel\\.vscode\\extensions\\uqbar.wollok-lsp-ide-0.5.3\\out\\server\\src\\server.js:38:6142\n    at D2 (c:\\Users\\Gabriel\\.vscode\\extensions\\uqbar.wollok-lsp-ide-0.5.3\\out\\server\\src\\server.js:2384:42)\n    at Qh (c:\\Users\\Gabriel\\.vscode\\extensions\\uqbar.wollok-lsp-ide-0.5.3\\out\\server\\src\\server.js:2384:1092)\n    at k6n (c:\\Users\\Gabriel\\.vscode\\extensions\\uqbar.wollok-lsp-ide-0.5.3\\out\\server\\src\\server.js:2384:1248)\n    at c:\\Users\\Gabriel\\.vscode\\extensions\\uqbar.wollok-lsp-ide-0.5.3\\out\\server\\src\\server.js:38:6131\n    at D2 (c:\\Users\\Gabriel\\.vscode\\extensions\\uqbar.wollok-lsp-ide-0.5.3\\out\\server\\src\\server.js:2384:42)\n    at c:\\Users\\Gabriel\\.vscode\\extensions\\uqbar.wollok-lsp-ide-0.5.3\\out\\server\\src\\server.js:2384:2988\n    at c:\\Users\\Gabriel\\.vscode\\extensions\\uqbar.wollok-lsp-ide-0.5.3\\out\\server\\src\\server.js:2393:8440\n    at c:\\Users\\Gabriel\\.vscode\\extensions\\uqbar.wollok-lsp-ide-0.5.3\\out\\server\\src\\server.js:37:74872\n    at Ye (c:\\Users\\Gabriel\\.vscode\\extensions\\uqbar.wollok-lsp-ide-0.5.3\\out\\server\\src\\server.js:7:8527)","timestamp":"2025-10-07T19:10:06.319Z"}
{"level":"info","message":"âŒ› Building environment","timeElapsed":170,"timestamp":"2025-10-07T19:10:06.494Z"}
{"level":"info","message":"âŒ› Validating tests.wtest","timeElapsed":287,"timestamp":"2025-10-07T19:10:06.782Z"}
{"level":"info","message":"âŒ› Building environment","timeElapsed":165,"timestamp":"2025-10-07T19:10:06.948Z"}
{"level":"info","message":"âŒ› Building environment","timeElapsed":199,"timestamp":"2025-10-07T19:10:07.149Z"}
{"level":"info","message":"âŒ› Validating tests.wtest","timeElapsed":294,"timestamp":"2025-10-07T19:10:07.459Z"}
{"level":"info","message":"âŒ› Building environment","timeElapsed":165,"timestamp":"2025-10-07T19:10:07.631Z"}
{"level":"info","message":"âŒ› Building environment","timeElapsed":153,"timestamp":"2025-10-07T19:10:07.860Z"}
{"level":"info","message":"âŒ› Building environment","timeElapsed":146,"timestamp":"2025-10-07T19:10:08.034Z"}
{"level":"info","message":"âŒ› Validating tests.wtest","timeElapsed":280,"timestamp":"2025-10-07T19:10:08.348Z"}
{"level":"info","message":"âŒ› Validating tests.wtest","timeElapsed":430,"timestamp":"2025-10-07T19:10:08.778Z"}
{"level":"info","message":"âŒ› Validating tests.wtest","timeElapsed":452,"timestamp":"2025-10-07T19:10:09.248Z"}
{"level":"info","message":"âŒ› Building environment","timeElapsed":156,"timestamp":"2025-10-07T19:10:09.409Z"}
{"level":"info","message":"âŒ› Validating tests.wtest","timeElapsed":282,"timestamp":"2025-10-07T19:10:09.693Z"}
{"level":"info","message":"âŒ› Building environment","timeElapsed":388,"timestamp":"2025-10-07T19:10:10.106Z"}
{"level":"info","message":"âŒ› Validating tests.wtest","timeElapsed":264,"timestamp":"2025-10-07T19:10:10.396Z"}
{"level":"info","message":"âŒ› Validating tests.wtest","timeElapsed":274,"timestamp":"2025-10-07T19:10:10.676Z"}
{"level":"info","message":"âŒ› Building environment","timeElapsed":372,"timestamp":"2025-10-07T19:10:11.048Z"}
{"level":"info","message":"âŒ› Validating tests.wtest","timeElapsed":272,"timestamp":"2025-10-07T19:10:11.321Z"}
{"level":"info","message":"âŒ› Validating tests.wtest","timeElapsed":514,"timestamp":"2025-10-07T19:10:11.851Z"}
{"level":"info","message":"âŒ› Building environment","timeElapsed":181,"timestamp":"2025-10-07T19:10:12.041Z"}
{"level":"info","message":"âŒ› Validating tests.wtest","timeElapsed":306,"timestamp":"2025-10-07T19:10:12.348Z"}
{"level":"info","message":"âŒ› Validating tests.wtest","timeElapsed":298,"timestamp":"2025-10-07T19:10:12.660Z"}
{"level":"info","message":"âŒ› Validating tests.wtest","timeElapsed":290,"timestamp":"2025-10-07T19:10:12.951Z"}
{"level":"info","message":"âŒ› Building environment","timeElapsed":303,"timestamp":"2025-10-07T19:10:13.263Z"}
{"level":"info","message":"âŒ› Building environment","timeElapsed":214,"timestamp":"2025-10-07T19:10:13.479Z"}
{"level":"info","message":"âŒ› Validating tests.wtest","timeElapsed":302,"timestamp":"2025-10-07T19:10:13.791Z"}
{"level":"info","message":"âŒ› Validating tests.wtest","timeElapsed":288,"timestamp":"2025-10-07T19:10:14.079Z"}
{"level":"info","message":"âŒ› Validating tests.wtest","timeElapsed":541,"timestamp":"2025-10-07T19:10:14.628Z"}
{"level":"info","message":"âŒ› Building environment","timeElapsed":351,"timestamp":"2025-10-07T19:10:14.983Z"}
{"level":"info","message":"âŒ› Building environment","timeElapsed":169,"timestamp":"2025-10-07T19:10:15.239Z"}
{"level":"info","message":"âŒ› Building environment","timeElapsed":167,"timestamp":"2025-10-07T19:10:15.407Z"}
{"level":"info","message":"âŒ› Building environment","timeElapsed":148,"timestamp":"2025-10-07T19:10:15.587Z"}
{"level":"info","message":"âŒ› Validating tests.wtest","timeElapsed":277,"timestamp":"2025-10-07T19:10:15.891Z"}
{"level":"info","message":"âŒ› Building environment","timeElapsed":183,"timestamp":"2025-10-07T19:10:16.088Z"}
{"level":"info","message":"âŒ› Building environment","timeElapsed":373,"timestamp":"2025-10-07T19:10:16.463Z"}
{"level":"info","message":"âŒ› Building environment","timeElapsed":197,"timestamp":"2025-10-07T19:10:16.689Z"}
{"level":"info","message":"âŒ› Validating tests.wtest","timeElapsed":261,"timestamp":"2025-10-07T19:10:17.027Z"}
{"level":"info","message":"âŒ› Building environment","timeElapsed":182,"timestamp":"2025-10-07T19:10:17.209Z"}
{"level":"info","message":"âŒ› Validating tests.wtest","timeElapsed":293,"timestamp":"2025-10-07T19:10:17.503Z"}
{"level":"info","message":"âŒ› Building environment","timeElapsed":163,"timestamp":"2025-10-07T19:10:17.668Z"}
{"level":"info","message":"âŒ› Building environment","timeElapsed":183,"timestamp":"2025-10-07T19:10:17.853Z"}
{"level":"info","message":"âŒ› Building environment","timeElapsed":173,"timestamp":"2025-10-07T19:10:18.027Z"}
{"level":"info","message":"âŒ› Building environment","timeElapsed":174,"timestamp":"2025-10-07T19:10:18.202Z"}
{"level":"info","message":"âŒ› Building environment","timeElapsed":173,"timestamp":"2025-10-07T19:10:18.375Z"}
{"level":"info","message":"âŒ› Building environment","timeElapsed":158,"timestamp":"2025-10-07T19:10:18.534Z"}
{"level":"info","message":"âŒ› Building environment","timeElapsed":145,"timestamp":"2025-10-07T19:10:18.710Z"}
{"level":"info","message":"âŒ› Building environment","timeElapsed":142,"timestamp":"2025-10-07T19:10:18.880Z"}
{"level":"info","message":"âŒ› Validating tests.wtest","timeElapsed":257,"timestamp":"2025-10-07T19:10:19.177Z"}
{"level":"info","message":"âŒ› Validating tests.wtest","timeElapsed":262,"timestamp":"2025-10-07T19:10:19.441Z"}
{"level":"info","message":"âŒ› Validating tests.wtest","timeElapsed":263,"timestamp":"2025-10-07T19:10:19.704Z"}
{"level":"info","message":"âŒ› Validating tests.wtest","timeElapsed":247,"timestamp":"2025-10-07T19:10:19.952Z"}
{"level":"info","message":"âŒ› Validating tests.wtest","timeElapsed":422,"timestamp":"2025-10-07T19:10:20.384Z"}
{"level":"info","message":"âŒ› Building environment","timeElapsed":257,"timestamp":"2025-10-07T19:10:20.650Z"}
{"level":"info","message":"âŒ› Validating tests.wtest","timeElapsed":274,"timestamp":"2025-10-07T19:10:20.925Z"}
{"level":"info","message":"âŒ› Validating tests.wtest","timeElapsed":246,"timestamp":"2025-10-07T19:10:21.186Z"}
{"level":"info","message":"âŒ› Validating tests.wtest","timeElapsed":418,"timestamp":"2025-10-07T19:10:21.606Z"}
{"level":"info","message":"âŒ› Validating tests.wtest","timeElapsed":256,"timestamp":"2025-10-07T19:10:21.868Z"}
{"level":"info","message":"âŒ› Validating tests.wtest","timeElapsed":243,"timestamp":"2025-10-07T19:10:22.121Z"}
{"level":"info","message":"âŒ› Validating tests.wtest","timeElapsed":261,"timestamp":"2025-10-07T19:10:22.382Z"}
{"level":"info","message":"âŒ› Validating tests.wtest","timeElapsed":324,"timestamp":"2025-10-07T19:10:22.707Z"}
{"level":"info","message":"âŒ› Validating tests.wtest","timeElapsed":378,"timestamp":"2025-10-07T19:10:23.086Z"}
{"level":"info","message":"âŒ› Validating tests.wtest","timeElapsed":292,"timestamp":"2025-10-07T19:10:23.387Z"}
{"level":"info","message":"âŒ› Validating tests.wtest","timeElapsed":257,"timestamp":"2025-10-07T19:10:23.644Z"}
{"level":"info","message":"âŒ› Validating tests.wtest","timeElapsed":260,"timestamp":"2025-10-07T19:10:23.905Z"}
{"level":"info","message":"âŒ› Validating tests.wtest","timeElapsed":234,"timestamp":"2025-10-07T19:10:24.153Z"}
{"level":"info","message":"âŒ› Building environment","timeElapsed":196,"timestamp":"2025-10-07T19:10:29.026Z"}
{"level":"info","message":"âŒ› Validating tests.wtest","timeElapsed":290,"timestamp":"2025-10-07T19:10:29.318Z"}
{"level":"info","message":"ðŸ§ª Test runner executed on c:\\Users\\Gabriel\\Desktop\\ProyectosWollok\\GIT\\2025c2s2-granja-villa-gabrielkakazu","result":{"errored":1,"failed":0,"ok":0},"testsFailed":[{"error":["wollok.lang.EvaluationError: RangeError: Visual is already in the game! You cannot add duplicate elements","  at personaje.personaje.sembrar(cultivo) [personaje.wlk:14]\r","  at tests.\"tests granja\".\"sembrar\" [tests.wtest:21]"],"test":"tests.\"tests granja\".\"sembrar\""}],"timeElapsed":1639,"timestamp":"2025-10-07T19:10:41.608Z"}
{"level":"info","message":"âŒ› Building environment","timeElapsed":177,"timestamp":"2025-10-07T19:10:55.561Z"}
{"level":"error","message":"âœ˜ Completions for node Send ([21:5, 21:25] - tests.wtest) failed: Error: [Send]{19c019} at tests.wtest:21 exhausted all cases without a match [Send]{19c019} at tests.wtest:21 exhausted all cases without a match","stack":"Error: [Send]{19c019} at tests.wtest:21 exhausted all cases without a match\n    at c:\\Users\\Gabriel\\.vscode\\extensions\\uqbar.wollok-lsp-ide-0.5.3\\out\\server\\src\\server.js:38:6142\n    at D2 (c:\\Users\\Gabriel\\.vscode\\extensions\\uqbar.wollok-lsp-ide-0.5.3\\out\\server\\src\\server.js:2384:42)\n    at Qh (c:\\Users\\Gabriel\\.vscode\\extensions\\uqbar.wollok-lsp-ide-0.5.3\\out\\server\\src\\server.js:2384:1092)\n    at k6n (c:\\Users\\Gabriel\\.vscode\\extensions\\uqbar.wollok-lsp-ide-0.5.3\\out\\server\\src\\server.js:2384:1248)\n    at c:\\Users\\Gabriel\\.vscode\\extensions\\uqbar.wollok-lsp-ide-0.5.3\\out\\server\\src\\server.js:38:6131\n    at D2 (c:\\Users\\Gabriel\\.vscode\\extensions\\uqbar.wollok-lsp-ide-0.5.3\\out\\server\\src\\server.js:2384:42)\n    at c:\\Users\\Gabriel\\.vscode\\extensions\\uqbar.wollok-lsp-ide-0.5.3\\out\\server\\src\\server.js:2384:2988\n    at c:\\Users\\Gabriel\\.vscode\\extensions\\uqbar.wollok-lsp-ide-0.5.3\\out\\server\\src\\server.js:2393:8440\n    at c:\\Users\\Gabriel\\.vscode\\extensions\\uqbar.wollok-lsp-ide-0.5.3\\out\\server\\src\\server.js:37:74872\n    at Ye (c:\\Users\\Gabriel\\.vscode\\extensions\\uqbar.wollok-lsp-ide-0.5.3\\out\\server\\src\\server.js:7:8527)","timestamp":"2025-10-07T19:10:55.639Z"}
{"level":"info","message":"âŒ› Validating tests.wtest","timeElapsed":342,"timestamp":"2025-10-07T19:10:55.987Z"}
{"level":"info","message":"âŒ› Building environment","timeElapsed":226,"timestamp":"2025-10-07T19:10:56.222Z"}
{"level":"info","message":"âŒ› Building environment","timeElapsed":203,"timestamp":"2025-10-07T19:10:56.446Z"}
{"level":"info","message":"âŒ› Building environment","timeElapsed":165,"timestamp":"2025-10-07T19:10:56.651Z"}
{"level":"info","message":"âŒ› Building environment","timeElapsed":144,"timestamp":"2025-10-07T19:10:56.828Z"}
{"level":"info","message":"âŒ› Building environment","timeElapsed":158,"timestamp":"2025-10-07T19:10:57.022Z"}
{"level":"info","message":"âŒ› Validating tests.wtest","timeElapsed":290,"timestamp":"2025-10-07T19:10:57.340Z"}
{"level":"info","message":"âŒ› Validating tests.wtest","timeElapsed":441,"timestamp":"2025-10-07T19:10:57.795Z"}
{"level":"info","message":"âŒ› Validating tests.wtest","timeElapsed":252,"timestamp":"2025-10-07T19:10:58.048Z"}
{"level":"info","message":"âŒ› Validating tests.wtest","timeElapsed":315,"timestamp":"2025-10-07T19:10:58.370Z"}
{"level":"info","message":"âŒ› Validating tests.wtest","timeElapsed":428,"timestamp":"2025-10-07T19:10:58.815Z"}
{"level":"info","message":"âŒ› Building environment","timeElapsed":218,"timestamp":"2025-10-07T19:10:59.824Z"}
{"level":"info","message":"âŒ› Validating tests.wtest","timeElapsed":309,"timestamp":"2025-10-07T19:11:00.135Z"}
{"level":"info","message":"âŒ› Building environment","timeElapsed":208,"timestamp":"2025-10-07T19:11:02.389Z"}
{"level":"info","message":"âŒ› Validating tests.wtest","timeElapsed":294,"timestamp":"2025-10-07T19:11:02.685Z"}
{"level":"info","message":"âŒ› Building environment","timeElapsed":193,"timestamp":"2025-10-07T19:11:03.039Z"}
{"level":"info","message":"âŒ› Validating tests.wtest","timeElapsed":271,"timestamp":"2025-10-07T19:11:03.329Z"}
{"level":"info","message":"âŒ› Building environment","timeElapsed":199,"timestamp":"2025-10-07T19:11:11.741Z"}
{"level":"info","message":"âŒ› Validating tests.wtest","timeElapsed":268,"timestamp":"2025-10-07T19:11:12.011Z"}
{"level":"info","message":"âŒ› Building environment","timeElapsed":217,"timestamp":"2025-10-07T19:11:12.592Z"}
{"level":"info","message":"âŒ› Validating tests.wtest","timeElapsed":289,"timestamp":"2025-10-07T19:11:12.884Z"}
{"level":"info","message":"âŒ› Building environment","timeElapsed":178,"timestamp":"2025-10-07T19:11:13.807Z"}
{"level":"info","message":"âŒ› Validating tests.wtest","timeElapsed":301,"timestamp":"2025-10-07T19:11:14.110Z"}
{"level":"info","message":"ðŸ§ª Test runner executed on c:\\Users\\Gabriel\\Desktop\\ProyectosWollok\\GIT\\2025c2s2-granja-villa-gabrielkakazu","result":{"errored":0,"failed":1,"ok":0},"testsFailed":[{"error":["wollok.lib.AssertionException: Expected <a Maiz> but found <a Tomaco>","  at tests.\"tests granja\".\"sembrar\" [tests.wtest:24]"],"test":"tests.\"tests granja\".\"sembrar\""}],"timeElapsed":1385,"timestamp":"2025-10-07T19:11:24.307Z"}
{"level":"info","message":"âŒ› Building environment","timeElapsed":186,"timestamp":"2025-10-07T19:11:32.104Z"}
{"level":"error","message":"âœ˜ Completions for node Send ([24:4, 24:68] - tests.wtest) failed: Error: [Send]{8d88de} at tests.wtest:24 exhausted all cases without a match [Send]{8d88de} at tests.wtest:24 exhausted all cases without a match","stack":"Error: [Send]{8d88de} at tests.wtest:24 exhausted all cases without a match\n    at c:\\Users\\Gabriel\\.vscode\\extensions\\uqbar.wollok-lsp-ide-0.5.3\\out\\server\\src\\server.js:38:6142\n    at D2 (c:\\Users\\Gabriel\\.vscode\\extensions\\uqbar.wollok-lsp-ide-0.5.3\\out\\server\\src\\server.js:2384:42)\n    at Qh (c:\\Users\\Gabriel\\.vscode\\extensions\\uqbar.wollok-lsp-ide-0.5.3\\out\\server\\src\\server.js:2384:1092)\n    at k6n (c:\\Users\\Gabriel\\.vscode\\extensions\\uqbar.wollok-lsp-ide-0.5.3\\out\\server\\src\\server.js:2384:1248)\n    at c:\\Users\\Gabriel\\.vscode\\extensions\\uqbar.wollok-lsp-ide-0.5.3\\out\\server\\src\\server.js:38:6131\n    at D2 (c:\\Users\\Gabriel\\.vscode\\extensions\\uqbar.wollok-lsp-ide-0.5.3\\out\\server\\src\\server.js:2384:42)\n    at c:\\Users\\Gabriel\\.vscode\\extensions\\uqbar.wollok-lsp-ide-0.5.3\\out\\server\\src\\server.js:2384:2988\n    at c:\\Users\\Gabriel\\.vscode\\extensions\\uqbar.wollok-lsp-ide-0.5.3\\out\\server\\src\\server.js:2393:8440\n    at c:\\Users\\Gabriel\\.vscode\\extensions\\uqbar.wollok-lsp-ide-0.5.3\\out\\server\\src\\server.js:37:74872\n    at Ye (c:\\Users\\Gabriel\\.vscode\\extensions\\uqbar.wollok-lsp-ide-0.5.3\\out\\server\\src\\server.js:7:8527)","timestamp":"2025-10-07T19:11:32.171Z"}
{"level":"info","message":"âŒ› Validating tests.wtest","timeElapsed":361,"timestamp":"2025-10-07T19:11:32.538Z"}
{"level":"info","message":"âŒ› Building environment","timeElapsed":240,"timestamp":"2025-10-07T19:11:32.791Z"}
{"level":"info","message":"âŒ› Building environment","timeElapsed":160,"timestamp":"2025-10-07T19:11:32.975Z"}
{"level":"info","message":"âŒ› Building environment","timeElapsed":381,"timestamp":"2025-10-07T19:11:33.388Z"}
{"level":"info","message":"âŒ› Building environment","timeElapsed":146,"timestamp":"2025-10-07T19:11:33.567Z"}
{"level":"info","message":"âŒ› Building environment","timeElapsed":221,"timestamp":"2025-10-07T19:11:33.823Z"}
{"level":"info","message":"âŒ› Validating tests.wtest","timeElapsed":250,"timestamp":"2025-10-07T19:11:34.109Z"}
{"level":"info","message":"âŒ› Validating tests.wtest","timeElapsed":285,"timestamp":"2025-10-07T19:11:34.407Z"}
{"level":"info","message":"âŒ› Validating tests.wtest","timeElapsed":297,"timestamp":"2025-10-07T19:11:34.705Z"}
{"level":"info","message":"âŒ› Validating tests.wtest","timeElapsed":351,"timestamp":"2025-10-07T19:11:35.057Z"}
{"level":"info","message":"âŒ› Validating tests.wtest","timeElapsed":447,"timestamp":"2025-10-07T19:11:35.516Z"}
{"level":"info","message":"âŒ› Building environment","timeElapsed":194,"timestamp":"2025-10-07T19:11:35.716Z"}
{"level":"info","message":"âŒ› Validating tests.wtest","timeElapsed":291,"timestamp":"2025-10-07T19:11:36.017Z"}
{"level":"info","message":"âŒ› Building environment","timeElapsed":172,"timestamp":"2025-10-07T19:11:36.222Z"}
{"level":"info","message":"âŒ› Validating tests.wtest","timeElapsed":284,"timestamp":"2025-10-07T19:11:36.508Z"}
{"level":"info","message":"âŒ› Building environment","timeElapsed":196,"timestamp":"2025-10-07T19:11:38.804Z"}
{"level":"info","message":"âŒ› Validating tests.wtest","timeElapsed":279,"timestamp":"2025-10-07T19:11:39.085Z"}
{"level":"info","message":"âŒ› Building environment","timeElapsed":231,"timestamp":"2025-10-07T19:11:40.406Z"}
{"level":"info","message":"âŒ› Validating tests.wtest","timeElapsed":727,"timestamp":"2025-10-07T19:11:41.158Z"}
{"level":"info","message":"âŒ› Building environment","timeElapsed":457,"timestamp":"2025-10-07T19:11:41.658Z"}
{"level":"info","message":"âŒ› Building environment","timeElapsed":212,"timestamp":"2025-10-07T19:11:41.948Z"}
{"level":"info","message":"âŒ› Validating tests.wtest","timeElapsed":351,"timestamp":"2025-10-07T19:11:42.313Z"}
{"level":"info","message":"âŒ› Validating tests.wtest","timeElapsed":310,"timestamp":"2025-10-07T19:11:42.627Z"}
{"level":"info","message":"âŒ› Building environment","timeElapsed":222,"timestamp":"2025-10-07T19:11:42.850Z"}
{"level":"info","message":"âŒ› Building environment","timeElapsed":211,"timestamp":"2025-10-07T19:11:43.063Z"}
{"level":"info","message":"âŒ› Validating tests.wtest","timeElapsed":346,"timestamp":"2025-10-07T19:11:43.436Z"}
{"level":"info","message":"âŒ› Validating tests.wtest","timeElapsed":327,"timestamp":"2025-10-07T19:11:43.763Z"}
{"level":"info","message":"âŒ› Building environment","timeElapsed":197,"timestamp":"2025-10-07T19:11:43.969Z"}
{"level":"info","message":"âŒ› Validating tests.wtest","timeElapsed":283,"timestamp":"2025-10-07T19:11:44.286Z"}
{"level":"info","message":"âŒ› Building environment","timeElapsed":274,"timestamp":"2025-10-07T19:11:52.273Z"}
{"level":"info","message":"âŒ› Validating tests.wtest","timeElapsed":267,"timestamp":"2025-10-07T19:11:52.542Z"}
{"level":"info","message":"âŒ› Building environment","timeElapsed":192,"timestamp":"2025-10-07T19:11:58.506Z"}
{"level":"info","message":"âŒ› Validating tests.wtest","timeElapsed":455,"timestamp":"2025-10-07T19:11:58.962Z"}
{"level":"info","message":"âŒ› Building environment","timeElapsed":325,"timestamp":"2025-10-07T19:12:01.069Z"}
{"level":"error","message":"âœ˜ Completions for node Variable ([26:7, 26:66] - tests.wtest) failed: Error: tomaco2 [Variable]{9f9f82} at tests.wtest:26 exhausted all cases without a match tomaco2 [Variable]{9f9f82} at tests.wtest:26 exhausted all cases without a match","stack":"Error: tomaco2 [Variable]{9f9f82} at tests.wtest:26 exhausted all cases without a match\n    at c:\\Users\\Gabriel\\.vscode\\extensions\\uqbar.wollok-lsp-ide-0.5.3\\out\\server\\src\\server.js:38:6142\n    at D2 (c:\\Users\\Gabriel\\.vscode\\extensions\\uqbar.wollok-lsp-ide-0.5.3\\out\\server\\src\\server.js:2384:42)\n    at c:\\Users\\Gabriel\\.vscode\\extensions\\uqbar.wollok-lsp-ide-0.5.3\\out\\server\\src\\server.js:2384:2988\n    at c:\\Users\\Gabriel\\.vscode\\extensions\\uqbar.wollok-lsp-ide-0.5.3\\out\\server\\src\\server.js:2393:8440\n    at c:\\Users\\Gabriel\\.vscode\\extensions\\uqbar.wollok-lsp-ide-0.5.3\\out\\server\\src\\server.js:37:74872\n    at Ye (c:\\Users\\Gabriel\\.vscode\\extensions\\uqbar.wollok-lsp-ide-0.5.3\\out\\server\\src\\server.js:7:8527)\n    at qt (c:\\Users\\Gabriel\\.vscode\\extensions\\uqbar.wollok-lsp-ide-0.5.3\\out\\server\\src\\server.js:7:6189)\n    at ot (c:\\Users\\Gabriel\\.vscode\\extensions\\uqbar.wollok-lsp-ide-0.5.3\\out\\server\\src\\server.js:7:6378)\n    at Immediate._onImmediate (c:\\Users\\Gabriel\\.vscode\\extensions\\uqbar.wollok-lsp-ide-0.5.3\\out\\server\\src\\server.js:7:6142)\n    at process.processImmediate (node:internal/timers:485:21)","timestamp":"2025-10-07T19:12:01.186Z"}
{"level":"info","message":"âŒ› Validating tests.wtest","timeElapsed":439,"timestamp":"2025-10-07T19:12:01.641Z"}
{"level":"info","message":"âŒ› Building environment","timeElapsed":198,"timestamp":"2025-10-07T19:12:02.254Z"}
{"level":"info","message":"âŒ› Validating tests.wtest","timeElapsed":269,"timestamp":"2025-10-07T19:12:02.525Z"}
{"level":"info","message":"âŒ› Building environment","timeElapsed":188,"timestamp":"2025-10-07T19:12:17.250Z"}
{"level":"info","message":"âŒ› Validating tests.wtest","timeElapsed":315,"timestamp":"2025-10-07T19:12:17.568Z"}
{"level":"info","message":"âŒ› Building environment","timeElapsed":198,"timestamp":"2025-10-07T19:12:22.178Z"}
{"level":"info","message":"âŒ› Validating tests.wtest","timeElapsed":293,"timestamp":"2025-10-07T19:12:22.472Z"}
{"level":"info","message":"âŒ› Building environment","timeElapsed":294,"timestamp":"2025-10-07T19:12:22.782Z"}
{"level":"info","message":"âŒ› Validating tests.wtest","timeElapsed":322,"timestamp":"2025-10-07T19:12:23.120Z"}
{"level":"info","message":"âŒ› Building environment","timeElapsed":177,"timestamp":"2025-10-07T19:12:23.298Z"}
{"level":"info","message":"âŒ› Validating tests.wtest","timeElapsed":291,"timestamp":"2025-10-07T19:12:23.603Z"}
{"level":"info","message":"âŒ› Building environment","timeElapsed":266,"timestamp":"2025-10-07T19:12:25.464Z"}
{"level":"info","message":"âŒ› Building environment","timeElapsed":301,"timestamp":"2025-10-07T19:12:25.789Z"}
{"level":"info","message":"âŒ› Validating tests.wtest","timeElapsed":308,"timestamp":"2025-10-07T19:12:26.137Z"}
{"level":"info","message":"âŒ› Building environment","timeElapsed":277,"timestamp":"2025-10-07T19:12:26.415Z"}
{"level":"info","message":"âŒ› Building environment","timeElapsed":262,"timestamp":"2025-10-07T19:12:26.678Z"}
{"level":"info","message":"âŒ› Validating tests.wtest","timeElapsed":505,"timestamp":"2025-10-07T19:12:27.185Z"}
{"level":"info","message":"âŒ› Building environment","timeElapsed":366,"timestamp":"2025-10-07T19:12:27.553Z"}
{"level":"info","message":"âŒ› Building environment","timeElapsed":194,"timestamp":"2025-10-07T19:12:27.758Z"}
{"level":"error","message":"âœ˜ Completions for node Send ([28:4, 28:25] - tests.wtest) failed: Error: [Send]{d379fc} at tests.wtest:28 exhausted all cases without a match [Send]{d379fc} at tests.wtest:28 exhausted all cases without a match","stack":"Error: [Send]{d379fc} at tests.wtest:28 exhausted all cases without a match\n    at c:\\Users\\Gabriel\\.vscode\\extensions\\uqbar.wollok-lsp-ide-0.5.3\\out\\server\\src\\server.js:38:6142\n    at D2 (c:\\Users\\Gabriel\\.vscode\\extensions\\uqbar.wollok-lsp-ide-0.5.3\\out\\server\\src\\server.js:2384:42)\n    at Qh (c:\\Users\\Gabriel\\.vscode\\extensions\\uqbar.wollok-lsp-ide-0.5.3\\out\\server\\src\\server.js:2384:1092)\n    at k6n (c:\\Users\\Gabriel\\.vscode\\extensions\\uqbar.wollok-lsp-ide-0.5.3\\out\\server\\src\\server.js:2384:1248)\n    at c:\\Users\\Gabriel\\.vscode\\extensions\\uqbar.wollok-lsp-ide-0.5.3\\out\\server\\src\\server.js:38:6131\n    at D2 (c:\\Users\\Gabriel\\.vscode\\extensions\\uqbar.wollok-lsp-ide-0.5.3\\out\\server\\src\\server.js:2384:42)\n    at c:\\Users\\Gabriel\\.vscode\\extensions\\uqbar.wollok-lsp-ide-0.5.3\\out\\server\\src\\server.js:2384:2988\n    at c:\\Users\\Gabriel\\.vscode\\extensions\\uqbar.wollok-lsp-ide-0.5.3\\out\\server\\src\\server.js:2393:8440\n    at c:\\Users\\Gabriel\\.vscode\\extensions\\uqbar.wollok-lsp-ide-0.5.3\\out\\server\\src\\server.js:37:74872\n    at Ye (c:\\Users\\Gabriel\\.vscode\\extensions\\uqbar.wollok-lsp-ide-0.5.3\\out\\server\\src\\server.js:7:8527)","timestamp":"2025-10-07T19:12:27.964Z"}
{"level":"info","message":"âŒ› Validating tests.wtest","timeElapsed":320,"timestamp":"2025-10-07T19:12:28.290Z"}
{"level":"info","message":"âŒ› Building environment","timeElapsed":283,"timestamp":"2025-10-07T19:12:28.578Z"}
{"level":"info","message":"âŒ› Building environment","timeElapsed":232,"timestamp":"2025-10-07T19:12:28.813Z"}
{"level":"info","message":"âŒ› Validating tests.wtest","timeElapsed":361,"timestamp":"2025-10-07T19:12:29.174Z"}
{"level":"info","message":"âŒ› Building environment","timeElapsed":203,"timestamp":"2025-10-07T19:12:29.380Z"}
{"level":"info","message":"âŒ› Building environment","timeElapsed":244,"timestamp":"2025-10-07T19:12:29.639Z"}
{"level":"info","message":"âŒ› Building environment","timeElapsed":195,"timestamp":"2025-10-07T19:12:29.836Z"}
{"level":"info","message":"âŒ› Validating tests.wtest","timeElapsed":268,"timestamp":"2025-10-07T19:12:30.124Z"}
{"level":"info","message":"âŒ› Building environment","timeElapsed":214,"timestamp":"2025-10-07T19:12:30.340Z"}
{"level":"info","message":"âŒ› Validating tests.wtest","timeElapsed":310,"timestamp":"2025-10-07T19:12:30.651Z"}
{"level":"info","message":"âŒ› Building environment","timeElapsed":162,"timestamp":"2025-10-07T19:12:30.835Z"}
{"level":"error","message":"âœ˜ Completions for node Send ([28:4, 28:32] - tests.wtest) failed: Error: [Send]{cb98b6} at tests.wtest:28 exhausted all cases without a match [Send]{cb98b6} at tests.wtest:28 exhausted all cases without a match","stack":"Error: [Send]{cb98b6} at tests.wtest:28 exhausted all cases without a match\n    at c:\\Users\\Gabriel\\.vscode\\extensions\\uqbar.wollok-lsp-ide-0.5.3\\out\\server\\src\\server.js:38:6142\n    at D2 (c:\\Users\\Gabriel\\.vscode\\extensions\\uqbar.wollok-lsp-ide-0.5.3\\out\\server\\src\\server.js:2384:42)\n    at Qh (c:\\Users\\Gabriel\\.vscode\\extensions\\uqbar.wollok-lsp-ide-0.5.3\\out\\server\\src\\server.js:2384:1092)\n    at k6n (c:\\Users\\Gabriel\\.vscode\\extensions\\uqbar.wollok-lsp-ide-0.5.3\\out\\server\\src\\server.js:2384:1248)\n    at c:\\Users\\Gabriel\\.vscode\\extensions\\uqbar.wollok-lsp-ide-0.5.3\\out\\server\\src\\server.js:38:6131\n    at D2 (c:\\Users\\Gabriel\\.vscode\\extensions\\uqbar.wollok-lsp-ide-0.5.3\\out\\server\\src\\server.js:2384:42)\n    at c:\\Users\\Gabriel\\.vscode\\extensions\\uqbar.wollok-lsp-ide-0.5.3\\out\\server\\src\\server.js:2384:2988\n    at c:\\Users\\Gabriel\\.vscode\\extensions\\uqbar.wollok-lsp-ide-0.5.3\\out\\server\\src\\server.js:2393:8440\n    at c:\\Users\\Gabriel\\.vscode\\extensions\\uqbar.wollok-lsp-ide-0.5.3\\out\\server\\src\\server.js:37:74872\n    at Ye (c:\\Users\\Gabriel\\.vscode\\extensions\\uqbar.wollok-lsp-ide-0.5.3\\out\\server\\src\\server.js:7:8527)","timestamp":"2025-10-07T19:12:30.926Z"}
{"level":"info","message":"âŒ› Building environment","timeElapsed":169,"timestamp":"2025-10-07T19:12:31.101Z"}
{"level":"info","message":"âŒ› Validating tests.wtest","timeElapsed":366,"timestamp":"2025-10-07T19:12:31.467Z"}
{"level":"info","message":"âŒ› Building environment","timeElapsed":449,"timestamp":"2025-10-07T19:12:31.916Z"}
{"level":"info","message":"âŒ› Validating tests.wtest","timeElapsed":418,"timestamp":"2025-10-07T19:12:32.337Z"}
{"level":"info","message":"âŒ› Building environment","timeElapsed":214,"timestamp":"2025-10-07T19:12:32.552Z"}
{"level":"info","message":"âŒ› Building environment","timeElapsed":209,"timestamp":"2025-10-07T19:12:32.762Z"}
{"level":"info","message":"âŒ› Building environment","timeElapsed":230,"timestamp":"2025-10-07T19:12:32.996Z"}
{"level":"info","message":"âŒ› Validating tests.wtest","timeElapsed":268,"timestamp":"2025-10-07T19:12:33.266Z"}
{"level":"info","message":"âŒ› Validating tests.wtest","timeElapsed":282,"timestamp":"2025-10-07T19:12:33.563Z"}
{"level":"info","message":"âŒ› Validating tests.wtest","timeElapsed":264,"timestamp":"2025-10-07T19:12:33.835Z"}
{"level":"info","message":"âŒ› Building environment","timeElapsed":312,"timestamp":"2025-10-07T19:12:34.148Z"}
{"level":"info","message":"âŒ› Validating tests.wtest","timeElapsed":321,"timestamp":"2025-10-07T19:12:34.532Z"}
{"level":"info","message":"âŒ› Validating tests.wtest","timeElapsed":276,"timestamp":"2025-10-07T19:12:34.819Z"}
{"level":"info","message":"âŒ› Validating tests.wtest","timeElapsed":424,"timestamp":"2025-10-07T19:12:35.249Z"}
{"level":"info","message":"âŒ› Building environment","timeElapsed":174,"timestamp":"2025-10-07T19:12:35.431Z"}
{"level":"info","message":"âŒ› Building environment","timeElapsed":190,"timestamp":"2025-10-07T19:12:35.647Z"}
{"level":"info","message":"âŒ› Building environment","timeElapsed":196,"timestamp":"2025-10-07T19:12:35.873Z"}
{"level":"info","message":"âŒ› Validating tests.wtest","timeElapsed":262,"timestamp":"2025-10-07T19:12:36.191Z"}
{"level":"info","message":"âŒ› Building environment","timeElapsed":174,"timestamp":"2025-10-07T19:12:36.368Z"}
{"level":"info","message":"âŒ› Building environment","timeElapsed":182,"timestamp":"2025-10-07T19:12:36.551Z"}
{"level":"info","message":"âŒ› Building environment","timeElapsed":201,"timestamp":"2025-10-07T19:12:36.753Z"}
{"level":"info","message":"âŒ› Validating tests.wtest","timeElapsed":282,"timestamp":"2025-10-07T19:12:37.036Z"}
{"level":"info","message":"âŒ› Building environment","timeElapsed":246,"timestamp":"2025-10-07T19:12:37.284Z"}
{"level":"info","message":"âŒ› Validating tests.wtest","timeElapsed":474,"timestamp":"2025-10-07T19:12:37.760Z"}
{"level":"info","message":"âŒ› Validating tests.wtest","timeElapsed":318,"timestamp":"2025-10-07T19:12:38.111Z"}
{"level":"info","message":"âŒ› Building environment","timeElapsed":253,"timestamp":"2025-10-07T19:12:38.374Z"}
{"level":"info","message":"âŒ› Validating tests.wtest","timeElapsed":347,"timestamp":"2025-10-07T19:12:38.769Z"}
{"level":"info","message":"âŒ› Building environment","timeElapsed":224,"timestamp":"2025-10-07T19:12:38.995Z"}
{"level":"info","message":"âŒ› Validating tests.wtest","timeElapsed":300,"timestamp":"2025-10-07T19:12:39.314Z"}
{"level":"info","message":"âŒ› Building environment","timeElapsed":171,"timestamp":"2025-10-07T19:12:39.497Z"}
{"level":"info","message":"âŒ› Validating tests.wtest","timeElapsed":309,"timestamp":"2025-10-07T19:12:39.807Z"}
{"level":"info","message":"âŒ› Validating tests.wtest","timeElapsed":286,"timestamp":"2025-10-07T19:12:40.116Z"}
{"level":"info","message":"âŒ› Validating tests.wtest","timeElapsed":415,"timestamp":"2025-10-07T19:12:40.537Z"}
{"level":"info","message":"âŒ› Validating tests.wtest","timeElapsed":455,"timestamp":"2025-10-07T19:12:41.006Z"}
{"level":"info","message":"âŒ› Validating tests.wtest","timeElapsed":274,"timestamp":"2025-10-07T19:12:41.280Z"}
{"level":"info","message":"âŒ› Building environment","timeElapsed":270,"timestamp":"2025-10-07T19:12:41.554Z"}
{"level":"info","message":"âŒ› Building environment","timeElapsed":220,"timestamp":"2025-10-07T19:12:41.774Z"}
{"level":"info","message":"âŒ› Validating tests.wtest","timeElapsed":293,"timestamp":"2025-10-07T19:12:42.069Z"}
{"level":"error","message":"âœ˜ Failed to rebuild document Failed to parse tests.wtest: \n-- PARSING FAILED --------------------------------------------------\n\nGot the end of the input\n\nExpected one of the following: \n\n' ', '@', 'const', 'method', 'only', 'override', 'test', 'var', '{', '}', any character/byte, comment, whitespace\n","stack":"Error: Failed to parse tests.wtest: \n-- PARSING FAILED --------------------------------------------------\n\nGot the end of the input\n\nExpected one of the following: \n\n' ', '@', 'const', 'method', 'only', 'override', 'test', 'var', '{', '}', any character/byte, comment, whitespace\n\n    at c:\\Users\\Gabriel\\.vscode\\extensions\\uqbar.wollok-lsp-ide-0.5.3\\out\\server\\src\\server.js:2348:13026\n    at Array.map (<anonymous>)\n    at W1n (c:\\Users\\Gabriel\\.vscode\\extensions\\uqbar.wollok-lsp-ide-0.5.3\\out\\server\\src\\server.js:2348:12950)\n    at U2.buildEnvironmentFrom (c:\\Users\\Gabriel\\.vscode\\extensions\\uqbar.wollok-lsp-ide-0.5.3\\out\\server\\src\\server.js:2393:5254)\n    at U2.updateEnvironmentWith (c:\\Users\\Gabriel\\.vscode\\extensions\\uqbar.wollok-lsp-ide-0.5.3\\out\\server\\src\\server.js:2393:4989)\n    at JF (c:\\Users\\Gabriel\\.vscode\\extensions\\uqbar.wollok-lsp-ide-0.5.3\\out\\server\\src\\server.js:2393:7383)\n    at F3.invoke (c:\\Users\\Gabriel\\.vscode\\extensions\\uqbar.wollok-lsp-ide-0.5.3\\out\\server\\src\\server.js:3:157334)\n    at o.fire (c:\\Users\\Gabriel\\.vscode\\extensions\\uqbar.wollok-lsp-ide-0.5.3\\out\\server\\src\\server.js:3:158104)\n    at c:\\Users\\Gabriel\\.vscode\\extensions\\uqbar.wollok-lsp-ide-0.5.3\\out\\server\\src\\server.js:37:57871\n    at Zr (c:\\Users\\Gabriel\\.vscode\\extensions\\uqbar.wollok-lsp-ide-0.5.3\\out\\server\\src\\server.js:8:1561)","timestamp":"2025-10-07T19:12:42.123Z"}
{"level":"info","message":"âŒ› Validating tests.wtest","timeElapsed":276,"timestamp":"2025-10-07T19:12:42.411Z"}
{"level":"info","message":"âŒ› Validating tests.wtest","timeElapsed":281,"timestamp":"2025-10-07T19:12:42.698Z"}
{"level":"info","message":"âŒ› Validating tests.wtest","timeElapsed":373,"timestamp":"2025-10-07T19:12:43.076Z"}
{"level":"info","message":"âŒ› Building environment","timeElapsed":273,"timestamp":"2025-10-07T19:12:43.359Z"}
{"level":"info","message":"âŒ› Validating tests.wtest","timeElapsed":372,"timestamp":"2025-10-07T19:12:43.784Z"}
{"level":"info","message":"âŒ› Building environment","timeElapsed":220,"timestamp":"2025-10-07T19:12:44.004Z"}
{"level":"info","message":"âŒ› Validating tests.wtest","timeElapsed":254,"timestamp":"2025-10-07T19:12:44.285Z"}
{"level":"info","message":"âŒ› Validating tests.wtest","timeElapsed":271,"timestamp":"2025-10-07T19:12:44.597Z"}
{"level":"info","message":"âŒ› Validating tests.wtest","timeElapsed":296,"timestamp":"2025-10-07T19:12:44.899Z"}
{"level":"info","message":"âŒ› Building environment","timeElapsed":184,"timestamp":"2025-10-07T19:12:45.104Z"}
{"level":"error","message":"âœ˜ Completions for node Send ([27:5, 27:38] - tests.wtest) failed: Error: [Send]{ac1960} at tests.wtest:27 exhausted all cases without a match [Send]{ac1960} at tests.wtest:27 exhausted all cases without a match","stack":"Error: [Send]{ac1960} at tests.wtest:27 exhausted all cases without a match\n    at c:\\Users\\Gabriel\\.vscode\\extensions\\uqbar.wollok-lsp-ide-0.5.3\\out\\server\\src\\server.js:38:6142\n    at D2 (c:\\Users\\Gabriel\\.vscode\\extensions\\uqbar.wollok-lsp-ide-0.5.3\\out\\server\\src\\server.js:2384:42)\n    at Qh (c:\\Users\\Gabriel\\.vscode\\extensions\\uqbar.wollok-lsp-ide-0.5.3\\out\\server\\src\\server.js:2384:1092)\n    at k6n (c:\\Users\\Gabriel\\.vscode\\extensions\\uqbar.wollok-lsp-ide-0.5.3\\out\\server\\src\\server.js:2384:1248)\n    at c:\\Users\\Gabriel\\.vscode\\extensions\\uqbar.wollok-lsp-ide-0.5.3\\out\\server\\src\\server.js:38:6131\n    at D2 (c:\\Users\\Gabriel\\.vscode\\extensions\\uqbar.wollok-lsp-ide-0.5.3\\out\\server\\src\\server.js:2384:42)\n    at c:\\Users\\Gabriel\\.vscode\\extensions\\uqbar.wollok-lsp-ide-0.5.3\\out\\server\\src\\server.js:2384:2988\n    at c:\\Users\\Gabriel\\.vscode\\extensions\\uqbar.wollok-lsp-ide-0.5.3\\out\\server\\src\\server.js:2393:8440\n    at c:\\Users\\Gabriel\\.vscode\\extensions\\uqbar.wollok-lsp-ide-0.5.3\\out\\server\\src\\server.js:37:74872\n    at Ye (c:\\Users\\Gabriel\\.vscode\\extensions\\uqbar.wollok-lsp-ide-0.5.3\\out\\server\\src\\server.js:7:8527)","timestamp":"2025-10-07T19:12:45.183Z"}
{"level":"info","message":"âŒ› Validating tests.wtest","timeElapsed":274,"timestamp":"2025-10-07T19:12:45.470Z"}
{"level":"info","message":"âŒ› Building environment","timeElapsed":192,"timestamp":"2025-10-07T19:12:53.179Z"}
{"level":"info","message":"âŒ› Validating tests.wtest","timeElapsed":308,"timestamp":"2025-10-07T19:12:53.489Z"}
{"level":"info","message":"âŒ› Building environment","timeElapsed":280,"timestamp":"2025-10-07T19:12:53.903Z"}
{"level":"info","message":"âŒ› Validating tests.wtest","timeElapsed":298,"timestamp":"2025-10-07T19:12:54.202Z"}
{"level":"info","message":"âŒ› Building environment","timeElapsed":249,"timestamp":"2025-10-07T19:12:54.467Z"}
{"level":"info","message":"âŒ› Validating tests.wtest","timeElapsed":267,"timestamp":"2025-10-07T19:12:54.767Z"}
{"level":"info","message":"âŒ› Building environment","timeElapsed":242,"timestamp":"2025-10-07T19:12:55.740Z"}
{"level":"info","message":"âŒ› Validating tests.wtest","timeElapsed":316,"timestamp":"2025-10-07T19:12:56.059Z"}
{"level":"info","message":"âŒ› Building environment","timeElapsed":265,"timestamp":"2025-10-07T19:12:56.829Z"}
{"level":"info","message":"âŒ› Building environment","timeElapsed":218,"timestamp":"2025-10-07T19:12:57.052Z"}
{"level":"info","message":"âŒ› Validating tests.wtest","timeElapsed":301,"timestamp":"2025-10-07T19:12:57.354Z"}
{"level":"info","message":"âŒ› Validating tests.wtest","timeElapsed":274,"timestamp":"2025-10-07T19:12:57.628Z"}
{"level":"info","message":"âŒ› Building environment","timeElapsed":142,"timestamp":"2025-10-07T19:12:57.787Z"}
{"level":"info","message":"âŒ› Building environment","timeElapsed":169,"timestamp":"2025-10-07T19:12:57.988Z"}
{"level":"info","message":"âŒ› Validating tests.wtest","timeElapsed":301,"timestamp":"2025-10-07T19:12:58.320Z"}
{"level":"info","message":"âŒ› Validating tests.wtest","timeElapsed":267,"timestamp":"2025-10-07T19:12:58.601Z"}
{"level":"info","message":"âŒ› Building environment","timeElapsed":169,"timestamp":"2025-10-07T19:12:58.774Z"}
{"level":"info","message":"âŒ› Validating tests.wtest","timeElapsed":279,"timestamp":"2025-10-07T19:12:59.054Z"}
{"level":"info","message":"âŒ› Building environment","timeElapsed":183,"timestamp":"2025-10-07T19:12:59.534Z"}
{"level":"info","message":"âŒ› Validating tests.wtest","timeElapsed":283,"timestamp":"2025-10-07T19:12:59.817Z"}
{"level":"info","message":"âŒ› Building environment","timeElapsed":171,"timestamp":"2025-10-07T19:13:00.273Z"}
{"level":"info","message":"âŒ› Validating tests.wtest","timeElapsed":266,"timestamp":"2025-10-07T19:13:00.560Z"}
{"level":"info","message":"âŒ› Building environment","timeElapsed":185,"timestamp":"2025-10-07T19:13:00.814Z"}
{"level":"info","message":"âŒ› Validating tests.wtest","timeElapsed":281,"timestamp":"2025-10-07T19:13:01.097Z"}
{"level":"info","message":"ðŸ§ª Test runner executed on c:\\Users\\Gabriel\\Desktop\\ProyectosWollok\\GIT\\2025c2s2-granja-villa-gabrielkakazu","result":{"errored":0,"failed":1,"ok":0},"testsFailed":[{"error":["wollok.lib.AssertionException: Block {personaje.sembrar(tomaco2)} should have failed","  at tests.\"tests granja\".\"sembrar\" [tests.wtest:28]"],"test":"tests.\"tests granja\".\"sembrar\""}],"timeElapsed":1738,"timestamp":"2025-10-07T19:13:12.704Z"}
{"level":"info","message":"âŒ› Building environment","timeElapsed":462,"timestamp":"2025-10-07T19:13:48.074Z"}
{"level":"info","message":"âŒ› Building environment","timeElapsed":392,"timestamp":"2025-10-07T19:13:48.467Z"}
{"level":"info","message":"âŒ› Building environment","timeElapsed":199,"timestamp":"2025-10-07T19:13:48.667Z"}
{"level":"info","message":"âŒ› Validating personaje.wlk","timeElapsed":309,"timestamp":"2025-10-07T19:13:48.976Z"}
{"level":"info","message":"âŒ› Validating personaje.wlk","timeElapsed":316,"timestamp":"2025-10-07T19:13:49.312Z"}
{"level":"info","message":"âŒ› Validating personaje.wlk","timeElapsed":312,"timestamp":"2025-10-07T19:13:49.624Z"}
{"level":"info","message":"ðŸ§ª Test runner executed on c:\\Users\\Gabriel\\Desktop\\ProyectosWollok\\GIT\\2025c2s2-granja-villa-gabrielkakazu","result":{"errored":0,"failed":1,"ok":0},"testsFailed":[{"error":["wollok.lib.AssertionException: Block {personaje.sembrar(tomaco2)} should have failed","  at tests.\"tests granja\".\"sembrar\" [tests.wtest:28]"],"test":"tests.\"tests granja\".\"sembrar\""}],"timeElapsed":1753,"timestamp":"2025-10-07T19:14:17.246Z"}
{"level":"info","message":"âŒ› Building environment","timeElapsed":318,"timestamp":"2025-10-07T19:14:37.008Z"}
{"level":"info","message":"âŒ› Validating personaje.wlk","timeElapsed":327,"timestamp":"2025-10-07T19:14:37.427Z"}
{"level":"info","message":"âŒ› Building environment","timeElapsed":274,"timestamp":"2025-10-07T19:15:03.662Z"}
{"level":"info","message":"âŒ› Validating personaje.wlk","timeElapsed":302,"timestamp":"2025-10-07T19:15:04.050Z"}
{"level":"info","message":"âŒ› Building environment","timeElapsed":272,"timestamp":"2025-10-07T19:15:04.442Z"}
{"level":"info","message":"âŒ› Validating personaje.wlk","timeElapsed":317,"timestamp":"2025-10-07T19:15:04.772Z"}
{"level":"info","message":"âŒ› Building environment","timeElapsed":220,"timestamp":"2025-10-07T19:15:05.003Z"}
{"level":"info","message":"âŒ› Building environment","timeElapsed":225,"timestamp":"2025-10-07T19:15:05.307Z"}
{"level":"info","message":"âŒ› Validating personaje.wlk","timeElapsed":327,"timestamp":"2025-10-07T19:15:05.636Z"}
{"level":"info","message":"âŒ› Building environment","timeElapsed":216,"timestamp":"2025-10-07T19:15:05.874Z"}
{"level":"info","message":"âŒ› Validating personaje.wlk","timeElapsed":303,"timestamp":"2025-10-07T19:15:06.177Z"}
{"level":"info","message":"âŒ› Validating personaje.wlk","timeElapsed":318,"timestamp":"2025-10-07T19:15:06.507Z"}
{"level":"info","message":"âŒ› Building environment","timeElapsed":201,"timestamp":"2025-10-07T19:15:06.709Z"}
{"level":"info","message":"âŒ› Validating personaje.wlk","timeElapsed":288,"timestamp":"2025-10-07T19:15:07.042Z"}
{"level":"info","message":"âŒ› Building environment","timeElapsed":252,"timestamp":"2025-10-07T19:15:09.745Z"}
{"level":"info","message":"âŒ› Validating personaje.wlk","timeElapsed":285,"timestamp":"2025-10-07T19:15:10.032Z"}
{"level":"info","message":"âŒ› Building environment","timeElapsed":178,"timestamp":"2025-10-07T19:15:18.177Z"}
{"level":"info","message":"âŒ› Validating personaje.wlk","timeElapsed":335,"timestamp":"2025-10-07T19:15:18.514Z"}
{"level":"info","message":"âŒ› Building environment","timeElapsed":197,"timestamp":"2025-10-07T19:15:18.724Z"}
{"level":"info","message":"âŒ› Validating personaje.wlk","timeElapsed":283,"timestamp":"2025-10-07T19:15:19.018Z"}
{"level":"info","message":"âŒ› Building environment","timeElapsed":189,"timestamp":"2025-10-07T19:15:21.597Z"}
{"level":"info","message":"âŒ› Validating personaje.wlk","timeElapsed":306,"timestamp":"2025-10-07T19:15:21.905Z"}
{"level":"info","message":"âŒ› Building environment","timeElapsed":216,"timestamp":"2025-10-07T19:15:23.206Z"}
{"level":"info","message":"âŒ› Validating personaje.wlk","timeElapsed":289,"timestamp":"2025-10-07T19:15:23.497Z"}
{"level":"info","message":"âŒ› Building environment","timeElapsed":288,"timestamp":"2025-10-07T19:15:26.406Z"}
{"level":"info","message":"âŒ› Validating personaje.wlk","timeElapsed":416,"timestamp":"2025-10-07T19:15:26.859Z"}
{"level":"info","message":"âŒ› Building environment","timeElapsed":336,"timestamp":"2025-10-07T19:15:27.797Z"}
{"level":"info","message":"âŒ› Validating personaje.wlk","timeElapsed":301,"timestamp":"2025-10-07T19:15:28.147Z"}
{"level":"info","message":"âŒ› Building environment","timeElapsed":225,"timestamp":"2025-10-07T19:15:28.373Z"}
{"level":"info","message":"âŒ› Validating personaje.wlk","timeElapsed":272,"timestamp":"2025-10-07T19:15:28.674Z"}
{"level":"info","message":"âŒ› Building environment","timeElapsed":297,"timestamp":"2025-10-07T19:15:29.040Z"}
{"level":"info","message":"âŒ› Validating personaje.wlk","timeElapsed":308,"timestamp":"2025-10-07T19:15:29.400Z"}
{"level":"info","message":"âŒ› Building environment","timeElapsed":272,"timestamp":"2025-10-07T19:15:29.674Z"}
{"level":"info","message":"âŒ› Validating personaje.wlk","timeElapsed":309,"timestamp":"2025-10-07T19:15:29.992Z"}
{"level":"info","message":"âŒ› Building environment","timeElapsed":288,"timestamp":"2025-10-07T19:15:42.157Z"}
{"level":"info","message":"âŒ› Building environment","timeElapsed":233,"timestamp":"2025-10-07T19:15:42.391Z"}
{"level":"info","message":"âŒ› Validating personaje.wlk","timeElapsed":295,"timestamp":"2025-10-07T19:15:42.718Z"}
{"level":"info","message":"âŒ› Building environment","timeElapsed":321,"timestamp":"2025-10-07T19:15:43.040Z"}
{"level":"info","message":"âŒ› Validating personaje.wlk","timeElapsed":282,"timestamp":"2025-10-07T19:15:43.323Z"}
{"level":"info","message":"âŒ› Validating personaje.wlk","timeElapsed":355,"timestamp":"2025-10-07T19:15:43.716Z"}
{"level":"info","message":"âŒ› Building environment","timeElapsed":425,"timestamp":"2025-10-07T19:15:44.146Z"}
{"level":"info","message":"âŒ› Validating personaje.wlk","timeElapsed":347,"timestamp":"2025-10-07T19:15:44.516Z"}
{"level":"info","message":"âŒ› Building environment","timeElapsed":396,"timestamp":"2025-10-07T19:15:44.928Z"}
{"level":"info","message":"âŒ› Validating personaje.wlk","timeElapsed":446,"timestamp":"2025-10-07T19:15:45.408Z"}
{"level":"info","message":"âŒ› Building environment","timeElapsed":222,"timestamp":"2025-10-07T19:15:45.633Z"}
{"level":"info","message":"âŒ› Validating personaje.wlk","timeElapsed":290,"timestamp":"2025-10-07T19:15:45.963Z"}
{"level":"info","message":"âŒ› Building environment","timeElapsed":226,"timestamp":"2025-10-07T19:15:47.128Z"}
{"level":"info","message":"âŒ› Validating personaje.wlk","timeElapsed":321,"timestamp":"2025-10-07T19:15:47.450Z"}
{"level":"info","message":"âŒ› Building environment","timeElapsed":285,"timestamp":"2025-10-07T19:15:48.050Z"}
{"level":"info","message":"âŒ› Validating personaje.wlk","timeElapsed":293,"timestamp":"2025-10-07T19:15:48.351Z"}
{"level":"info","message":"âŒ› Building environment","timeElapsed":235,"timestamp":"2025-10-07T19:15:48.775Z"}
{"level":"info","message":"âŒ› Validating personaje.wlk","timeElapsed":316,"timestamp":"2025-10-07T19:15:49.104Z"}
{"level":"info","message":"âŒ› Building environment","timeElapsed":369,"timestamp":"2025-10-07T19:15:50.711Z"}
{"level":"info","message":"âŒ› Building environment","timeElapsed":570,"timestamp":"2025-10-07T19:15:51.374Z"}
{"level":"info","message":"âŒ› Building environment","timeElapsed":336,"timestamp":"2025-10-07T19:15:51.712Z"}
{"level":"info","message":"âŒ› Building environment","timeElapsed":256,"timestamp":"2025-10-07T19:15:51.969Z"}
{"level":"info","message":"âŒ› Validating personaje.wlk","timeElapsed":290,"timestamp":"2025-10-07T19:15:52.260Z"}
{"level":"info","message":"âŒ› Building environment","timeElapsed":194,"timestamp":"2025-10-07T19:15:52.456Z"}
{"level":"info","message":"âŒ› Building environment","timeElapsed":259,"timestamp":"2025-10-07T19:15:52.972Z"}
{"level":"info","message":"âŒ› Building environment","timeElapsed":238,"timestamp":"2025-10-07T19:15:53.213Z"}
{"level":"info","message":"âŒ› Validating personaje.wlk","timeElapsed":372,"timestamp":"2025-10-07T19:15:53.587Z"}
{"level":"info","message":"âŒ› Building environment","timeElapsed":437,"timestamp":"2025-10-07T19:15:54.026Z"}
{"level":"info","message":"âŒ› Building environment","timeElapsed":206,"timestamp":"2025-10-07T19:15:54.234Z"}
{"level":"info","message":"âŒ› Building environment","timeElapsed":196,"timestamp":"2025-10-07T19:15:54.431Z"}
{"level":"info","message":"âŒ› Validating personaje.wlk","timeElapsed":350,"timestamp":"2025-10-07T19:15:54.784Z"}
{"level":"info","message":"âŒ› Building environment","timeElapsed":481,"timestamp":"2025-10-07T19:15:55.276Z"}
{"level":"info","message":"âŒ› Building environment","timeElapsed":244,"timestamp":"2025-10-07T19:15:55.522Z"}
{"level":"info","message":"âŒ› Validating personaje.wlk","timeElapsed":321,"timestamp":"2025-10-07T19:15:55.843Z"}
{"level":"info","message":"âŒ› Validating personaje.wlk","timeElapsed":325,"timestamp":"2025-10-07T19:15:56.203Z"}
{"level":"info","message":"âŒ› Building environment","timeElapsed":190,"timestamp":"2025-10-07T19:15:56.393Z"}
{"level":"info","message":"âŒ› Building environment","timeElapsed":335,"timestamp":"2025-10-07T19:15:56.732Z"}
{"level":"info","message":"âŒ› Building environment","timeElapsed":430,"timestamp":"2025-10-07T19:15:57.226Z"}
{"level":"info","message":"âŒ› Validating personaje.wlk","timeElapsed":465,"timestamp":"2025-10-07T19:15:57.775Z"}
{"level":"info","message":"âŒ› Building environment","timeElapsed":208,"timestamp":"2025-10-07T19:15:57.985Z"}
{"level":"info","message":"âŒ› Validating personaje.wlk","timeElapsed":288,"timestamp":"2025-10-07T19:15:58.276Z"}
{"level":"info","message":"âŒ› Building environment","timeElapsed":205,"timestamp":"2025-10-07T19:15:58.482Z"}
{"level":"info","message":"âŒ› Building environment","timeElapsed":311,"timestamp":"2025-10-07T19:15:58.795Z"}
{"level":"info","message":"âŒ› Building environment","timeElapsed":230,"timestamp":"2025-10-07T19:15:59.026Z"}
{"level":"info","message":"âŒ› Building environment","timeElapsed":265,"timestamp":"2025-10-07T19:15:59.292Z"}
{"level":"info","message":"âŒ› Validating personaje.wlk","timeElapsed":306,"timestamp":"2025-10-07T19:15:59.626Z"}
{"level":"info","message":"âŒ› Building environment","timeElapsed":167,"timestamp":"2025-10-07T19:15:59.803Z"}
{"level":"info","message":"âŒ› Validating personaje.wlk","timeElapsed":290,"timestamp":"2025-10-07T19:16:00.113Z"}
{"level":"info","message":"âŒ› Building environment","timeElapsed":214,"timestamp":"2025-10-07T19:16:00.330Z"}
{"level":"info","message":"âŒ› Validating personaje.wlk","timeElapsed":287,"timestamp":"2025-10-07T19:16:00.620Z"}
{"level":"info","message":"âŒ› Building environment","timeElapsed":171,"timestamp":"2025-10-07T19:16:00.791Z"}
{"level":"info","message":"âŒ› Building environment","timeElapsed":292,"timestamp":"2025-10-07T19:16:01.085Z"}
{"level":"info","message":"âŒ› Building environment","timeElapsed":233,"timestamp":"2025-10-07T19:16:01.320Z"}
{"level":"info","message":"âŒ› Building environment","timeElapsed":213,"timestamp":"2025-10-07T19:16:01.565Z"}
{"level":"info","message":"âŒ› Validating personaje.wlk","timeElapsed":292,"timestamp":"2025-10-07T19:16:01.890Z"}
{"level":"info","message":"âŒ› Validating personaje.wlk","timeElapsed":264,"timestamp":"2025-10-07T19:16:02.180Z"}
{"level":"info","message":"âŒ› Validating personaje.wlk","timeElapsed":265,"timestamp":"2025-10-07T19:16:02.465Z"}
{"level":"info","message":"âŒ› Validating personaje.wlk","timeElapsed":424,"timestamp":"2025-10-07T19:16:02.905Z"}
{"level":"info","message":"âŒ› Validating personaje.wlk","timeElapsed":497,"timestamp":"2025-10-07T19:16:03.427Z"}
{"level":"info","message":"âŒ› Validating personaje.wlk","timeElapsed":287,"timestamp":"2025-10-07T19:16:03.726Z"}
{"level":"info","message":"âŒ› Validating personaje.wlk","timeElapsed":291,"timestamp":"2025-10-07T19:16:04.035Z"}
{"level":"info","message":"âŒ› Validating personaje.wlk","timeElapsed":275,"timestamp":"2025-10-07T19:16:04.320Z"}
{"level":"info","message":"âŒ› Validating personaje.wlk","timeElapsed":254,"timestamp":"2025-10-07T19:16:04.575Z"}
{"level":"info","message":"âŒ› Validating personaje.wlk","timeElapsed":401,"timestamp":"2025-10-07T19:16:04.982Z"}
{"level":"info","message":"âŒ› Validating personaje.wlk","timeElapsed":283,"timestamp":"2025-10-07T19:16:05.275Z"}
{"level":"info","message":"âŒ› Validating personaje.wlk","timeElapsed":279,"timestamp":"2025-10-07T19:16:05.567Z"}
{"level":"info","message":"âŒ› Validating personaje.wlk","timeElapsed":246,"timestamp":"2025-10-07T19:16:05.823Z"}
{"level":"info","message":"âŒ› Validating personaje.wlk","timeElapsed":259,"timestamp":"2025-10-07T19:16:06.100Z"}
{"level":"info","message":"âŒ› Validating personaje.wlk","timeElapsed":250,"timestamp":"2025-10-07T19:16:06.350Z"}
{"level":"info","message":"âŒ› Validating personaje.wlk","timeElapsed":268,"timestamp":"2025-10-07T19:16:06.691Z"}
{"level":"info","message":"âŒ› Building environment","timeElapsed":153,"timestamp":"2025-10-07T19:16:07.153Z"}
{"level":"info","message":"âŒ› Validating personaje.wlk","timeElapsed":313,"timestamp":"2025-10-07T19:16:07.509Z"}
{"level":"info","message":"âŒ› Building environment","timeElapsed":250,"timestamp":"2025-10-07T19:16:19.020Z"}
{"level":"error","message":"âœ˜ Completions for node If ([38:10, 40:4] - personaje.wlk) failed: Error: [If]{040c24} at personaje.wlk:38 exhausted all cases without a match [If]{040c24} at personaje.wlk:38 exhausted all cases without a match","stack":"Error: [If]{040c24} at personaje.wlk:38 exhausted all cases without a match\n    at c:\\Users\\Gabriel\\.vscode\\extensions\\uqbar.wollok-lsp-ide-0.5.3\\out\\server\\src\\server.js:38:6142\n    at D2 (c:\\Users\\Gabriel\\.vscode\\extensions\\uqbar.wollok-lsp-ide-0.5.3\\out\\server\\src\\server.js:2384:42)\n    at Qh (c:\\Users\\Gabriel\\.vscode\\extensions\\uqbar.wollok-lsp-ide-0.5.3\\out\\server\\src\\server.js:2384:1092)\n    at k6n (c:\\Users\\Gabriel\\.vscode\\extensions\\uqbar.wollok-lsp-ide-0.5.3\\out\\server\\src\\server.js:2384:1248)\n    at c:\\Users\\Gabriel\\.vscode\\extensions\\uqbar.wollok-lsp-ide-0.5.3\\out\\server\\src\\server.js:38:6131\n    at D2 (c:\\Users\\Gabriel\\.vscode\\extensions\\uqbar.wollok-lsp-ide-0.5.3\\out\\server\\src\\server.js:2384:42)\n    at c:\\Users\\Gabriel\\.vscode\\extensions\\uqbar.wollok-lsp-ide-0.5.3\\out\\server\\src\\server.js:2384:2988\n    at c:\\Users\\Gabriel\\.vscode\\extensions\\uqbar.wollok-lsp-ide-0.5.3\\out\\server\\src\\server.js:2393:8440\n    at c:\\Users\\Gabriel\\.vscode\\extensions\\uqbar.wollok-lsp-ide-0.5.3\\out\\server\\src\\server.js:37:74872\n    at Ye (c:\\Users\\Gabriel\\.vscode\\extensions\\uqbar.wollok-lsp-ide-0.5.3\\out\\server\\src\\server.js:7:8527)","timestamp":"2025-10-07T19:16:19.089Z"}
{"level":"error","message":"âœ˜ Completions for node Return ([38:3, 40:4] - personaje.wlk) failed: Error: [Return]{ba64b5} at personaje.wlk:38 exhausted all cases without a match [Return]{ba64b5} at personaje.wlk:38 exhausted all cases without a match","stack":"Error: [Return]{ba64b5} at personaje.wlk:38 exhausted all cases without a match\n    at c:\\Users\\Gabriel\\.vscode\\extensions\\uqbar.wollok-lsp-ide-0.5.3\\out\\server\\src\\server.js:38:6142\n    at D2 (c:\\Users\\Gabriel\\.vscode\\extensions\\uqbar.wollok-lsp-ide-0.5.3\\out\\server\\src\\server.js:2384:42)\n    at Qh (c:\\Users\\Gabriel\\.vscode\\extensions\\uqbar.wollok-lsp-ide-0.5.3\\out\\server\\src\\server.js:2384:1092)\n    at D2 (c:\\Users\\Gabriel\\.vscode\\extensions\\uqbar.wollok-lsp-ide-0.5.3\\out\\server\\src\\server.js:2384:544)\n    at Qh (c:\\Users\\Gabriel\\.vscode\\extensions\\uqbar.wollok-lsp-ide-0.5.3\\out\\server\\src\\server.js:2384:1092)\n    at k6n (c:\\Users\\Gabriel\\.vscode\\extensions\\uqbar.wollok-lsp-ide-0.5.3\\out\\server\\src\\server.js:2384:1248)\n    at c:\\Users\\Gabriel\\.vscode\\extensions\\uqbar.wollok-lsp-ide-0.5.3\\out\\server\\src\\server.js:38:6131\n    at D2 (c:\\Users\\Gabriel\\.vscode\\extensions\\uqbar.wollok-lsp-ide-0.5.3\\out\\server\\src\\server.js:2384:42)\n    at c:\\Users\\Gabriel\\.vscode\\extensions\\uqbar.wollok-lsp-ide-0.5.3\\out\\server\\src\\server.js:2384:2988\n    at c:\\Users\\Gabriel\\.vscode\\extensions\\uqbar.wollok-lsp-ide-0.5.3\\out\\server\\src\\server.js:2393:8440","timestamp":"2025-10-07T19:16:19.089Z"}
{"level":"info","message":"âŒ› Building environment","timeElapsed":208,"timestamp":"2025-10-07T19:16:19.302Z"}
{"level":"info","message":"âŒ› Validating personaje.wlk","timeElapsed":313,"timestamp":"2025-10-07T19:16:19.616Z"}
{"level":"info","message":"âŒ› Building environment","timeElapsed":216,"timestamp":"2025-10-07T19:16:19.839Z"}
{"level":"info","message":"âŒ› Building environment","timeElapsed":514,"timestamp":"2025-10-07T19:16:20.392Z"}
{"level":"info","message":"âŒ› Validating personaje.wlk","timeElapsed":294,"timestamp":"2025-10-07T19:16:20.687Z"}
{"level":"info","message":"âŒ› Building environment","timeElapsed":291,"timestamp":"2025-10-07T19:16:21.000Z"}
{"level":"info","message":"âŒ› Building environment","timeElapsed":221,"timestamp":"2025-10-07T19:16:21.225Z"}
{"level":"info","message":"âŒ› Validating personaje.wlk","timeElapsed":328,"timestamp":"2025-10-07T19:16:21.554Z"}
{"level":"info","message":"âŒ› Building environment","timeElapsed":386,"timestamp":"2025-10-07T19:16:21.940Z"}
{"level":"info","message":"âŒ› Autocomplete - Body","timeElapsed":130,"timestamp":"2025-10-07T19:16:22.091Z"}
{"level":"info","message":"âŒ› Validating personaje.wlk","timeElapsed":454,"timestamp":"2025-10-07T19:16:22.605Z"}
{"level":"info","message":"âŒ› Validating personaje.wlk","timeElapsed":371,"timestamp":"2025-10-07T19:16:23.005Z"}
{"level":"info","message":"âŒ› Validating personaje.wlk","timeElapsed":291,"timestamp":"2025-10-07T19:16:23.298Z"}
{"level":"info","message":"âŒ› Building environment","timeElapsed":183,"timestamp":"2025-10-07T19:16:23.488Z"}
{"level":"info","message":"âŒ› Building environment","timeElapsed":219,"timestamp":"2025-10-07T19:16:23.728Z"}
{"level":"info","message":"âŒ› Building environment","timeElapsed":216,"timestamp":"2025-10-07T19:16:23.945Z"}
{"level":"info","message":"âŒ› Validating personaje.wlk","timeElapsed":393,"timestamp":"2025-10-07T19:16:24.347Z"}
{"level":"info","message":"âŒ› Validating personaje.wlk","timeElapsed":290,"timestamp":"2025-10-07T19:16:24.678Z"}
{"level":"info","message":"âŒ› Building environment","timeElapsed":243,"timestamp":"2025-10-07T19:16:24.921Z"}
{"level":"info","message":"âŒ› Validating personaje.wlk","timeElapsed":278,"timestamp":"2025-10-07T19:16:25.201Z"}
{"level":"info","message":"âŒ› Validating personaje.wlk","timeElapsed":257,"timestamp":"2025-10-07T19:16:25.486Z"}
{"level":"info","message":"âŒ› Validating personaje.wlk","timeElapsed":261,"timestamp":"2025-10-07T19:16:25.757Z"}
{"level":"info","message":"ðŸ§ª Test runner executed on c:\\Users\\Gabriel\\Desktop\\ProyectosWollok\\GIT\\2025c2s2-granja-villa-gabrielkakazu","result":{"errored":0,"failed":0,"ok":1},"testsFailed":[],"timeElapsed":1643,"timestamp":"2025-10-07T19:16:41.622Z"}
